2021-07-25 09:53:07.897 dev  INFO 40647 --- [restartedMain] com.zzu.demo.DemoApplication             : Starting DemoApplication using Java 1.8.0_302 on LIKANGSHUAIdeMacBook-Pro.local with PID 40647 (/Users/likangshuai/Documents/myproject/demo/target/classes started by likangshuai in /Users/likangshuai/Documents/myproject/demo)
2021-07-25 09:53:07.901 dev  INFO 40647 --- [restartedMain] com.zzu.demo.DemoApplication             : The following profiles are active: dev
2021-07-25 09:53:07.967 dev  INFO 40647 --- [restartedMain] .e.DevToolsPropertyDefaultsPostProcessor : Devtools property defaults active! Set 'spring.devtools.add-properties' to 'false' to disable
2021-07-25 09:53:07.967 dev  INFO 40647 --- [restartedMain] .e.DevToolsPropertyDefaultsPostProcessor : For additional web related logging consider setting the 'logging.level.web' property to 'DEBUG'
2021-07-25 09:53:08.456 dev  INFO 40647 --- [restartedMain] .s.d.r.c.RepositoryConfigurationDelegate : Multiple Spring Data modules found, entering strict repository configuration mode!
2021-07-25 09:53:08.457 dev  INFO 40647 --- [restartedMain] .s.d.r.c.RepositoryConfigurationDelegate : Bootstrapping Spring Data Redis repositories in DEFAULT mode.
2021-07-25 09:53:08.471 dev  INFO 40647 --- [restartedMain] .s.d.r.c.RepositoryConfigurationDelegate : Finished Spring Data repository scanning in 6 ms. Found 0 Redis repository interfaces.
2021-07-25 09:53:08.636 dev  INFO 40647 --- [restartedMain] trationDelegate$BeanPostProcessorChecker : Bean 'org.springframework.ws.config.annotation.DelegatingWsConfiguration' of type [org.springframework.ws.config.annotation.DelegatingWsConfiguration$$EnhancerBySpringCGLIB$$6618764f] is not eligible for getting processed by all BeanPostProcessors (for example: not eligible for auto-proxying)
2021-07-25 09:53:08.650 dev  INFO 40647 --- [restartedMain] .w.s.a.s.AnnotationActionEndpointMapping : Supporting [WS-Addressing August 2004, WS-Addressing 1.0]
2021-07-25 09:53:09.058 dev  INFO 40647 --- [restartedMain] o.s.b.w.embedded.tomcat.TomcatWebServer  : Tomcat initialized with port(s): 8989 (http)
2021-07-25 09:53:09.062 dev  INFO 40647 --- [restartedMain] o.a.coyote.http11.Http11NioProtocol      : Initializing ProtocolHandler ["http-nio-8989"]
2021-07-25 09:53:09.063 dev  INFO 40647 --- [restartedMain] o.apache.catalina.core.StandardService   : Starting service [Tomcat]
2021-07-25 09:53:09.063 dev  INFO 40647 --- [restartedMain] org.apache.catalina.core.StandardEngine  : Starting Servlet engine: [Apache Tomcat/9.0.50]
2021-07-25 09:53:09.097 dev  INFO 40647 --- [restartedMain] o.a.c.c.C.[Tomcat].[localhost].[/]       : Initializing Spring embedded WebApplicationContext
2021-07-25 09:53:09.097 dev  INFO 40647 --- [restartedMain] w.s.c.ServletWebServerApplicationContext : Root WebApplicationContext: initialization completed in 1130 ms
2021-07-25 09:53:30.331 dev  INFO 40647 --- [restartedMain] o.s.b.a.w.s.WelcomePageHandlerMapping    : Adding welcome page: ServletContext resource [/index.html]
2021-07-25 09:53:31.534 dev  INFO 40647 --- [restartedMain] o.s.b.d.a.OptionalLiveReloadServer       : LiveReload server is running on port 35729
2021-07-25 09:53:31.540 dev  INFO 40647 --- [restartedMain] o.s.b.a.e.web.EndpointLinksResolver      : Exposing 1 endpoint(s) beneath base path '/actuator'
2021-07-25 09:53:31.579 dev  INFO 40647 --- [restartedMain] o.a.coyote.http11.Http11NioProtocol      : Starting ProtocolHandler ["http-nio-8989"]
2021-07-25 09:53:31.594 dev  INFO 40647 --- [restartedMain] o.s.b.w.embedded.tomcat.TomcatWebServer  : Tomcat started on port(s): 8989 (http) with context path ''
2021-07-25 09:53:31.609 dev  INFO 40647 --- [restartedMain] com.zzu.demo.DemoApplication             : Started DemoApplication in 43.993 seconds (JVM running for 49.47)
2021-07-25 09:53:31.612 dev  INFO 40647 --- [restartedMain] com.zzu.demo.runner.LastRunner           :  __    ___   _      ___   _     ____ _____  ____ 
2021-07-25 09:53:31.612 dev  INFO 40647 --- [restartedMain] com.zzu.demo.runner.LastRunner           : / /`  / / \ | |\/| | |_) | |   | |_   | |  | |_  
2021-07-25 09:53:31.612 dev  INFO 40647 --- [restartedMain] com.zzu.demo.runner.LastRunner           : \_\_, \_\_/ |_|  | |_|   |_|__ |_|__  |_|  |_|__ 
2021-07-25 09:53:31.612 dev  INFO 40647 --- [restartedMain] com.zzu.demo.runner.LastRunner           :                                                       
2021-07-25 09:53:31.615 dev  INFO 40647 --- [restartedMain] com.zzu.demo.runner.LastRunner           : DEMO 启动完毕，时间：2021-07-25T09:53:31.615
2021-07-25 09:53:31.994 dev  INFO 40647 --- [RMI TCP Connection(11)-192.168.31.194] o.a.c.c.C.[Tomcat].[localhost].[/]       : Initializing Spring DispatcherServlet 'dispatcherServlet'
2021-07-25 09:53:31.995 dev  INFO 40647 --- [RMI TCP Connection(11)-192.168.31.194] o.s.web.servlet.DispatcherServlet        : Initializing Servlet 'dispatcherServlet'
2021-07-25 09:53:31.996 dev  INFO 40647 --- [RMI TCP Connection(11)-192.168.31.194] o.s.web.servlet.DispatcherServlet        : Completed initialization in 1 ms
2021-07-25 09:53:32.016 dev  INFO 40647 --- [RMI TCP Connection(10)-192.168.31.194] com.alibaba.druid.pool.DruidDataSource   : {dataSource-1} inited
