2020-12-10 08:38:51.601 dev  INFO 43420 --- [restartedMain] com.zzu.demo.DemoApplication             : Starting DemoApplication on likangshuai with PID 43420 (E:\demo\target\classes started by 14377 in E:\demo)
2020-12-10 08:38:51.664 dev  INFO 43420 --- [restartedMain] com.zzu.demo.DemoApplication             : The following profiles are active: dev
2020-12-10 08:38:51.909 dev  INFO 43420 --- [restartedMain] .e.DevToolsPropertyDefaultsPostProcessor : Devtools property defaults active! Set 'spring.devtools.add-properties' to 'false' to disable
2020-12-10 08:38:51.911 dev  INFO 43420 --- [restartedMain] .e.DevToolsPropertyDefaultsPostProcessor : For additional web related logging consider setting the 'logging.level.web' property to 'DEBUG'
2020-12-10 08:38:55.159 dev  INFO 43420 --- [restartedMain] trationDelegate$BeanPostProcessorChecker : Bean 'org.springframework.ws.config.annotation.DelegatingWsConfiguration' of type [org.springframework.ws.config.annotation.DelegatingWsConfiguration$$EnhancerBySpringCGLIB$$b16f4c26] is not eligible for getting processed by all BeanPostProcessors (for example: not eligible for auto-proxying)
2020-12-10 08:38:55.231 dev  INFO 43420 --- [restartedMain] .w.s.a.s.AnnotationActionEndpointMapping : Supporting [WS-Addressing August 2004, WS-Addressing 1.0]
2020-12-10 08:38:55.366 dev  INFO 43420 --- [restartedMain] trationDelegate$BeanPostProcessorChecker : Bean 'org.springframework.transaction.annotation.ProxyTransactionManagementConfiguration' of type [org.springframework.transaction.annotation.ProxyTransactionManagementConfiguration$$EnhancerBySpringCGLIB$$cd78727] is not eligible for getting processed by all BeanPostProcessors (for example: not eligible for auto-proxying)
2020-12-10 08:38:57.581 dev  INFO 43420 --- [restartedMain] o.s.b.w.embedded.tomcat.TomcatWebServer  : Tomcat initialized with port(s): 8989 (http)
2020-12-10 08:38:57.607 dev  INFO 43420 --- [restartedMain] o.a.coyote.http11.Http11NioProtocol      : Initializing ProtocolHandler ["http-nio-8989"]
2020-12-10 08:38:57.623 dev  INFO 43420 --- [restartedMain] o.apache.catalina.core.StandardService   : Starting service [Tomcat]
2020-12-10 08:38:57.624 dev  INFO 43420 --- [restartedMain] org.apache.catalina.core.StandardEngine  : Starting Servlet engine: [Apache Tomcat/9.0.21]
2020-12-10 08:38:57.636 dev  INFO 43420 --- [restartedMain] o.a.catalina.core.AprLifecycleListener   : Loaded APR based Apache Tomcat Native library [1.2.23] using APR version [1.7.0].
2020-12-10 08:38:57.636 dev  INFO 43420 --- [restartedMain] o.a.catalina.core.AprLifecycleListener   : APR capabilities: IPv6 [true], sendfile [true], accept filters [false], random [true].
2020-12-10 08:38:57.637 dev  INFO 43420 --- [restartedMain] o.a.catalina.core.AprLifecycleListener   : APR/OpenSSL configuration: useAprConnector [false], useOpenSSL [true]
2020-12-10 08:38:57.645 dev  INFO 43420 --- [restartedMain] o.a.catalina.core.AprLifecycleListener   : OpenSSL successfully initialized [OpenSSL 1.1.1c  28 May 2019]
2020-12-10 08:38:57.888 dev  INFO 43420 --- [restartedMain] o.a.c.c.C.[Tomcat].[localhost].[/]       : Initializing Spring embedded WebApplicationContext
2020-12-10 08:38:57.888 dev  INFO 43420 --- [restartedMain] o.s.web.context.ContextLoader            : Root WebApplicationContext: initialization completed in 5976 ms
2020-12-10 08:39:03.678 dev  INFO 43420 --- [restartedMain] o.s.s.concurrent.ThreadPoolTaskExecutor  : Initializing ExecutorService 'applicationTaskExecutor'
2020-12-10 08:39:04.065 dev  INFO 43420 --- [restartedMain] o.s.b.a.w.s.WelcomePageHandlerMapping    : Adding welcome page: ServletContext resource [/index.html]
2020-12-10 08:39:05.730 dev  INFO 43420 --- [restartedMain] o.s.b.d.a.OptionalLiveReloadServer       : LiveReload server is running on port 35729
2020-12-10 08:39:05.757 dev  INFO 43420 --- [restartedMain] o.s.b.a.e.web.EndpointLinksResolver      : Exposing 2 endpoint(s) beneath base path '/actuator'
2020-12-10 08:39:05.961 dev  INFO 43420 --- [restartedMain] o.a.coyote.http11.Http11NioProtocol      : Starting ProtocolHandler ["http-nio-8989"]
2020-12-10 08:39:06.004 dev  INFO 43420 --- [restartedMain] o.s.b.w.embedded.tomcat.TomcatWebServer  : Tomcat started on port(s): 8989 (http) with context path ''
2020-12-10 08:39:06.011 dev  INFO 43420 --- [restartedMain] com.zzu.demo.DemoApplication             : Started DemoApplication in 15.934 seconds (JVM running for 20.313)
2020-12-10 08:39:06.031 dev  INFO 43420 --- [restartedMain] com.zzu.demo.runner.LastRunner           :  __    ___   _      ___   _     ____ _____  ____ 
2020-12-10 08:39:06.032 dev  INFO 43420 --- [restartedMain] com.zzu.demo.runner.LastRunner           : / /`  / / \ | |\/| | |_) | |   | |_   | |  | |_  
2020-12-10 08:39:06.032 dev  INFO 43420 --- [restartedMain] com.zzu.demo.runner.LastRunner           : \_\_, \_\_/ |_|  | |_|   |_|__ |_|__  |_|  |_|__ 
2020-12-10 08:39:06.033 dev  INFO 43420 --- [restartedMain] com.zzu.demo.runner.LastRunner           :                                                       
2020-12-10 08:39:06.042 dev  INFO 43420 --- [restartedMain] com.zzu.demo.runner.LastRunner           : DEMO 启动完毕，时间：2020-12-10T08:39:06.042
2020-12-10 08:39:08.538 dev  INFO 43420 --- [RMI TCP Connection(3)-192.200.6.58] o.a.c.c.C.[Tomcat].[localhost].[/]       : Initializing Spring DispatcherServlet 'dispatcherServlet'
2020-12-10 08:39:08.539 dev  INFO 43420 --- [RMI TCP Connection(3)-192.200.6.58] o.s.web.servlet.DispatcherServlet        : Initializing Servlet 'dispatcherServlet'
2020-12-10 08:39:08.565 dev  INFO 43420 --- [RMI TCP Connection(2)-192.200.6.58] com.alibaba.druid.pool.DruidDataSource   : {dataSource-1} inited
2020-12-10 08:39:08.569 dev  INFO 43420 --- [RMI TCP Connection(3)-192.200.6.58] o.s.web.servlet.DispatcherServlet        : Completed initialization in 30 ms
2020-12-10 08:42:52.503 dev  INFO 43420 --- [Thread-33] o.s.s.concurrent.ThreadPoolTaskExecutor  : Shutting down ExecutorService 'applicationTaskExecutor'
2020-12-10 08:42:52.505 dev  INFO 43420 --- [Thread-33] com.alibaba.druid.pool.DruidDataSource   : {dataSource-1} closing ...
2020-12-10 08:42:52.510 dev  INFO 43420 --- [Thread-33] com.alibaba.druid.pool.DruidDataSource   : {dataSource-1} closed
2020-12-10 08:42:54.738 dev  INFO 43420 --- [restartedMain] com.zzu.demo.DemoApplication             : Starting DemoApplication on likangshuai with PID 43420 (E:\demo\target\classes started by 14377 in E:\demo)
2020-12-10 08:42:54.739 dev  INFO 43420 --- [restartedMain] com.zzu.demo.DemoApplication             : The following profiles are active: dev
2020-12-10 08:42:56.161 dev  INFO 43420 --- [restartedMain] trationDelegate$BeanPostProcessorChecker : Bean 'org.springframework.ws.config.annotation.DelegatingWsConfiguration' of type [org.springframework.ws.config.annotation.DelegatingWsConfiguration$$EnhancerBySpringCGLIB$$b16f4c26] is not eligible for getting processed by all BeanPostProcessors (for example: not eligible for auto-proxying)
2020-12-10 08:42:56.164 dev  INFO 43420 --- [restartedMain] .w.s.a.s.AnnotationActionEndpointMapping : Supporting [WS-Addressing August 2004, WS-Addressing 1.0]
2020-12-10 08:42:56.188 dev  INFO 43420 --- [restartedMain] trationDelegate$BeanPostProcessorChecker : Bean 'org.springframework.transaction.annotation.ProxyTransactionManagementConfiguration' of type [org.springframework.transaction.annotation.ProxyTransactionManagementConfiguration$$EnhancerBySpringCGLIB$$cd78727] is not eligible for getting processed by all BeanPostProcessors (for example: not eligible for auto-proxying)
2020-12-10 08:42:56.674 dev  INFO 43420 --- [restartedMain] o.s.b.w.embedded.tomcat.TomcatWebServer  : Tomcat initialized with port(s): 8989 (http)
2020-12-10 08:42:56.676 dev  INFO 43420 --- [restartedMain] o.a.coyote.http11.Http11NioProtocol      : Initializing ProtocolHandler ["http-nio-8989"]
2020-12-10 08:42:56.677 dev  INFO 43420 --- [restartedMain] o.apache.catalina.core.StandardService   : Starting service [Tomcat]
2020-12-10 08:42:56.678 dev  INFO 43420 --- [restartedMain] org.apache.catalina.core.StandardEngine  : Starting Servlet engine: [Apache Tomcat/9.0.21]
2020-12-10 08:42:56.679 dev  INFO 43420 --- [restartedMain] o.a.catalina.core.AprLifecycleListener   : Loaded APR based Apache Tomcat Native library [1.2.23] using APR version [1.7.0].
2020-12-10 08:42:56.679 dev  INFO 43420 --- [restartedMain] o.a.catalina.core.AprLifecycleListener   : APR capabilities: IPv6 [true], sendfile [true], accept filters [false], random [true].
2020-12-10 08:42:56.679 dev  INFO 43420 --- [restartedMain] o.a.catalina.core.AprLifecycleListener   : APR/OpenSSL configuration: useAprConnector [false], useOpenSSL [true]
2020-12-10 08:42:56.680 dev  INFO 43420 --- [restartedMain] o.a.catalina.core.AprLifecycleListener   : OpenSSL successfully initialized [OpenSSL 1.1.1c  28 May 2019]
2020-12-10 08:42:56.720 dev  INFO 43420 --- [restartedMain] o.a.c.c.C.[Tomcat].[localhost].[/]       : Initializing Spring embedded WebApplicationContext
2020-12-10 08:42:56.721 dev  INFO 43420 --- [restartedMain] o.s.web.context.ContextLoader            : Root WebApplicationContext: initialization completed in 1976 ms
2020-12-10 08:43:00.970 dev  INFO 43420 --- [restartedMain] o.s.s.concurrent.ThreadPoolTaskExecutor  : Initializing ExecutorService 'applicationTaskExecutor'
2020-12-10 08:43:01.191 dev  INFO 43420 --- [restartedMain] o.s.b.a.w.s.WelcomePageHandlerMapping    : Adding welcome page: ServletContext resource [/index.html]
2020-12-10 08:43:02.388 dev  INFO 43420 --- [restartedMain] o.s.b.d.a.OptionalLiveReloadServer       : LiveReload server is running on port 35729
2020-12-10 08:43:02.409 dev  INFO 43420 --- [restartedMain] o.s.b.a.e.web.EndpointLinksResolver      : Exposing 2 endpoint(s) beneath base path '/actuator'
2020-12-10 08:43:02.535 dev  INFO 43420 --- [restartedMain] o.a.coyote.http11.Http11NioProtocol      : Starting ProtocolHandler ["http-nio-8989"]
2020-12-10 08:43:02.541 dev  INFO 43420 --- [restartedMain] o.s.b.w.embedded.tomcat.TomcatWebServer  : Tomcat started on port(s): 8989 (http) with context path ''
2020-12-10 08:43:02.541 dev  INFO 43420 --- [restartedMain] com.zzu.demo.DemoApplication             : Started DemoApplication in 7.944 seconds (JVM running for 256.844)
2020-12-10 08:43:02.544 dev  INFO 43420 --- [restartedMain] com.zzu.demo.runner.LastRunner           :  __    ___   _      ___   _     ____ _____  ____ 
2020-12-10 08:43:02.545 dev  INFO 43420 --- [restartedMain] com.zzu.demo.runner.LastRunner           : / /`  / / \ | |\/| | |_) | |   | |_   | |  | |_  
2020-12-10 08:43:02.545 dev  INFO 43420 --- [restartedMain] com.zzu.demo.runner.LastRunner           : \_\_, \_\_/ |_|  | |_|   |_|__ |_|__  |_|  |_|__ 
2020-12-10 08:43:02.545 dev  INFO 43420 --- [restartedMain] com.zzu.demo.runner.LastRunner           :                                                       
2020-12-10 08:43:02.545 dev  INFO 43420 --- [restartedMain] com.zzu.demo.runner.LastRunner           : DEMO 启动完毕，时间：2020-12-10T08:43:02.545
2020-12-10 08:43:02.548 dev  INFO 43420 --- [restartedMain] .ConditionEvaluationDeltaLoggingListener : Condition evaluation unchanged
2020-12-10 08:43:44.570 dev  INFO 43420 --- [Thread-51] o.s.s.concurrent.ThreadPoolTaskExecutor  : Shutting down ExecutorService 'applicationTaskExecutor'
2020-12-10 08:43:44.572 dev  INFO 43420 --- [Thread-51] com.alibaba.druid.pool.DruidDataSource   : {dataSource-0} closing ...
2020-12-10 08:43:59.578 dev  INFO 39284 --- [restartedMain] com.zzu.demo.DemoApplication             : Starting DemoApplication on likangshuai with PID 39284 (E:\demo\target\classes started by 14377 in E:\demo)
2020-12-10 08:43:59.580 dev  INFO 39284 --- [restartedMain] com.zzu.demo.DemoApplication             : The following profiles are active: dev
2020-12-10 08:43:59.723 dev  INFO 39284 --- [restartedMain] .e.DevToolsPropertyDefaultsPostProcessor : Devtools property defaults active! Set 'spring.devtools.add-properties' to 'false' to disable
2020-12-10 08:43:59.724 dev  INFO 39284 --- [restartedMain] .e.DevToolsPropertyDefaultsPostProcessor : For additional web related logging consider setting the 'logging.level.web' property to 'DEBUG'
2020-12-10 08:44:03.308 dev  INFO 39284 --- [restartedMain] trationDelegate$BeanPostProcessorChecker : Bean 'org.springframework.ws.config.annotation.DelegatingWsConfiguration' of type [org.springframework.ws.config.annotation.DelegatingWsConfiguration$$EnhancerBySpringCGLIB$$e1c24484] is not eligible for getting processed by all BeanPostProcessors (for example: not eligible for auto-proxying)
2020-12-10 08:44:03.367 dev  INFO 39284 --- [restartedMain] .w.s.a.s.AnnotationActionEndpointMapping : Supporting [WS-Addressing August 2004, WS-Addressing 1.0]
2020-12-10 08:44:03.494 dev  INFO 39284 --- [restartedMain] trationDelegate$BeanPostProcessorChecker : Bean 'org.springframework.transaction.annotation.ProxyTransactionManagementConfiguration' of type [org.springframework.transaction.annotation.ProxyTransactionManagementConfiguration$$EnhancerBySpringCGLIB$$3d2a7f85] is not eligible for getting processed by all BeanPostProcessors (for example: not eligible for auto-proxying)
2020-12-10 08:44:04.902 dev  INFO 39284 --- [restartedMain] o.s.b.w.embedded.tomcat.TomcatWebServer  : Tomcat initialized with port(s): 8989 (http)
2020-12-10 08:44:04.924 dev  INFO 39284 --- [restartedMain] o.a.coyote.http11.Http11NioProtocol      : Initializing ProtocolHandler ["http-nio-8989"]
2020-12-10 08:44:04.939 dev  INFO 39284 --- [restartedMain] o.apache.catalina.core.StandardService   : Starting service [Tomcat]
2020-12-10 08:44:04.939 dev  INFO 39284 --- [restartedMain] org.apache.catalina.core.StandardEngine  : Starting Servlet engine: [Apache Tomcat/9.0.21]
2020-12-10 08:44:04.948 dev  INFO 39284 --- [restartedMain] o.a.catalina.core.AprLifecycleListener   : Loaded APR based Apache Tomcat Native library [1.2.23] using APR version [1.7.0].
2020-12-10 08:44:04.949 dev  INFO 39284 --- [restartedMain] o.a.catalina.core.AprLifecycleListener   : APR capabilities: IPv6 [true], sendfile [true], accept filters [false], random [true].
2020-12-10 08:44:04.949 dev  INFO 39284 --- [restartedMain] o.a.catalina.core.AprLifecycleListener   : APR/OpenSSL configuration: useAprConnector [false], useOpenSSL [true]
2020-12-10 08:44:04.955 dev  INFO 39284 --- [restartedMain] o.a.catalina.core.AprLifecycleListener   : OpenSSL successfully initialized [OpenSSL 1.1.1c  28 May 2019]
2020-12-10 08:44:05.122 dev  INFO 39284 --- [restartedMain] o.a.c.c.C.[Tomcat].[localhost].[/]       : Initializing Spring embedded WebApplicationContext
2020-12-10 08:44:05.123 dev  INFO 39284 --- [restartedMain] o.s.web.context.ContextLoader            : Root WebApplicationContext: initialization completed in 5398 ms
2020-12-10 08:44:10.883 dev  INFO 39284 --- [restartedMain] o.s.s.concurrent.ThreadPoolTaskExecutor  : Initializing ExecutorService 'applicationTaskExecutor'
2020-12-10 08:44:11.403 dev  INFO 39284 --- [restartedMain] o.s.b.a.w.s.WelcomePageHandlerMapping    : Adding welcome page: ServletContext resource [/index.html]
2020-12-10 08:44:13.451 dev  INFO 39284 --- [restartedMain] o.s.b.d.a.OptionalLiveReloadServer       : LiveReload server is running on port 35729
2020-12-10 08:44:13.476 dev  INFO 39284 --- [restartedMain] o.s.b.a.e.web.EndpointLinksResolver      : Exposing 2 endpoint(s) beneath base path '/actuator'
2020-12-10 08:44:13.661 dev  INFO 39284 --- [restartedMain] o.a.coyote.http11.Http11NioProtocol      : Starting ProtocolHandler ["http-nio-8989"]
2020-12-10 08:44:13.695 dev  INFO 39284 --- [restartedMain] o.s.b.w.embedded.tomcat.TomcatWebServer  : Tomcat started on port(s): 8989 (http) with context path ''
2020-12-10 08:44:13.699 dev  INFO 39284 --- [restartedMain] com.zzu.demo.DemoApplication             : Started DemoApplication in 15.403 seconds (JVM running for 18.444)
2020-12-10 08:44:13.715 dev  INFO 39284 --- [restartedMain] com.zzu.demo.runner.LastRunner           :  __    ___   _      ___   _     ____ _____  ____ 
2020-12-10 08:44:13.715 dev  INFO 39284 --- [restartedMain] com.zzu.demo.runner.LastRunner           : / /`  / / \ | |\/| | |_) | |   | |_   | |  | |_  
2020-12-10 08:44:13.716 dev  INFO 39284 --- [restartedMain] com.zzu.demo.runner.LastRunner           : \_\_, \_\_/ |_|  | |_|   |_|__ |_|__  |_|  |_|__ 
2020-12-10 08:44:13.716 dev  INFO 39284 --- [restartedMain] com.zzu.demo.runner.LastRunner           :                                                       
2020-12-10 08:44:13.723 dev  INFO 39284 --- [restartedMain] com.zzu.demo.runner.LastRunner           : DEMO 启动完毕，时间：2020-12-10T08:44:13.723
2020-12-10 08:44:16.421 dev  INFO 39284 --- [RMI TCP Connection(5)-192.200.6.58] o.a.c.c.C.[Tomcat].[localhost].[/]       : Initializing Spring DispatcherServlet 'dispatcherServlet'
2020-12-10 08:44:16.422 dev  INFO 39284 --- [RMI TCP Connection(5)-192.200.6.58] o.s.web.servlet.DispatcherServlet        : Initializing Servlet 'dispatcherServlet'
2020-12-10 08:44:16.452 dev  INFO 39284 --- [RMI TCP Connection(4)-192.200.6.58] com.alibaba.druid.pool.DruidDataSource   : {dataSource-1} inited
2020-12-10 08:44:16.464 dev  INFO 39284 --- [RMI TCP Connection(5)-192.200.6.58] o.s.web.servlet.DispatcherServlet        : Completed initialization in 42 ms
2020-12-10 08:44:47.711 dev  INFO 39284 --- [Thread-31] o.s.s.concurrent.ThreadPoolTaskExecutor  : Shutting down ExecutorService 'applicationTaskExecutor'
2020-12-10 08:44:47.712 dev  INFO 39284 --- [Thread-31] com.alibaba.druid.pool.DruidDataSource   : {dataSource-1} closing ...
2020-12-10 08:44:47.716 dev  INFO 39284 --- [Thread-31] com.alibaba.druid.pool.DruidDataSource   : {dataSource-1} closed
2020-12-10 08:44:57.223 dev  INFO 39400 --- [restartedMain] com.zzu.demo.DemoApplication             : Starting DemoApplication on likangshuai with PID 39400 (E:\demo\target\classes started by 14377 in E:\demo)
2020-12-10 08:44:57.225 dev  INFO 39400 --- [restartedMain] com.zzu.demo.DemoApplication             : The following profiles are active: dev
2020-12-10 08:44:57.369 dev  INFO 39400 --- [restartedMain] .e.DevToolsPropertyDefaultsPostProcessor : Devtools property defaults active! Set 'spring.devtools.add-properties' to 'false' to disable
2020-12-10 08:44:57.370 dev  INFO 39400 --- [restartedMain] .e.DevToolsPropertyDefaultsPostProcessor : For additional web related logging consider setting the 'logging.level.web' property to 'DEBUG'
2020-12-10 08:45:00.983 dev  INFO 39400 --- [restartedMain] trationDelegate$BeanPostProcessorChecker : Bean 'org.springframework.ws.config.annotation.DelegatingWsConfiguration' of type [org.springframework.ws.config.annotation.DelegatingWsConfiguration$$EnhancerBySpringCGLIB$$df75bb47] is not eligible for getting processed by all BeanPostProcessors (for example: not eligible for auto-proxying)
2020-12-10 08:45:01.067 dev  INFO 39400 --- [restartedMain] .w.s.a.s.AnnotationActionEndpointMapping : Supporting [WS-Addressing August 2004, WS-Addressing 1.0]
2020-12-10 08:45:01.213 dev  INFO 39400 --- [restartedMain] trationDelegate$BeanPostProcessorChecker : Bean 'org.springframework.transaction.annotation.ProxyTransactionManagementConfiguration' of type [org.springframework.transaction.annotation.ProxyTransactionManagementConfiguration$$EnhancerBySpringCGLIB$$3addf648] is not eligible for getting processed by all BeanPostProcessors (for example: not eligible for auto-proxying)
2020-12-10 08:45:02.518 dev  INFO 39400 --- [restartedMain] o.s.b.w.embedded.tomcat.TomcatWebServer  : Tomcat initialized with port(s): 8989 (http)
2020-12-10 08:45:02.539 dev  INFO 39400 --- [restartedMain] o.a.coyote.http11.Http11NioProtocol      : Initializing ProtocolHandler ["http-nio-8989"]
2020-12-10 08:45:02.550 dev  INFO 39400 --- [restartedMain] o.apache.catalina.core.StandardService   : Starting service [Tomcat]
2020-12-10 08:45:02.551 dev  INFO 39400 --- [restartedMain] org.apache.catalina.core.StandardEngine  : Starting Servlet engine: [Apache Tomcat/9.0.21]
2020-12-10 08:45:02.559 dev  INFO 39400 --- [restartedMain] o.a.catalina.core.AprLifecycleListener   : Loaded APR based Apache Tomcat Native library [1.2.23] using APR version [1.7.0].
2020-12-10 08:45:02.560 dev  INFO 39400 --- [restartedMain] o.a.catalina.core.AprLifecycleListener   : APR capabilities: IPv6 [true], sendfile [true], accept filters [false], random [true].
2020-12-10 08:45:02.560 dev  INFO 39400 --- [restartedMain] o.a.catalina.core.AprLifecycleListener   : APR/OpenSSL configuration: useAprConnector [false], useOpenSSL [true]
2020-12-10 08:45:02.565 dev  INFO 39400 --- [restartedMain] o.a.catalina.core.AprLifecycleListener   : OpenSSL successfully initialized [OpenSSL 1.1.1c  28 May 2019]
2020-12-10 08:45:02.731 dev  INFO 39400 --- [restartedMain] o.a.c.c.C.[Tomcat].[localhost].[/]       : Initializing Spring embedded WebApplicationContext
2020-12-10 08:45:02.732 dev  INFO 39400 --- [restartedMain] o.s.web.context.ContextLoader            : Root WebApplicationContext: initialization completed in 5362 ms
2020-12-10 08:45:08.138 dev  INFO 39400 --- [restartedMain] o.s.s.concurrent.ThreadPoolTaskExecutor  : Initializing ExecutorService 'applicationTaskExecutor'
2020-12-10 08:45:08.536 dev  INFO 39400 --- [restartedMain] o.s.b.a.w.s.WelcomePageHandlerMapping    : Adding welcome page: ServletContext resource [/index.html]
2020-12-10 08:45:10.280 dev  INFO 39400 --- [restartedMain] o.s.b.d.a.OptionalLiveReloadServer       : LiveReload server is running on port 35729
2020-12-10 08:45:10.319 dev  INFO 39400 --- [restartedMain] o.s.b.a.e.web.EndpointLinksResolver      : Exposing 2 endpoint(s) beneath base path '/actuator'
2020-12-10 08:45:10.494 dev  INFO 39400 --- [restartedMain] o.a.coyote.http11.Http11NioProtocol      : Starting ProtocolHandler ["http-nio-8989"]
2020-12-10 08:45:10.542 dev  INFO 39400 --- [restartedMain] o.s.b.w.embedded.tomcat.TomcatWebServer  : Tomcat started on port(s): 8989 (http) with context path ''
2020-12-10 08:45:10.548 dev  INFO 39400 --- [restartedMain] com.zzu.demo.DemoApplication             : Started DemoApplication in 14.388 seconds (JVM running for 17.34)
2020-12-10 08:45:10.564 dev  INFO 39400 --- [restartedMain] com.zzu.demo.runner.LastRunner           :  __    ___   _      ___   _     ____ _____  ____ 
2020-12-10 08:45:10.565 dev  INFO 39400 --- [restartedMain] com.zzu.demo.runner.LastRunner           : / /`  / / \ | |\/| | |_) | |   | |_   | |  | |_  
2020-12-10 08:45:10.565 dev  INFO 39400 --- [restartedMain] com.zzu.demo.runner.LastRunner           : \_\_, \_\_/ |_|  | |_|   |_|__ |_|__  |_|  |_|__ 
2020-12-10 08:45:10.565 dev  INFO 39400 --- [restartedMain] com.zzu.demo.runner.LastRunner           :                                                       
2020-12-10 08:45:10.573 dev  INFO 39400 --- [restartedMain] com.zzu.demo.runner.LastRunner           : DEMO 启动完毕，时间：2020-12-10T08:45:10.572
2020-12-10 08:45:12.057 dev  INFO 39400 --- [RMI TCP Connection(2)-192.200.6.58] o.a.c.c.C.[Tomcat].[localhost].[/]       : Initializing Spring DispatcherServlet 'dispatcherServlet'
2020-12-10 08:45:12.058 dev  INFO 39400 --- [RMI TCP Connection(2)-192.200.6.58] o.s.web.servlet.DispatcherServlet        : Initializing Servlet 'dispatcherServlet'
2020-12-10 08:45:12.099 dev  INFO 39400 --- [RMI TCP Connection(1)-192.200.6.58] com.alibaba.druid.pool.DruidDataSource   : {dataSource-1} inited
2020-12-10 08:45:12.105 dev  INFO 39400 --- [RMI TCP Connection(2)-192.200.6.58] o.s.web.servlet.DispatcherServlet        : Completed initialization in 47 ms
2020-12-10 08:45:21.803 dev  INFO 39400 --- [Thread-35] o.s.s.concurrent.ThreadPoolTaskExecutor  : Shutting down ExecutorService 'applicationTaskExecutor'
2020-12-10 08:45:21.804 dev  INFO 39400 --- [Thread-35] com.alibaba.druid.pool.DruidDataSource   : {dataSource-1} closing ...
2020-12-10 08:45:21.808 dev  INFO 39400 --- [Thread-35] com.alibaba.druid.pool.DruidDataSource   : {dataSource-1} closed
2020-12-10 08:45:32.668 dev  INFO 39132 --- [restartedMain] com.zzu.demo.DemoApplication             : Starting DemoApplication on likangshuai with PID 39132 (E:\demo\target\classes started by 14377 in E:\demo)
2020-12-10 08:45:32.670 dev  INFO 39132 --- [restartedMain] com.zzu.demo.DemoApplication             : The following profiles are active: dev
2020-12-10 08:45:32.829 dev  INFO 39132 --- [restartedMain] .e.DevToolsPropertyDefaultsPostProcessor : Devtools property defaults active! Set 'spring.devtools.add-properties' to 'false' to disable
2020-12-10 08:45:32.830 dev  INFO 39132 --- [restartedMain] .e.DevToolsPropertyDefaultsPostProcessor : For additional web related logging consider setting the 'logging.level.web' property to 'DEBUG'
2020-12-10 08:45:36.737 dev  INFO 39132 --- [restartedMain] trationDelegate$BeanPostProcessorChecker : Bean 'org.springframework.ws.config.annotation.DelegatingWsConfiguration' of type [org.springframework.ws.config.annotation.DelegatingWsConfiguration$$EnhancerBySpringCGLIB$$a4a33ab9] is not eligible for getting processed by all BeanPostProcessors (for example: not eligible for auto-proxying)
2020-12-10 08:45:36.807 dev  INFO 39132 --- [restartedMain] .w.s.a.s.AnnotationActionEndpointMapping : Supporting [WS-Addressing August 2004, WS-Addressing 1.0]
2020-12-10 08:45:36.993 dev  INFO 39132 --- [restartedMain] trationDelegate$BeanPostProcessorChecker : Bean 'org.springframework.transaction.annotation.ProxyTransactionManagementConfiguration' of type [org.springframework.transaction.annotation.ProxyTransactionManagementConfiguration$$EnhancerBySpringCGLIB$$b75ba] is not eligible for getting processed by all BeanPostProcessors (for example: not eligible for auto-proxying)
2020-12-10 08:45:38.425 dev  INFO 39132 --- [restartedMain] o.s.b.w.embedded.tomcat.TomcatWebServer  : Tomcat initialized with port(s): 8989 (http)
2020-12-10 08:45:38.442 dev  INFO 39132 --- [restartedMain] o.a.coyote.http11.Http11NioProtocol      : Initializing ProtocolHandler ["http-nio-8989"]
2020-12-10 08:45:38.451 dev  INFO 39132 --- [restartedMain] o.apache.catalina.core.StandardService   : Starting service [Tomcat]
2020-12-10 08:45:38.451 dev  INFO 39132 --- [restartedMain] org.apache.catalina.core.StandardEngine  : Starting Servlet engine: [Apache Tomcat/9.0.21]
2020-12-10 08:45:38.462 dev  INFO 39132 --- [restartedMain] o.a.catalina.core.AprLifecycleListener   : Loaded APR based Apache Tomcat Native library [1.2.23] using APR version [1.7.0].
2020-12-10 08:45:38.462 dev  INFO 39132 --- [restartedMain] o.a.catalina.core.AprLifecycleListener   : APR capabilities: IPv6 [true], sendfile [true], accept filters [false], random [true].
2020-12-10 08:45:38.463 dev  INFO 39132 --- [restartedMain] o.a.catalina.core.AprLifecycleListener   : APR/OpenSSL configuration: useAprConnector [false], useOpenSSL [true]
2020-12-10 08:45:38.468 dev  INFO 39132 --- [restartedMain] o.a.catalina.core.AprLifecycleListener   : OpenSSL successfully initialized [OpenSSL 1.1.1c  28 May 2019]
2020-12-10 08:45:38.637 dev  INFO 39132 --- [restartedMain] o.a.c.c.C.[Tomcat].[localhost].[/]       : Initializing Spring embedded WebApplicationContext
2020-12-10 08:45:38.638 dev  INFO 39132 --- [restartedMain] o.s.web.context.ContextLoader            : Root WebApplicationContext: initialization completed in 5807 ms
2020-12-10 08:45:43.769 dev  INFO 39132 --- [restartedMain] o.s.s.concurrent.ThreadPoolTaskExecutor  : Initializing ExecutorService 'applicationTaskExecutor'
2020-12-10 08:45:44.145 dev  INFO 39132 --- [restartedMain] o.s.b.a.w.s.WelcomePageHandlerMapping    : Adding welcome page: ServletContext resource [/index.html]
2020-12-10 08:45:45.808 dev  INFO 39132 --- [restartedMain] o.s.b.d.a.OptionalLiveReloadServer       : LiveReload server is running on port 35729
2020-12-10 08:45:45.842 dev  INFO 39132 --- [restartedMain] o.s.b.a.e.web.EndpointLinksResolver      : Exposing 2 endpoint(s) beneath base path '/actuator'
2020-12-10 08:45:46.043 dev  INFO 39132 --- [restartedMain] o.a.coyote.http11.Http11NioProtocol      : Starting ProtocolHandler ["http-nio-8989"]
2020-12-10 08:45:46.114 dev  INFO 39132 --- [restartedMain] o.s.b.w.embedded.tomcat.TomcatWebServer  : Tomcat started on port(s): 8989 (http) with context path ''
2020-12-10 08:45:46.121 dev  INFO 39132 --- [restartedMain] com.zzu.demo.DemoApplication             : Started DemoApplication in 14.625 seconds (JVM running for 17.83)
2020-12-10 08:45:46.144 dev  INFO 39132 --- [restartedMain] com.zzu.demo.runner.LastRunner           :  __    ___   _      ___   _     ____ _____  ____ 
2020-12-10 08:45:46.145 dev  INFO 39132 --- [restartedMain] com.zzu.demo.runner.LastRunner           : / /`  / / \ | |\/| | |_) | |   | |_   | |  | |_  
2020-12-10 08:45:46.145 dev  INFO 39132 --- [restartedMain] com.zzu.demo.runner.LastRunner           : \_\_, \_\_/ |_|  | |_|   |_|__ |_|__  |_|  |_|__ 
2020-12-10 08:45:46.145 dev  INFO 39132 --- [restartedMain] com.zzu.demo.runner.LastRunner           :                                                       
2020-12-10 08:45:46.156 dev  INFO 39132 --- [restartedMain] com.zzu.demo.runner.LastRunner           : DEMO 启动完毕，时间：2020-12-10T08:45:46.156
2020-12-10 08:45:49.627 dev  INFO 39132 --- [RMI TCP Connection(2)-192.200.6.58] o.a.c.c.C.[Tomcat].[localhost].[/]       : Initializing Spring DispatcherServlet 'dispatcherServlet'
2020-12-10 08:45:49.629 dev  INFO 39132 --- [RMI TCP Connection(2)-192.200.6.58] o.s.web.servlet.DispatcherServlet        : Initializing Servlet 'dispatcherServlet'
2020-12-10 08:45:49.667 dev  INFO 39132 --- [RMI TCP Connection(3)-192.200.6.58] com.alibaba.druid.pool.DruidDataSource   : {dataSource-1} inited
2020-12-10 08:45:49.682 dev  INFO 39132 --- [RMI TCP Connection(2)-192.200.6.58] o.s.web.servlet.DispatcherServlet        : Completed initialization in 53 ms
2020-12-10 08:46:55.717 dev  INFO 39132 --- [Thread-35] o.s.s.concurrent.ThreadPoolTaskExecutor  : Shutting down ExecutorService 'applicationTaskExecutor'
2020-12-10 08:46:55.719 dev  INFO 39132 --- [Thread-35] com.alibaba.druid.pool.DruidDataSource   : {dataSource-1} closing ...
2020-12-10 08:46:55.722 dev  INFO 39132 --- [Thread-35] com.alibaba.druid.pool.DruidDataSource   : {dataSource-1} closed
2020-12-10 08:47:07.799 dev  INFO 43204 --- [restartedMain] com.zzu.demo.DemoApplication             : Starting DemoApplication on likangshuai with PID 43204 (E:\demo\target\classes started by 14377 in E:\demo)
2020-12-10 08:47:07.801 dev  INFO 43204 --- [restartedMain] com.zzu.demo.DemoApplication             : The following profiles are active: dev
2020-12-10 08:47:07.960 dev  INFO 43204 --- [restartedMain] .e.DevToolsPropertyDefaultsPostProcessor : Devtools property defaults active! Set 'spring.devtools.add-properties' to 'false' to disable
2020-12-10 08:47:07.961 dev  INFO 43204 --- [restartedMain] .e.DevToolsPropertyDefaultsPostProcessor : For additional web related logging consider setting the 'logging.level.web' property to 'DEBUG'
2020-12-10 08:47:10.898 dev  INFO 43204 --- [restartedMain] trationDelegate$BeanPostProcessorChecker : Bean 'org.springframework.ws.config.annotation.DelegatingWsConfiguration' of type [org.springframework.ws.config.annotation.DelegatingWsConfiguration$$EnhancerBySpringCGLIB$$38907ef] is not eligible for getting processed by all BeanPostProcessors (for example: not eligible for auto-proxying)
2020-12-10 08:47:10.932 dev  INFO 43204 --- [restartedMain] .w.s.a.s.AnnotationActionEndpointMapping : Supporting [WS-Addressing August 2004, WS-Addressing 1.0]
2020-12-10 08:47:11.029 dev  INFO 43204 --- [restartedMain] trationDelegate$BeanPostProcessorChecker : Bean 'org.springframework.transaction.annotation.ProxyTransactionManagementConfiguration' of type [org.springframework.transaction.annotation.ProxyTransactionManagementConfiguration$$EnhancerBySpringCGLIB$$5ef142f0] is not eligible for getting processed by all BeanPostProcessors (for example: not eligible for auto-proxying)
2020-12-10 08:47:12.124 dev  INFO 43204 --- [restartedMain] o.s.b.w.embedded.tomcat.TomcatWebServer  : Tomcat initialized with port(s): 8989 (http)
2020-12-10 08:47:12.145 dev  INFO 43204 --- [restartedMain] o.a.coyote.http11.Http11NioProtocol      : Initializing ProtocolHandler ["http-nio-8989"]
2020-12-10 08:47:12.157 dev  INFO 43204 --- [restartedMain] o.apache.catalina.core.StandardService   : Starting service [Tomcat]
2020-12-10 08:47:12.158 dev  INFO 43204 --- [restartedMain] org.apache.catalina.core.StandardEngine  : Starting Servlet engine: [Apache Tomcat/9.0.21]
2020-12-10 08:47:12.172 dev  INFO 43204 --- [restartedMain] o.a.catalina.core.AprLifecycleListener   : Loaded APR based Apache Tomcat Native library [1.2.23] using APR version [1.7.0].
2020-12-10 08:47:12.172 dev  INFO 43204 --- [restartedMain] o.a.catalina.core.AprLifecycleListener   : APR capabilities: IPv6 [true], sendfile [true], accept filters [false], random [true].
2020-12-10 08:47:12.172 dev  INFO 43204 --- [restartedMain] o.a.catalina.core.AprLifecycleListener   : APR/OpenSSL configuration: useAprConnector [false], useOpenSSL [true]
2020-12-10 08:47:12.177 dev  INFO 43204 --- [restartedMain] o.a.catalina.core.AprLifecycleListener   : OpenSSL successfully initialized [OpenSSL 1.1.1c  28 May 2019]
2020-12-10 08:47:12.353 dev  INFO 43204 --- [restartedMain] o.a.c.c.C.[Tomcat].[localhost].[/]       : Initializing Spring embedded WebApplicationContext
2020-12-10 08:47:12.353 dev  INFO 43204 --- [restartedMain] o.s.web.context.ContextLoader            : Root WebApplicationContext: initialization completed in 4392 ms
2020-12-10 08:47:17.460 dev  INFO 43204 --- [restartedMain] o.s.s.concurrent.ThreadPoolTaskExecutor  : Initializing ExecutorService 'applicationTaskExecutor'
2020-12-10 08:47:17.822 dev  INFO 43204 --- [restartedMain] o.s.b.a.w.s.WelcomePageHandlerMapping    : Adding welcome page: ServletContext resource [/index.html]
2020-12-10 08:47:19.355 dev  INFO 43204 --- [restartedMain] o.s.b.d.a.OptionalLiveReloadServer       : LiveReload server is running on port 35729
2020-12-10 08:47:19.380 dev  INFO 43204 --- [restartedMain] o.s.b.a.e.web.EndpointLinksResolver      : Exposing 2 endpoint(s) beneath base path '/actuator'
2020-12-10 08:47:19.574 dev  INFO 43204 --- [restartedMain] o.a.coyote.http11.Http11NioProtocol      : Starting ProtocolHandler ["http-nio-8989"]
2020-12-10 08:47:19.613 dev  INFO 43204 --- [restartedMain] o.s.b.w.embedded.tomcat.TomcatWebServer  : Tomcat started on port(s): 8989 (http) with context path ''
2020-12-10 08:47:19.617 dev  INFO 43204 --- [restartedMain] com.zzu.demo.DemoApplication             : Started DemoApplication in 13.478 seconds (JVM running for 16.97)
2020-12-10 08:47:19.632 dev  INFO 43204 --- [restartedMain] com.zzu.demo.runner.LastRunner           :  __    ___   _      ___   _     ____ _____  ____ 
2020-12-10 08:47:19.632 dev  INFO 43204 --- [restartedMain] com.zzu.demo.runner.LastRunner           : / /`  / / \ | |\/| | |_) | |   | |_   | |  | |_  
2020-12-10 08:47:19.632 dev  INFO 43204 --- [restartedMain] com.zzu.demo.runner.LastRunner           : \_\_, \_\_/ |_|  | |_|   |_|__ |_|__  |_|  |_|__ 
2020-12-10 08:47:19.632 dev  INFO 43204 --- [restartedMain] com.zzu.demo.runner.LastRunner           :                                                       
2020-12-10 08:47:19.639 dev  INFO 43204 --- [restartedMain] com.zzu.demo.runner.LastRunner           : DEMO 启动完毕，时间：2020-12-10T08:47:19.639
2020-12-10 08:47:20.773 dev  INFO 43204 --- [RMI TCP Connection(1)-192.200.6.58] o.a.c.c.C.[Tomcat].[localhost].[/]       : Initializing Spring DispatcherServlet 'dispatcherServlet'
2020-12-10 08:47:20.773 dev  INFO 43204 --- [RMI TCP Connection(1)-192.200.6.58] o.s.web.servlet.DispatcherServlet        : Initializing Servlet 'dispatcherServlet'
2020-12-10 08:47:20.793 dev  INFO 43204 --- [RMI TCP Connection(2)-192.200.6.58] com.alibaba.druid.pool.DruidDataSource   : {dataSource-1} inited
2020-12-10 08:47:20.801 dev  INFO 43204 --- [RMI TCP Connection(1)-192.200.6.58] o.s.web.servlet.DispatcherServlet        : Completed initialization in 27 ms
2020-12-10 08:48:18.194 dev  INFO 43204 --- [Thread-31] o.s.s.concurrent.ThreadPoolTaskExecutor  : Shutting down ExecutorService 'applicationTaskExecutor'
2020-12-10 08:48:18.195 dev  INFO 43204 --- [Thread-31] com.alibaba.druid.pool.DruidDataSource   : {dataSource-1} closing ...
2020-12-10 08:48:18.198 dev  INFO 43204 --- [Thread-31] com.alibaba.druid.pool.DruidDataSource   : {dataSource-1} closed
2020-12-10 08:48:28.065 dev  INFO 39524 --- [restartedMain] com.zzu.demo.DemoApplication             : Starting DemoApplication on likangshuai with PID 39524 (E:\demo\target\classes started by 14377 in E:\demo)
2020-12-10 08:48:28.066 dev  INFO 39524 --- [restartedMain] com.zzu.demo.DemoApplication             : The following profiles are active: dev
2020-12-10 08:48:28.205 dev  INFO 39524 --- [restartedMain] .e.DevToolsPropertyDefaultsPostProcessor : Devtools property defaults active! Set 'spring.devtools.add-properties' to 'false' to disable
2020-12-10 08:48:28.206 dev  INFO 39524 --- [restartedMain] .e.DevToolsPropertyDefaultsPostProcessor : For additional web related logging consider setting the 'logging.level.web' property to 'DEBUG'
2020-12-10 08:48:31.290 dev  INFO 39524 --- [restartedMain] trationDelegate$BeanPostProcessorChecker : Bean 'org.springframework.ws.config.annotation.DelegatingWsConfiguration' of type [org.springframework.ws.config.annotation.DelegatingWsConfiguration$$EnhancerBySpringCGLIB$$9cfa135f] is not eligible for getting processed by all BeanPostProcessors (for example: not eligible for auto-proxying)
2020-12-10 08:48:31.339 dev  INFO 39524 --- [restartedMain] .w.s.a.s.AnnotationActionEndpointMapping : Supporting [WS-Addressing August 2004, WS-Addressing 1.0]
2020-12-10 08:48:31.471 dev  INFO 39524 --- [restartedMain] trationDelegate$BeanPostProcessorChecker : Bean 'org.springframework.transaction.annotation.ProxyTransactionManagementConfiguration' of type [org.springframework.transaction.annotation.ProxyTransactionManagementConfiguration$$EnhancerBySpringCGLIB$$f8624e60] is not eligible for getting processed by all BeanPostProcessors (for example: not eligible for auto-proxying)
2020-12-10 08:48:33.273 dev  INFO 39524 --- [restartedMain] o.s.b.w.embedded.tomcat.TomcatWebServer  : Tomcat initialized with port(s): 8989 (http)
2020-12-10 08:48:33.296 dev  INFO 39524 --- [restartedMain] o.a.coyote.http11.Http11NioProtocol      : Initializing ProtocolHandler ["http-nio-8989"]
2020-12-10 08:48:33.309 dev  INFO 39524 --- [restartedMain] o.apache.catalina.core.StandardService   : Starting service [Tomcat]
2020-12-10 08:48:33.309 dev  INFO 39524 --- [restartedMain] org.apache.catalina.core.StandardEngine  : Starting Servlet engine: [Apache Tomcat/9.0.21]
2020-12-10 08:48:33.320 dev  INFO 39524 --- [restartedMain] o.a.catalina.core.AprLifecycleListener   : Loaded APR based Apache Tomcat Native library [1.2.23] using APR version [1.7.0].
2020-12-10 08:48:33.321 dev  INFO 39524 --- [restartedMain] o.a.catalina.core.AprLifecycleListener   : APR capabilities: IPv6 [true], sendfile [true], accept filters [false], random [true].
2020-12-10 08:48:33.322 dev  INFO 39524 --- [restartedMain] o.a.catalina.core.AprLifecycleListener   : APR/OpenSSL configuration: useAprConnector [false], useOpenSSL [true]
2020-12-10 08:48:33.329 dev  INFO 39524 --- [restartedMain] o.a.catalina.core.AprLifecycleListener   : OpenSSL successfully initialized [OpenSSL 1.1.1c  28 May 2019]
2020-12-10 08:48:33.561 dev  INFO 39524 --- [restartedMain] o.a.c.c.C.[Tomcat].[localhost].[/]       : Initializing Spring embedded WebApplicationContext
2020-12-10 08:48:33.562 dev  INFO 39524 --- [restartedMain] o.s.web.context.ContextLoader            : Root WebApplicationContext: initialization completed in 5356 ms
2020-12-10 08:48:39.049 dev  INFO 39524 --- [restartedMain] o.s.s.concurrent.ThreadPoolTaskExecutor  : Initializing ExecutorService 'applicationTaskExecutor'
2020-12-10 08:48:39.414 dev  INFO 39524 --- [restartedMain] o.s.b.a.w.s.WelcomePageHandlerMapping    : Adding welcome page: ServletContext resource [/index.html]
2020-12-10 08:48:40.910 dev  INFO 39524 --- [restartedMain] o.s.b.d.a.OptionalLiveReloadServer       : LiveReload server is running on port 35729
2020-12-10 08:48:40.934 dev  INFO 39524 --- [restartedMain] o.s.b.a.e.web.EndpointLinksResolver      : Exposing 2 endpoint(s) beneath base path '/actuator'
2020-12-10 08:48:41.083 dev  INFO 39524 --- [restartedMain] o.a.coyote.http11.Http11NioProtocol      : Starting ProtocolHandler ["http-nio-8989"]
2020-12-10 08:48:41.125 dev  INFO 39524 --- [restartedMain] o.s.b.w.embedded.tomcat.TomcatWebServer  : Tomcat started on port(s): 8989 (http) with context path ''
2020-12-10 08:48:41.131 dev  INFO 39524 --- [restartedMain] com.zzu.demo.DemoApplication             : Started DemoApplication in 14.105 seconds (JVM running for 17.183)
2020-12-10 08:48:41.211 dev  INFO 39524 --- [restartedMain] com.zzu.demo.runner.LastRunner           :  __    ___   _      ___   _     ____ _____  ____ 
2020-12-10 08:48:41.211 dev  INFO 39524 --- [restartedMain] com.zzu.demo.runner.LastRunner           : / /`  / / \ | |\/| | |_) | |   | |_   | |  | |_  
2020-12-10 08:48:41.211 dev  INFO 39524 --- [restartedMain] com.zzu.demo.runner.LastRunner           : \_\_, \_\_/ |_|  | |_|   |_|__ |_|__  |_|  |_|__ 
2020-12-10 08:48:41.211 dev  INFO 39524 --- [restartedMain] com.zzu.demo.runner.LastRunner           :                                                       
2020-12-10 08:48:41.221 dev  INFO 39524 --- [restartedMain] com.zzu.demo.runner.LastRunner           : DEMO 启动完毕，时间：2020-12-10T08:48:41.221
2020-12-10 08:48:43.439 dev  INFO 39524 --- [RMI TCP Connection(3)-192.200.6.58] com.alibaba.druid.pool.DruidDataSource   : {dataSource-1} inited
2020-12-10 08:48:45.673 dev  INFO 39524 --- [RMI TCP Connection(5)-192.200.6.58] o.a.c.c.C.[Tomcat].[localhost].[/]       : Initializing Spring DispatcherServlet 'dispatcherServlet'
2020-12-10 08:48:45.673 dev  INFO 39524 --- [RMI TCP Connection(5)-192.200.6.58] o.s.web.servlet.DispatcherServlet        : Initializing Servlet 'dispatcherServlet'
2020-12-10 08:48:45.697 dev  INFO 39524 --- [RMI TCP Connection(5)-192.200.6.58] o.s.web.servlet.DispatcherServlet        : Completed initialization in 24 ms
2020-12-10 08:54:58.663 dev  INFO 39524 --- [Thread-35] o.s.s.concurrent.ThreadPoolTaskExecutor  : Shutting down ExecutorService 'applicationTaskExecutor'
2020-12-10 08:54:58.664 dev  INFO 39524 --- [Thread-35] com.alibaba.druid.pool.DruidDataSource   : {dataSource-1} closing ...
2020-12-10 08:54:58.667 dev  INFO 39524 --- [Thread-35] com.alibaba.druid.pool.DruidDataSource   : {dataSource-1} closed
2020-12-10 08:55:12.396 dev  INFO 42564 --- [restartedMain] com.zzu.demo.DemoApplication             : Starting DemoApplication on likangshuai with PID 42564 (E:\demo\target\classes started by 14377 in E:\demo)
2020-12-10 08:55:12.398 dev  INFO 42564 --- [restartedMain] com.zzu.demo.DemoApplication             : The following profiles are active: dev
2020-12-10 08:55:12.659 dev  INFO 42564 --- [restartedMain] .e.DevToolsPropertyDefaultsPostProcessor : Devtools property defaults active! Set 'spring.devtools.add-properties' to 'false' to disable
2020-12-10 08:55:12.659 dev  INFO 42564 --- [restartedMain] .e.DevToolsPropertyDefaultsPostProcessor : For additional web related logging consider setting the 'logging.level.web' property to 'DEBUG'
2020-12-10 08:55:16.262 dev  INFO 42564 --- [restartedMain] trationDelegate$BeanPostProcessorChecker : Bean 'org.springframework.ws.config.annotation.DelegatingWsConfiguration' of type [org.springframework.ws.config.annotation.DelegatingWsConfiguration$$EnhancerBySpringCGLIB$$5df11ec3] is not eligible for getting processed by all BeanPostProcessors (for example: not eligible for auto-proxying)
2020-12-10 08:55:16.305 dev  INFO 42564 --- [restartedMain] .w.s.a.s.AnnotationActionEndpointMapping : Supporting [WS-Addressing August 2004, WS-Addressing 1.0]
2020-12-10 08:55:16.425 dev  INFO 42564 --- [restartedMain] trationDelegate$BeanPostProcessorChecker : Bean 'org.springframework.transaction.annotation.ProxyTransactionManagementConfiguration' of type [org.springframework.transaction.annotation.ProxyTransactionManagementConfiguration$$EnhancerBySpringCGLIB$$b95959c4] is not eligible for getting processed by all BeanPostProcessors (for example: not eligible for auto-proxying)
2020-12-10 08:55:17.580 dev  INFO 42564 --- [restartedMain] o.s.b.w.embedded.tomcat.TomcatWebServer  : Tomcat initialized with port(s): 8989 (http)
2020-12-10 08:55:17.597 dev  INFO 42564 --- [restartedMain] o.a.coyote.http11.Http11NioProtocol      : Initializing ProtocolHandler ["http-nio-8989"]
2020-12-10 08:55:17.607 dev  INFO 42564 --- [restartedMain] o.apache.catalina.core.StandardService   : Starting service [Tomcat]
2020-12-10 08:55:17.608 dev  INFO 42564 --- [restartedMain] org.apache.catalina.core.StandardEngine  : Starting Servlet engine: [Apache Tomcat/9.0.21]
2020-12-10 08:55:17.616 dev  INFO 42564 --- [restartedMain] o.a.catalina.core.AprLifecycleListener   : Loaded APR based Apache Tomcat Native library [1.2.23] using APR version [1.7.0].
2020-12-10 08:55:17.616 dev  INFO 42564 --- [restartedMain] o.a.catalina.core.AprLifecycleListener   : APR capabilities: IPv6 [true], sendfile [true], accept filters [false], random [true].
2020-12-10 08:55:17.616 dev  INFO 42564 --- [restartedMain] o.a.catalina.core.AprLifecycleListener   : APR/OpenSSL configuration: useAprConnector [false], useOpenSSL [true]
2020-12-10 08:55:17.621 dev  INFO 42564 --- [restartedMain] o.a.catalina.core.AprLifecycleListener   : OpenSSL successfully initialized [OpenSSL 1.1.1c  28 May 2019]
2020-12-10 08:55:17.772 dev  INFO 42564 --- [restartedMain] o.a.c.c.C.[Tomcat].[localhost].[/]       : Initializing Spring embedded WebApplicationContext
2020-12-10 08:55:17.772 dev  INFO 42564 --- [restartedMain] o.s.web.context.ContextLoader            : Root WebApplicationContext: initialization completed in 5112 ms
2020-12-10 08:55:22.699 dev  INFO 42564 --- [restartedMain] o.s.s.concurrent.ThreadPoolTaskExecutor  : Initializing ExecutorService 'applicationTaskExecutor'
2020-12-10 08:55:23.066 dev  INFO 42564 --- [restartedMain] o.s.b.a.w.s.WelcomePageHandlerMapping    : Adding welcome page: ServletContext resource [/index.html]
2020-12-10 08:55:24.780 dev  INFO 42564 --- [restartedMain] o.s.b.d.a.OptionalLiveReloadServer       : LiveReload server is running on port 35729
2020-12-10 08:55:24.806 dev  INFO 42564 --- [restartedMain] o.s.b.a.e.web.EndpointLinksResolver      : Exposing 2 endpoint(s) beneath base path '/actuator'
2020-12-10 08:55:25.034 dev  INFO 42564 --- [restartedMain] o.a.coyote.http11.Http11NioProtocol      : Starting ProtocolHandler ["http-nio-8989"]
2020-12-10 08:55:25.076 dev  INFO 42564 --- [restartedMain] o.s.b.w.embedded.tomcat.TomcatWebServer  : Tomcat started on port(s): 8989 (http) with context path ''
2020-12-10 08:55:25.083 dev  INFO 42564 --- [restartedMain] com.zzu.demo.DemoApplication             : Started DemoApplication in 13.738 seconds (JVM running for 16.651)
2020-12-10 08:55:25.102 dev  INFO 42564 --- [restartedMain] com.zzu.demo.runner.LastRunner           :  __    ___   _      ___   _     ____ _____  ____ 
2020-12-10 08:55:25.102 dev  INFO 42564 --- [restartedMain] com.zzu.demo.runner.LastRunner           : / /`  / / \ | |\/| | |_) | |   | |_   | |  | |_  
2020-12-10 08:55:25.103 dev  INFO 42564 --- [restartedMain] com.zzu.demo.runner.LastRunner           : \_\_, \_\_/ |_|  | |_|   |_|__ |_|__  |_|  |_|__ 
2020-12-10 08:55:25.103 dev  INFO 42564 --- [restartedMain] com.zzu.demo.runner.LastRunner           :                                                       
2020-12-10 08:55:25.113 dev  INFO 42564 --- [restartedMain] com.zzu.demo.runner.LastRunner           : DEMO 启动完毕，时间：2020-12-10T08:55:25.113
2020-12-10 08:55:27.362 dev  INFO 42564 --- [RMI TCP Connection(2)-192.200.6.58] o.a.c.c.C.[Tomcat].[localhost].[/]       : Initializing Spring DispatcherServlet 'dispatcherServlet'
2020-12-10 08:55:27.363 dev  INFO 42564 --- [RMI TCP Connection(2)-192.200.6.58] o.s.web.servlet.DispatcherServlet        : Initializing Servlet 'dispatcherServlet'
2020-12-10 08:55:27.385 dev  INFO 42564 --- [RMI TCP Connection(3)-192.200.6.58] com.alibaba.druid.pool.DruidDataSource   : {dataSource-1} inited
2020-12-10 08:55:27.393 dev  INFO 42564 --- [RMI TCP Connection(2)-192.200.6.58] o.s.web.servlet.DispatcherServlet        : Completed initialization in 30 ms
2020-12-10 08:59:55.186 dev  INFO 42564 --- [Thread-30] o.s.s.concurrent.ThreadPoolTaskExecutor  : Shutting down ExecutorService 'applicationTaskExecutor'
2020-12-10 08:59:55.187 dev  INFO 42564 --- [Thread-30] com.alibaba.druid.pool.DruidDataSource   : {dataSource-1} closing ...
2020-12-10 08:59:55.190 dev  INFO 42564 --- [Thread-30] com.alibaba.druid.pool.DruidDataSource   : {dataSource-1} closed
2020-12-10 08:59:57.084 dev  INFO 42564 --- [restartedMain] com.zzu.demo.DemoApplication             : Starting DemoApplication on likangshuai with PID 42564 (E:\demo\target\classes started by 14377 in E:\demo)
2020-12-10 08:59:57.085 dev  INFO 42564 --- [restartedMain] com.zzu.demo.DemoApplication             : The following profiles are active: dev
2020-12-10 08:59:58.245 dev  INFO 42564 --- [restartedMain] trationDelegate$BeanPostProcessorChecker : Bean 'org.springframework.ws.config.annotation.DelegatingWsConfiguration' of type [org.springframework.ws.config.annotation.DelegatingWsConfiguration$$EnhancerBySpringCGLIB$$5df11ec3] is not eligible for getting processed by all BeanPostProcessors (for example: not eligible for auto-proxying)
2020-12-10 08:59:58.248 dev  INFO 42564 --- [restartedMain] .w.s.a.s.AnnotationActionEndpointMapping : Supporting [WS-Addressing August 2004, WS-Addressing 1.0]
2020-12-10 08:59:58.270 dev  INFO 42564 --- [restartedMain] trationDelegate$BeanPostProcessorChecker : Bean 'org.springframework.transaction.annotation.ProxyTransactionManagementConfiguration' of type [org.springframework.transaction.annotation.ProxyTransactionManagementConfiguration$$EnhancerBySpringCGLIB$$b95959c4] is not eligible for getting processed by all BeanPostProcessors (for example: not eligible for auto-proxying)
2020-12-10 08:59:58.753 dev  INFO 42564 --- [restartedMain] o.s.b.w.embedded.tomcat.TomcatWebServer  : Tomcat initialized with port(s): 8989 (http)
2020-12-10 08:59:58.756 dev  INFO 42564 --- [restartedMain] o.a.coyote.http11.Http11NioProtocol      : Initializing ProtocolHandler ["http-nio-8989"]
2020-12-10 08:59:58.757 dev  INFO 42564 --- [restartedMain] o.apache.catalina.core.StandardService   : Starting service [Tomcat]
2020-12-10 08:59:58.758 dev  INFO 42564 --- [restartedMain] org.apache.catalina.core.StandardEngine  : Starting Servlet engine: [Apache Tomcat/9.0.21]
2020-12-10 08:59:58.759 dev  INFO 42564 --- [restartedMain] o.a.catalina.core.AprLifecycleListener   : Loaded APR based Apache Tomcat Native library [1.2.23] using APR version [1.7.0].
2020-12-10 08:59:58.759 dev  INFO 42564 --- [restartedMain] o.a.catalina.core.AprLifecycleListener   : APR capabilities: IPv6 [true], sendfile [true], accept filters [false], random [true].
2020-12-10 08:59:58.759 dev  INFO 42564 --- [restartedMain] o.a.catalina.core.AprLifecycleListener   : APR/OpenSSL configuration: useAprConnector [false], useOpenSSL [true]
2020-12-10 08:59:58.760 dev  INFO 42564 --- [restartedMain] o.a.catalina.core.AprLifecycleListener   : OpenSSL successfully initialized [OpenSSL 1.1.1c  28 May 2019]
2020-12-10 08:59:58.794 dev  INFO 42564 --- [restartedMain] o.a.c.c.C.[Tomcat].[localhost].[/]       : Initializing Spring embedded WebApplicationContext
2020-12-10 08:59:58.794 dev  INFO 42564 --- [restartedMain] o.s.web.context.ContextLoader            : Root WebApplicationContext: initialization completed in 1699 ms
2020-12-10 09:00:03.253 dev  INFO 42564 --- [restartedMain] o.s.s.concurrent.ThreadPoolTaskExecutor  : Initializing ExecutorService 'applicationTaskExecutor'
2020-12-10 09:00:03.317 dev  INFO 42564 --- [restartedMain] o.s.s.concurrent.ThreadPoolTaskExecutor  : Shutting down ExecutorService 'applicationTaskExecutor'
2020-12-10 09:00:03.318 dev  INFO 42564 --- [restartedMain] com.alibaba.druid.pool.DruidDataSource   : {dataSource-0} closing ...
2020-12-10 09:00:03.318 dev  INFO 42564 --- [restartedMain] o.apache.catalina.core.StandardService   : Stopping service [Tomcat]
2020-12-10 09:01:57.739 dev  INFO 44612 --- [restartedMain] com.zzu.demo.DemoApplication             : Starting DemoApplication on likangshuai with PID 44612 (E:\demo\target\classes started by 14377 in E:\demo)
2020-12-10 09:01:57.741 dev  INFO 44612 --- [restartedMain] com.zzu.demo.DemoApplication             : The following profiles are active: dev
2020-12-10 09:01:57.912 dev  INFO 44612 --- [restartedMain] .e.DevToolsPropertyDefaultsPostProcessor : Devtools property defaults active! Set 'spring.devtools.add-properties' to 'false' to disable
2020-12-10 09:01:57.913 dev  INFO 44612 --- [restartedMain] .e.DevToolsPropertyDefaultsPostProcessor : For additional web related logging consider setting the 'logging.level.web' property to 'DEBUG'
2020-12-10 09:02:01.003 dev  INFO 44612 --- [restartedMain] trationDelegate$BeanPostProcessorChecker : Bean 'org.springframework.ws.config.annotation.DelegatingWsConfiguration' of type [org.springframework.ws.config.annotation.DelegatingWsConfiguration$$EnhancerBySpringCGLIB$$38907ef] is not eligible for getting processed by all BeanPostProcessors (for example: not eligible for auto-proxying)
2020-12-10 09:02:01.067 dev  INFO 44612 --- [restartedMain] .w.s.a.s.AnnotationActionEndpointMapping : Supporting [WS-Addressing August 2004, WS-Addressing 1.0]
2020-12-10 09:02:01.195 dev  INFO 44612 --- [restartedMain] trationDelegate$BeanPostProcessorChecker : Bean 'org.springframework.transaction.annotation.ProxyTransactionManagementConfiguration' of type [org.springframework.transaction.annotation.ProxyTransactionManagementConfiguration$$EnhancerBySpringCGLIB$$5ef142f0] is not eligible for getting processed by all BeanPostProcessors (for example: not eligible for auto-proxying)
2020-12-10 09:02:02.999 dev  INFO 44612 --- [restartedMain] o.s.b.w.embedded.tomcat.TomcatWebServer  : Tomcat initialized with port(s): 8989 (http)
2020-12-10 09:02:03.024 dev  INFO 44612 --- [restartedMain] o.a.coyote.http11.Http11NioProtocol      : Initializing ProtocolHandler ["http-nio-8989"]
2020-12-10 09:02:03.037 dev  INFO 44612 --- [restartedMain] o.apache.catalina.core.StandardService   : Starting service [Tomcat]
2020-12-10 09:02:03.037 dev  INFO 44612 --- [restartedMain] org.apache.catalina.core.StandardEngine  : Starting Servlet engine: [Apache Tomcat/9.0.21]
2020-12-10 09:02:03.051 dev  INFO 44612 --- [restartedMain] o.a.catalina.core.AprLifecycleListener   : Loaded APR based Apache Tomcat Native library [1.2.23] using APR version [1.7.0].
2020-12-10 09:02:03.051 dev  INFO 44612 --- [restartedMain] o.a.catalina.core.AprLifecycleListener   : APR capabilities: IPv6 [true], sendfile [true], accept filters [false], random [true].
2020-12-10 09:02:03.051 dev  INFO 44612 --- [restartedMain] o.a.catalina.core.AprLifecycleListener   : APR/OpenSSL configuration: useAprConnector [false], useOpenSSL [true]
2020-12-10 09:02:03.056 dev  INFO 44612 --- [restartedMain] o.a.catalina.core.AprLifecycleListener   : OpenSSL successfully initialized [OpenSSL 1.1.1c  28 May 2019]
2020-12-10 09:02:03.269 dev  INFO 44612 --- [restartedMain] o.a.c.c.C.[Tomcat].[localhost].[/]       : Initializing Spring embedded WebApplicationContext
2020-12-10 09:02:03.270 dev  INFO 44612 --- [restartedMain] o.s.web.context.ContextLoader            : Root WebApplicationContext: initialization completed in 5357 ms
2020-12-10 09:02:08.913 dev  INFO 44612 --- [restartedMain] o.s.s.concurrent.ThreadPoolTaskExecutor  : Initializing ExecutorService 'applicationTaskExecutor'
2020-12-10 09:02:09.228 dev  INFO 44612 --- [restartedMain] o.s.s.concurrent.ThreadPoolTaskExecutor  : Shutting down ExecutorService 'applicationTaskExecutor'
2020-12-10 09:02:09.229 dev  INFO 44612 --- [restartedMain] com.alibaba.druid.pool.DruidDataSource   : {dataSource-0} closing ...
2020-12-10 09:02:09.236 dev  INFO 44612 --- [restartedMain] o.apache.catalina.core.StandardService   : Stopping service [Tomcat]
2020-12-10 09:02:44.367 dev  INFO 41012 --- [restartedMain] com.zzu.demo.DemoApplication             : Starting DemoApplication on likangshuai with PID 41012 (E:\demo\target\classes started by 14377 in E:\demo)
2020-12-10 09:02:44.368 dev  INFO 41012 --- [restartedMain] com.zzu.demo.DemoApplication             : The following profiles are active: dev
2020-12-10 09:02:44.509 dev  INFO 41012 --- [restartedMain] .e.DevToolsPropertyDefaultsPostProcessor : Devtools property defaults active! Set 'spring.devtools.add-properties' to 'false' to disable
2020-12-10 09:02:44.510 dev  INFO 41012 --- [restartedMain] .e.DevToolsPropertyDefaultsPostProcessor : For additional web related logging consider setting the 'logging.level.web' property to 'DEBUG'
2020-12-10 09:02:47.489 dev  INFO 41012 --- [restartedMain] trationDelegate$BeanPostProcessorChecker : Bean 'org.springframework.ws.config.annotation.DelegatingWsConfiguration' of type [org.springframework.ws.config.annotation.DelegatingWsConfiguration$$EnhancerBySpringCGLIB$$e755320c] is not eligible for getting processed by all BeanPostProcessors (for example: not eligible for auto-proxying)
2020-12-10 09:02:47.537 dev  INFO 41012 --- [restartedMain] .w.s.a.s.AnnotationActionEndpointMapping : Supporting [WS-Addressing August 2004, WS-Addressing 1.0]
2020-12-10 09:02:47.654 dev  INFO 41012 --- [restartedMain] trationDelegate$BeanPostProcessorChecker : Bean 'org.springframework.transaction.annotation.ProxyTransactionManagementConfiguration' of type [org.springframework.transaction.annotation.ProxyTransactionManagementConfiguration$$EnhancerBySpringCGLIB$$42bd6d0d] is not eligible for getting processed by all BeanPostProcessors (for example: not eligible for auto-proxying)
2020-12-10 09:02:49.078 dev  INFO 41012 --- [restartedMain] o.s.b.w.embedded.tomcat.TomcatWebServer  : Tomcat initialized with port(s): 8989 (http)
2020-12-10 09:02:49.096 dev  INFO 41012 --- [restartedMain] o.a.coyote.http11.Http11NioProtocol      : Initializing ProtocolHandler ["http-nio-8989"]
2020-12-10 09:02:49.107 dev  INFO 41012 --- [restartedMain] o.apache.catalina.core.StandardService   : Starting service [Tomcat]
2020-12-10 09:02:49.107 dev  INFO 41012 --- [restartedMain] org.apache.catalina.core.StandardEngine  : Starting Servlet engine: [Apache Tomcat/9.0.21]
2020-12-10 09:02:49.116 dev  INFO 41012 --- [restartedMain] o.a.catalina.core.AprLifecycleListener   : Loaded APR based Apache Tomcat Native library [1.2.23] using APR version [1.7.0].
2020-12-10 09:02:49.116 dev  INFO 41012 --- [restartedMain] o.a.catalina.core.AprLifecycleListener   : APR capabilities: IPv6 [true], sendfile [true], accept filters [false], random [true].
2020-12-10 09:02:49.117 dev  INFO 41012 --- [restartedMain] o.a.catalina.core.AprLifecycleListener   : APR/OpenSSL configuration: useAprConnector [false], useOpenSSL [true]
2020-12-10 09:02:49.122 dev  INFO 41012 --- [restartedMain] o.a.catalina.core.AprLifecycleListener   : OpenSSL successfully initialized [OpenSSL 1.1.1c  28 May 2019]
2020-12-10 09:02:49.294 dev  INFO 41012 --- [restartedMain] o.a.c.c.C.[Tomcat].[localhost].[/]       : Initializing Spring embedded WebApplicationContext
2020-12-10 09:02:49.295 dev  INFO 41012 --- [restartedMain] o.s.web.context.ContextLoader            : Root WebApplicationContext: initialization completed in 4784 ms
2020-12-10 09:02:54.393 dev  INFO 41012 --- [restartedMain] o.s.s.concurrent.ThreadPoolTaskExecutor  : Initializing ExecutorService 'applicationTaskExecutor'
2020-12-10 09:02:54.529 dev  INFO 41012 --- [restartedMain] o.s.s.concurrent.ThreadPoolTaskExecutor  : Shutting down ExecutorService 'applicationTaskExecutor'
2020-12-10 09:02:54.530 dev  INFO 41012 --- [restartedMain] com.alibaba.druid.pool.DruidDataSource   : {dataSource-0} closing ...
2020-12-10 09:02:54.537 dev  INFO 41012 --- [restartedMain] o.apache.catalina.core.StandardService   : Stopping service [Tomcat]
2020-12-10 09:05:18.633 dev  INFO 12752 --- [restartedMain] com.zzu.demo.DemoApplication             : Starting DemoApplication on likangshuai with PID 12752 (E:\demo\target\classes started by 14377 in E:\demo)
2020-12-10 09:05:18.634 dev  INFO 12752 --- [restartedMain] com.zzu.demo.DemoApplication             : The following profiles are active: dev
2020-12-10 09:05:18.736 dev  INFO 12752 --- [restartedMain] .e.DevToolsPropertyDefaultsPostProcessor : Devtools property defaults active! Set 'spring.devtools.add-properties' to 'false' to disable
2020-12-10 09:05:18.736 dev  INFO 12752 --- [restartedMain] .e.DevToolsPropertyDefaultsPostProcessor : For additional web related logging consider setting the 'logging.level.web' property to 'DEBUG'
2020-12-10 09:05:20.868 dev  INFO 12752 --- [restartedMain] trationDelegate$BeanPostProcessorChecker : Bean 'org.springframework.ws.config.annotation.DelegatingWsConfiguration' of type [org.springframework.ws.config.annotation.DelegatingWsConfiguration$$EnhancerBySpringCGLIB$$3ebdd51a] is not eligible for getting processed by all BeanPostProcessors (for example: not eligible for auto-proxying)
2020-12-10 09:05:20.900 dev  INFO 12752 --- [restartedMain] .w.s.a.s.AnnotationActionEndpointMapping : Supporting [WS-Addressing August 2004, WS-Addressing 1.0]
2020-12-10 09:05:20.984 dev  INFO 12752 --- [restartedMain] trationDelegate$BeanPostProcessorChecker : Bean 'org.springframework.transaction.annotation.ProxyTransactionManagementConfiguration' of type [org.springframework.transaction.annotation.ProxyTransactionManagementConfiguration$$EnhancerBySpringCGLIB$$9a26101b] is not eligible for getting processed by all BeanPostProcessors (for example: not eligible for auto-proxying)
2020-12-10 09:05:22.134 dev  INFO 12752 --- [restartedMain] o.s.b.w.embedded.tomcat.TomcatWebServer  : Tomcat initialized with port(s): 8989 (http)
2020-12-10 09:05:22.156 dev  INFO 12752 --- [restartedMain] o.a.coyote.http11.Http11NioProtocol      : Initializing ProtocolHandler ["http-nio-8989"]
2020-12-10 09:05:22.165 dev  INFO 12752 --- [restartedMain] o.apache.catalina.core.StandardService   : Starting service [Tomcat]
2020-12-10 09:05:22.166 dev  INFO 12752 --- [restartedMain] org.apache.catalina.core.StandardEngine  : Starting Servlet engine: [Apache Tomcat/9.0.21]
2020-12-10 09:05:22.175 dev  INFO 12752 --- [restartedMain] o.a.catalina.core.AprLifecycleListener   : Loaded APR based Apache Tomcat Native library [1.2.23] using APR version [1.7.0].
2020-12-10 09:05:22.175 dev  INFO 12752 --- [restartedMain] o.a.catalina.core.AprLifecycleListener   : APR capabilities: IPv6 [true], sendfile [true], accept filters [false], random [true].
2020-12-10 09:05:22.176 dev  INFO 12752 --- [restartedMain] o.a.catalina.core.AprLifecycleListener   : APR/OpenSSL configuration: useAprConnector [false], useOpenSSL [true]
2020-12-10 09:05:22.181 dev  INFO 12752 --- [restartedMain] o.a.catalina.core.AprLifecycleListener   : OpenSSL successfully initialized [OpenSSL 1.1.1c  28 May 2019]
2020-12-10 09:05:22.355 dev  INFO 12752 --- [restartedMain] o.a.c.c.C.[Tomcat].[localhost].[/]       : Initializing Spring embedded WebApplicationContext
2020-12-10 09:05:22.356 dev  INFO 12752 --- [restartedMain] o.s.web.context.ContextLoader            : Root WebApplicationContext: initialization completed in 3620 ms
2020-12-10 09:05:27.880 dev  INFO 12752 --- [restartedMain] o.s.s.concurrent.ThreadPoolTaskExecutor  : Initializing ExecutorService 'applicationTaskExecutor'
2020-12-10 09:05:28.256 dev  INFO 12752 --- [restartedMain] o.s.b.a.w.s.WelcomePageHandlerMapping    : Adding welcome page: ServletContext resource [/index.html]
2020-12-10 09:05:29.856 dev  INFO 12752 --- [restartedMain] o.s.b.d.a.OptionalLiveReloadServer       : LiveReload server is running on port 35729
2020-12-10 09:05:29.879 dev  INFO 12752 --- [restartedMain] o.s.b.a.e.web.EndpointLinksResolver      : Exposing 2 endpoint(s) beneath base path '/actuator'
2020-12-10 09:05:30.044 dev  INFO 12752 --- [restartedMain] o.a.coyote.http11.Http11NioProtocol      : Starting ProtocolHandler ["http-nio-8989"]
2020-12-10 09:05:30.079 dev  INFO 12752 --- [restartedMain] o.s.b.w.embedded.tomcat.TomcatWebServer  : Tomcat started on port(s): 8989 (http) with context path ''
2020-12-10 09:05:30.083 dev  INFO 12752 --- [restartedMain] com.zzu.demo.DemoApplication             : Started DemoApplication in 12.411 seconds (JVM running for 15.316)
2020-12-10 09:05:30.097 dev  INFO 12752 --- [restartedMain] com.zzu.demo.runner.LastRunner           :  __    ___   _      ___   _     ____ _____  ____ 
2020-12-10 09:05:30.097 dev  INFO 12752 --- [restartedMain] com.zzu.demo.runner.LastRunner           : / /`  / / \ | |\/| | |_) | |   | |_   | |  | |_  
2020-12-10 09:05:30.098 dev  INFO 12752 --- [restartedMain] com.zzu.demo.runner.LastRunner           : \_\_, \_\_/ |_|  | |_|   |_|__ |_|__  |_|  |_|__ 
2020-12-10 09:05:30.098 dev  INFO 12752 --- [restartedMain] com.zzu.demo.runner.LastRunner           :                                                       
2020-12-10 09:05:30.103 dev  INFO 12752 --- [restartedMain] com.zzu.demo.runner.LastRunner           : DEMO 启动完毕，时间：2020-12-10T09:05:30.103
2020-12-10 09:05:33.063 dev  INFO 12752 --- [RMI TCP Connection(3)-192.200.6.58] o.a.c.c.C.[Tomcat].[localhost].[/]       : Initializing Spring DispatcherServlet 'dispatcherServlet'
2020-12-10 09:05:33.064 dev  INFO 12752 --- [RMI TCP Connection(3)-192.200.6.58] o.s.web.servlet.DispatcherServlet        : Initializing Servlet 'dispatcherServlet'
2020-12-10 09:05:33.090 dev  INFO 12752 --- [RMI TCP Connection(2)-192.200.6.58] com.alibaba.druid.pool.DruidDataSource   : {dataSource-1} inited
2020-12-10 09:05:33.098 dev  INFO 12752 --- [RMI TCP Connection(3)-192.200.6.58] o.s.web.servlet.DispatcherServlet        : Completed initialization in 34 ms
2020-12-10 09:24:17.118 dev  INFO 12752 --- [Thread-28] o.s.s.concurrent.ThreadPoolTaskExecutor  : Shutting down ExecutorService 'applicationTaskExecutor'
2020-12-10 09:24:17.120 dev  INFO 12752 --- [Thread-28] com.alibaba.druid.pool.DruidDataSource   : {dataSource-1} closing ...
2020-12-10 09:24:17.125 dev  INFO 12752 --- [Thread-28] com.alibaba.druid.pool.DruidDataSource   : {dataSource-1} closed
2020-12-10 09:24:19.060 dev  INFO 12752 --- [restartedMain] com.zzu.demo.DemoApplication             : Starting DemoApplication on likangshuai with PID 12752 (E:\demo\target\classes started by 14377 in E:\demo)
2020-12-10 09:24:19.061 dev  INFO 12752 --- [restartedMain] com.zzu.demo.DemoApplication             : The following profiles are active: dev
2020-12-10 09:24:20.967 dev  INFO 12752 --- [restartedMain] trationDelegate$BeanPostProcessorChecker : Bean 'org.springframework.ws.config.annotation.DelegatingWsConfiguration' of type [org.springframework.ws.config.annotation.DelegatingWsConfiguration$$EnhancerBySpringCGLIB$$3ebdd51a] is not eligible for getting processed by all BeanPostProcessors (for example: not eligible for auto-proxying)
2020-12-10 09:24:20.971 dev  INFO 12752 --- [restartedMain] .w.s.a.s.AnnotationActionEndpointMapping : Supporting [WS-Addressing August 2004, WS-Addressing 1.0]
2020-12-10 09:24:21.006 dev  INFO 12752 --- [restartedMain] trationDelegate$BeanPostProcessorChecker : Bean 'org.springframework.transaction.annotation.ProxyTransactionManagementConfiguration' of type [org.springframework.transaction.annotation.ProxyTransactionManagementConfiguration$$EnhancerBySpringCGLIB$$9a26101b] is not eligible for getting processed by all BeanPostProcessors (for example: not eligible for auto-proxying)
2020-12-10 09:24:21.704 dev  INFO 12752 --- [restartedMain] o.s.b.w.embedded.tomcat.TomcatWebServer  : Tomcat initialized with port(s): 8989 (http)
2020-12-10 09:24:21.708 dev  INFO 12752 --- [restartedMain] o.a.coyote.http11.Http11NioProtocol      : Initializing ProtocolHandler ["http-nio-8989"]
2020-12-10 09:24:21.708 dev  INFO 12752 --- [restartedMain] o.apache.catalina.core.StandardService   : Starting service [Tomcat]
2020-12-10 09:24:21.709 dev  INFO 12752 --- [restartedMain] org.apache.catalina.core.StandardEngine  : Starting Servlet engine: [Apache Tomcat/9.0.21]
2020-12-10 09:24:21.711 dev  INFO 12752 --- [restartedMain] o.a.catalina.core.AprLifecycleListener   : Loaded APR based Apache Tomcat Native library [1.2.23] using APR version [1.7.0].
2020-12-10 09:24:21.711 dev  INFO 12752 --- [restartedMain] o.a.catalina.core.AprLifecycleListener   : APR capabilities: IPv6 [true], sendfile [true], accept filters [false], random [true].
2020-12-10 09:24:21.712 dev  INFO 12752 --- [restartedMain] o.a.catalina.core.AprLifecycleListener   : APR/OpenSSL configuration: useAprConnector [false], useOpenSSL [true]
2020-12-10 09:24:21.713 dev  INFO 12752 --- [restartedMain] o.a.catalina.core.AprLifecycleListener   : OpenSSL successfully initialized [OpenSSL 1.1.1c  28 May 2019]
2020-12-10 09:24:21.761 dev  INFO 12752 --- [restartedMain] o.a.c.c.C.[Tomcat].[localhost].[/]       : Initializing Spring embedded WebApplicationContext
2020-12-10 09:24:21.762 dev  INFO 12752 --- [restartedMain] o.s.web.context.ContextLoader            : Root WebApplicationContext: initialization completed in 2695 ms
2020-12-10 09:24:26.257 dev  INFO 12752 --- [restartedMain] o.s.s.concurrent.ThreadPoolTaskExecutor  : Initializing ExecutorService 'applicationTaskExecutor'
2020-12-10 09:24:26.580 dev  INFO 12752 --- [restartedMain] o.s.b.a.w.s.WelcomePageHandlerMapping    : Adding welcome page: ServletContext resource [/index.html]
2020-12-10 09:24:28.066 dev  INFO 12752 --- [restartedMain] o.s.b.d.a.OptionalLiveReloadServer       : LiveReload server is running on port 35729
2020-12-10 09:24:28.082 dev  INFO 12752 --- [restartedMain] o.s.b.a.e.web.EndpointLinksResolver      : Exposing 2 endpoint(s) beneath base path '/actuator'
2020-12-10 09:24:28.167 dev  INFO 12752 --- [restartedMain] o.a.coyote.http11.Http11NioProtocol      : Starting ProtocolHandler ["http-nio-8989"]
2020-12-10 09:24:28.171 dev  INFO 12752 --- [restartedMain] o.s.b.w.embedded.tomcat.TomcatWebServer  : Tomcat started on port(s): 8989 (http) with context path ''
2020-12-10 09:24:28.172 dev  INFO 12752 --- [restartedMain] com.zzu.demo.DemoApplication             : Started DemoApplication in 9.203 seconds (JVM running for 1153.407)
2020-12-10 09:24:28.175 dev  INFO 12752 --- [restartedMain] com.zzu.demo.runner.LastRunner           :  __    ___   _      ___   _     ____ _____  ____ 
2020-12-10 09:24:28.175 dev  INFO 12752 --- [restartedMain] com.zzu.demo.runner.LastRunner           : / /`  / / \ | |\/| | |_) | |   | |_   | |  | |_  
2020-12-10 09:24:28.176 dev  INFO 12752 --- [restartedMain] com.zzu.demo.runner.LastRunner           : \_\_, \_\_/ |_|  | |_|   |_|__ |_|__  |_|  |_|__ 
2020-12-10 09:24:28.176 dev  INFO 12752 --- [restartedMain] com.zzu.demo.runner.LastRunner           :                                                       
2020-12-10 09:24:28.176 dev  INFO 12752 --- [restartedMain] com.zzu.demo.runner.LastRunner           : DEMO 启动完毕，时间：2020-12-10T09:24:28.176
2020-12-10 09:24:28.179 dev  INFO 12752 --- [restartedMain] .ConditionEvaluationDeltaLoggingListener : Condition evaluation unchanged
2020-12-10 10:03:53.749 dev  INFO 12752 --- [Thread-42] o.s.s.concurrent.ThreadPoolTaskExecutor  : Shutting down ExecutorService 'applicationTaskExecutor'
2020-12-10 10:03:53.751 dev  INFO 12752 --- [Thread-42] com.alibaba.druid.pool.DruidDataSource   : {dataSource-0} closing ...
2020-12-10 10:03:55.947 dev  INFO 12752 --- [restartedMain] com.zzu.demo.DemoApplication             : Starting DemoApplication on likangshuai with PID 12752 (E:\demo\target\classes started by 14377 in E:\demo)
2020-12-10 10:03:55.948 dev  INFO 12752 --- [restartedMain] com.zzu.demo.DemoApplication             : The following profiles are active: dev
2020-12-10 10:03:57.339 dev  INFO 12752 --- [restartedMain] trationDelegate$BeanPostProcessorChecker : Bean 'org.springframework.ws.config.annotation.DelegatingWsConfiguration' of type [org.springframework.ws.config.annotation.DelegatingWsConfiguration$$EnhancerBySpringCGLIB$$3ebdd51a] is not eligible for getting processed by all BeanPostProcessors (for example: not eligible for auto-proxying)
2020-12-10 10:03:57.341 dev  INFO 12752 --- [restartedMain] .w.s.a.s.AnnotationActionEndpointMapping : Supporting [WS-Addressing August 2004, WS-Addressing 1.0]
2020-12-10 10:03:57.371 dev  INFO 12752 --- [restartedMain] trationDelegate$BeanPostProcessorChecker : Bean 'org.springframework.transaction.annotation.ProxyTransactionManagementConfiguration' of type [org.springframework.transaction.annotation.ProxyTransactionManagementConfiguration$$EnhancerBySpringCGLIB$$9a26101b] is not eligible for getting processed by all BeanPostProcessors (for example: not eligible for auto-proxying)
2020-12-10 10:03:57.892 dev  INFO 12752 --- [restartedMain] o.s.b.w.embedded.tomcat.TomcatWebServer  : Tomcat initialized with port(s): 8989 (http)
2020-12-10 10:03:57.894 dev  INFO 12752 --- [restartedMain] o.a.coyote.http11.Http11NioProtocol      : Initializing ProtocolHandler ["http-nio-8989"]
2020-12-10 10:03:57.895 dev  INFO 12752 --- [restartedMain] o.apache.catalina.core.StandardService   : Starting service [Tomcat]
2020-12-10 10:03:57.896 dev  INFO 12752 --- [restartedMain] org.apache.catalina.core.StandardEngine  : Starting Servlet engine: [Apache Tomcat/9.0.21]
2020-12-10 10:03:57.896 dev  INFO 12752 --- [restartedMain] o.a.catalina.core.AprLifecycleListener   : Loaded APR based Apache Tomcat Native library [1.2.23] using APR version [1.7.0].
2020-12-10 10:03:57.897 dev  INFO 12752 --- [restartedMain] o.a.catalina.core.AprLifecycleListener   : APR capabilities: IPv6 [true], sendfile [true], accept filters [false], random [true].
2020-12-10 10:03:57.897 dev  INFO 12752 --- [restartedMain] o.a.catalina.core.AprLifecycleListener   : APR/OpenSSL configuration: useAprConnector [false], useOpenSSL [true]
2020-12-10 10:03:57.898 dev  INFO 12752 --- [restartedMain] o.a.catalina.core.AprLifecycleListener   : OpenSSL successfully initialized [OpenSSL 1.1.1c  28 May 2019]
2020-12-10 10:03:57.937 dev  INFO 12752 --- [restartedMain] o.a.c.c.C.[Tomcat].[localhost].[/]       : Initializing Spring embedded WebApplicationContext
2020-12-10 10:03:57.938 dev  INFO 12752 --- [restartedMain] o.s.web.context.ContextLoader            : Root WebApplicationContext: initialization completed in 1982 ms
2020-12-10 10:04:02.521 dev  INFO 12752 --- [restartedMain] o.s.s.concurrent.ThreadPoolTaskExecutor  : Initializing ExecutorService 'applicationTaskExecutor'
2020-12-10 10:04:02.809 dev  INFO 12752 --- [restartedMain] o.s.b.a.w.s.WelcomePageHandlerMapping    : Adding welcome page: ServletContext resource [/index.html]
2020-12-10 10:04:03.941 dev  INFO 12752 --- [restartedMain] o.s.b.d.a.OptionalLiveReloadServer       : LiveReload server is running on port 35729
2020-12-10 10:04:03.963 dev  INFO 12752 --- [restartedMain] o.s.b.a.e.web.EndpointLinksResolver      : Exposing 2 endpoint(s) beneath base path '/actuator'
2020-12-10 10:04:04.066 dev  INFO 12752 --- [restartedMain] o.a.coyote.http11.Http11NioProtocol      : Starting ProtocolHandler ["http-nio-8989"]
2020-12-10 10:04:04.070 dev  INFO 12752 --- [restartedMain] o.s.b.w.embedded.tomcat.TomcatWebServer  : Tomcat started on port(s): 8989 (http) with context path ''
2020-12-10 10:04:04.071 dev  INFO 12752 --- [restartedMain] com.zzu.demo.DemoApplication             : Started DemoApplication in 8.245 seconds (JVM running for 3529.311)
2020-12-10 10:04:04.073 dev  INFO 12752 --- [restartedMain] com.zzu.demo.runner.LastRunner           :  __    ___   _      ___   _     ____ _____  ____ 
2020-12-10 10:04:04.073 dev  INFO 12752 --- [restartedMain] com.zzu.demo.runner.LastRunner           : / /`  / / \ | |\/| | |_) | |   | |_   | |  | |_  
2020-12-10 10:04:04.074 dev  INFO 12752 --- [restartedMain] com.zzu.demo.runner.LastRunner           : \_\_, \_\_/ |_|  | |_|   |_|__ |_|__  |_|  |_|__ 
2020-12-10 10:04:04.074 dev  INFO 12752 --- [restartedMain] com.zzu.demo.runner.LastRunner           :                                                       
2020-12-10 10:04:04.074 dev  INFO 12752 --- [restartedMain] com.zzu.demo.runner.LastRunner           : DEMO 启动完毕，时间：2020-12-10T10:04:04.074
2020-12-10 10:04:04.075 dev  INFO 12752 --- [restartedMain] .ConditionEvaluationDeltaLoggingListener : Condition evaluation unchanged
2020-12-10 10:06:17.896 dev  INFO 12752 --- [Thread-48] o.s.s.concurrent.ThreadPoolTaskExecutor  : Shutting down ExecutorService 'applicationTaskExecutor'
2020-12-10 10:06:17.898 dev  INFO 12752 --- [Thread-48] com.alibaba.druid.pool.DruidDataSource   : {dataSource-0} closing ...
2020-12-10 10:06:19.926 dev  INFO 12752 --- [restartedMain] com.zzu.demo.DemoApplication             : Starting DemoApplication on likangshuai with PID 12752 (E:\demo\target\classes started by 14377 in E:\demo)
2020-12-10 10:06:19.927 dev  INFO 12752 --- [restartedMain] com.zzu.demo.DemoApplication             : The following profiles are active: dev
2020-12-10 10:06:21.527 dev  INFO 12752 --- [restartedMain] trationDelegate$BeanPostProcessorChecker : Bean 'org.springframework.ws.config.annotation.DelegatingWsConfiguration' of type [org.springframework.ws.config.annotation.DelegatingWsConfiguration$$EnhancerBySpringCGLIB$$3ebdd51a] is not eligible for getting processed by all BeanPostProcessors (for example: not eligible for auto-proxying)
2020-12-10 10:06:21.529 dev  INFO 12752 --- [restartedMain] .w.s.a.s.AnnotationActionEndpointMapping : Supporting [WS-Addressing August 2004, WS-Addressing 1.0]
2020-12-10 10:06:21.558 dev  INFO 12752 --- [restartedMain] trationDelegate$BeanPostProcessorChecker : Bean 'org.springframework.transaction.annotation.ProxyTransactionManagementConfiguration' of type [org.springframework.transaction.annotation.ProxyTransactionManagementConfiguration$$EnhancerBySpringCGLIB$$9a26101b] is not eligible for getting processed by all BeanPostProcessors (for example: not eligible for auto-proxying)
2020-12-10 10:06:22.277 dev  INFO 12752 --- [restartedMain] o.s.b.w.embedded.tomcat.TomcatWebServer  : Tomcat initialized with port(s): 8989 (http)
2020-12-10 10:06:22.279 dev  INFO 12752 --- [restartedMain] o.a.coyote.http11.Http11NioProtocol      : Initializing ProtocolHandler ["http-nio-8989"]
2020-12-10 10:06:22.281 dev  INFO 12752 --- [restartedMain] o.apache.catalina.core.StandardService   : Starting service [Tomcat]
2020-12-10 10:06:22.281 dev  INFO 12752 --- [restartedMain] org.apache.catalina.core.StandardEngine  : Starting Servlet engine: [Apache Tomcat/9.0.21]
2020-12-10 10:06:22.282 dev  INFO 12752 --- [restartedMain] o.a.catalina.core.AprLifecycleListener   : Loaded APR based Apache Tomcat Native library [1.2.23] using APR version [1.7.0].
2020-12-10 10:06:22.283 dev  INFO 12752 --- [restartedMain] o.a.catalina.core.AprLifecycleListener   : APR capabilities: IPv6 [true], sendfile [true], accept filters [false], random [true].
2020-12-10 10:06:22.283 dev  INFO 12752 --- [restartedMain] o.a.catalina.core.AprLifecycleListener   : APR/OpenSSL configuration: useAprConnector [false], useOpenSSL [true]
2020-12-10 10:06:22.284 dev  INFO 12752 --- [restartedMain] o.a.catalina.core.AprLifecycleListener   : OpenSSL successfully initialized [OpenSSL 1.1.1c  28 May 2019]
2020-12-10 10:06:22.322 dev  INFO 12752 --- [restartedMain] o.a.c.c.C.[Tomcat].[localhost].[/]       : Initializing Spring embedded WebApplicationContext
2020-12-10 10:06:22.323 dev  INFO 12752 --- [restartedMain] o.s.web.context.ContextLoader            : Root WebApplicationContext: initialization completed in 2388 ms
2020-12-10 10:06:26.652 dev  INFO 12752 --- [restartedMain] o.s.s.concurrent.ThreadPoolTaskExecutor  : Initializing ExecutorService 'applicationTaskExecutor'
2020-12-10 10:06:27.004 dev  INFO 12752 --- [restartedMain] o.s.b.a.w.s.WelcomePageHandlerMapping    : Adding welcome page: ServletContext resource [/index.html]
2020-12-10 10:06:28.620 dev  INFO 12752 --- [restartedMain] o.s.b.d.a.OptionalLiveReloadServer       : LiveReload server is running on port 35729
2020-12-10 10:06:28.642 dev  INFO 12752 --- [restartedMain] o.s.b.a.e.web.EndpointLinksResolver      : Exposing 2 endpoint(s) beneath base path '/actuator'
2020-12-10 10:06:28.770 dev  INFO 12752 --- [restartedMain] o.a.coyote.http11.Http11NioProtocol      : Starting ProtocolHandler ["http-nio-8989"]
2020-12-10 10:06:28.776 dev  INFO 12752 --- [restartedMain] o.s.b.w.embedded.tomcat.TomcatWebServer  : Tomcat started on port(s): 8989 (http) with context path ''
2020-12-10 10:06:28.777 dev  INFO 12752 --- [restartedMain] com.zzu.demo.DemoApplication             : Started DemoApplication in 8.936 seconds (JVM running for 3674.018)
2020-12-10 10:06:28.782 dev  INFO 12752 --- [restartedMain] com.zzu.demo.runner.LastRunner           :  __    ___   _      ___   _     ____ _____  ____ 
2020-12-10 10:06:28.783 dev  INFO 12752 --- [restartedMain] com.zzu.demo.runner.LastRunner           : / /`  / / \ | |\/| | |_) | |   | |_   | |  | |_  
2020-12-10 10:06:28.783 dev  INFO 12752 --- [restartedMain] com.zzu.demo.runner.LastRunner           : \_\_, \_\_/ |_|  | |_|   |_|__ |_|__  |_|  |_|__ 
2020-12-10 10:06:28.784 dev  INFO 12752 --- [restartedMain] com.zzu.demo.runner.LastRunner           :                                                       
2020-12-10 10:06:28.784 dev  INFO 12752 --- [restartedMain] com.zzu.demo.runner.LastRunner           : DEMO 启动完毕，时间：2020-12-10T10:06:28.784
2020-12-10 10:06:28.787 dev  INFO 12752 --- [restartedMain] .ConditionEvaluationDeltaLoggingListener : Condition evaluation unchanged
2020-12-10 10:07:16.425 dev  INFO 12752 --- [Thread-54] o.s.s.concurrent.ThreadPoolTaskExecutor  : Shutting down ExecutorService 'applicationTaskExecutor'
2020-12-10 10:07:16.426 dev  INFO 12752 --- [Thread-54] com.alibaba.druid.pool.DruidDataSource   : {dataSource-0} closing ...
2020-12-10 10:07:18.419 dev  INFO 12752 --- [restartedMain] com.zzu.demo.DemoApplication             : Starting DemoApplication on likangshuai with PID 12752 (E:\demo\target\classes started by 14377 in E:\demo)
2020-12-10 10:07:18.420 dev  INFO 12752 --- [restartedMain] com.zzu.demo.DemoApplication             : The following profiles are active: dev
2020-12-10 10:07:19.916 dev  INFO 12752 --- [restartedMain] trationDelegate$BeanPostProcessorChecker : Bean 'org.springframework.ws.config.annotation.DelegatingWsConfiguration' of type [org.springframework.ws.config.annotation.DelegatingWsConfiguration$$EnhancerBySpringCGLIB$$3ebdd51a] is not eligible for getting processed by all BeanPostProcessors (for example: not eligible for auto-proxying)
2020-12-10 10:07:19.919 dev  INFO 12752 --- [restartedMain] .w.s.a.s.AnnotationActionEndpointMapping : Supporting [WS-Addressing August 2004, WS-Addressing 1.0]
2020-12-10 10:07:19.969 dev  INFO 12752 --- [restartedMain] trationDelegate$BeanPostProcessorChecker : Bean 'org.springframework.transaction.annotation.ProxyTransactionManagementConfiguration' of type [org.springframework.transaction.annotation.ProxyTransactionManagementConfiguration$$EnhancerBySpringCGLIB$$9a26101b] is not eligible for getting processed by all BeanPostProcessors (for example: not eligible for auto-proxying)
2020-12-10 10:07:20.467 dev  INFO 12752 --- [restartedMain] o.s.b.w.embedded.tomcat.TomcatWebServer  : Tomcat initialized with port(s): 8989 (http)
2020-12-10 10:07:20.469 dev  INFO 12752 --- [restartedMain] o.a.coyote.http11.Http11NioProtocol      : Initializing ProtocolHandler ["http-nio-8989"]
2020-12-10 10:07:20.471 dev  INFO 12752 --- [restartedMain] o.apache.catalina.core.StandardService   : Starting service [Tomcat]
2020-12-10 10:07:20.471 dev  INFO 12752 --- [restartedMain] org.apache.catalina.core.StandardEngine  : Starting Servlet engine: [Apache Tomcat/9.0.21]
2020-12-10 10:07:20.472 dev  INFO 12752 --- [restartedMain] o.a.catalina.core.AprLifecycleListener   : Loaded APR based Apache Tomcat Native library [1.2.23] using APR version [1.7.0].
2020-12-10 10:07:20.473 dev  INFO 12752 --- [restartedMain] o.a.catalina.core.AprLifecycleListener   : APR capabilities: IPv6 [true], sendfile [true], accept filters [false], random [true].
2020-12-10 10:07:20.473 dev  INFO 12752 --- [restartedMain] o.a.catalina.core.AprLifecycleListener   : APR/OpenSSL configuration: useAprConnector [false], useOpenSSL [true]
2020-12-10 10:07:20.473 dev  INFO 12752 --- [restartedMain] o.a.catalina.core.AprLifecycleListener   : OpenSSL successfully initialized [OpenSSL 1.1.1c  28 May 2019]
2020-12-10 10:07:20.508 dev  INFO 12752 --- [restartedMain] o.a.c.c.C.[Tomcat].[localhost].[/]       : Initializing Spring embedded WebApplicationContext
2020-12-10 10:07:20.508 dev  INFO 12752 --- [restartedMain] o.s.web.context.ContextLoader            : Root WebApplicationContext: initialization completed in 2082 ms
2020-12-10 10:07:24.469 dev  INFO 12752 --- [restartedMain] o.s.s.concurrent.ThreadPoolTaskExecutor  : Initializing ExecutorService 'applicationTaskExecutor'
2020-12-10 10:07:24.871 dev  INFO 12752 --- [restartedMain] o.s.b.a.w.s.WelcomePageHandlerMapping    : Adding welcome page: ServletContext resource [/index.html]
2020-12-10 10:07:26.950 dev  INFO 12752 --- [restartedMain] o.s.b.d.a.OptionalLiveReloadServer       : LiveReload server is running on port 35729
2020-12-10 10:07:26.971 dev  INFO 12752 --- [restartedMain] o.s.b.a.e.web.EndpointLinksResolver      : Exposing 2 endpoint(s) beneath base path '/actuator'
2020-12-10 10:07:27.125 dev  INFO 12752 --- [restartedMain] o.a.coyote.http11.Http11NioProtocol      : Starting ProtocolHandler ["http-nio-8989"]
2020-12-10 10:07:27.130 dev  INFO 12752 --- [restartedMain] o.s.b.w.embedded.tomcat.TomcatWebServer  : Tomcat started on port(s): 8989 (http) with context path ''
2020-12-10 10:07:27.131 dev  INFO 12752 --- [restartedMain] com.zzu.demo.DemoApplication             : Started DemoApplication in 8.801 seconds (JVM running for 3732.371)
2020-12-10 10:07:27.134 dev  INFO 12752 --- [restartedMain] com.zzu.demo.runner.LastRunner           :  __    ___   _      ___   _     ____ _____  ____ 
2020-12-10 10:07:27.134 dev  INFO 12752 --- [restartedMain] com.zzu.demo.runner.LastRunner           : / /`  / / \ | |\/| | |_) | |   | |_   | |  | |_  
2020-12-10 10:07:27.134 dev  INFO 12752 --- [restartedMain] com.zzu.demo.runner.LastRunner           : \_\_, \_\_/ |_|  | |_|   |_|__ |_|__  |_|  |_|__ 
2020-12-10 10:07:27.134 dev  INFO 12752 --- [restartedMain] com.zzu.demo.runner.LastRunner           :                                                       
2020-12-10 10:07:27.135 dev  INFO 12752 --- [restartedMain] com.zzu.demo.runner.LastRunner           : DEMO 启动完毕，时间：2020-12-10T10:07:27.135
2020-12-10 10:07:27.136 dev  INFO 12752 --- [restartedMain] .ConditionEvaluationDeltaLoggingListener : Condition evaluation unchanged
2020-12-10 13:01:07.927 dev  INFO 12752 --- [Thread-60] o.s.s.concurrent.ThreadPoolTaskExecutor  : Shutting down ExecutorService 'applicationTaskExecutor'
2020-12-10 13:01:07.931 dev  INFO 12752 --- [Thread-60] com.alibaba.druid.pool.DruidDataSource   : {dataSource-0} closing ...
2020-12-10 13:01:10.305 dev  INFO 12752 --- [restartedMain] com.zzu.demo.DemoApplication             : Starting DemoApplication on likangshuai with PID 12752 (E:\demo\target\classes started by 14377 in E:\demo)
2020-12-10 13:01:10.306 dev  INFO 12752 --- [restartedMain] com.zzu.demo.DemoApplication             : The following profiles are active: dev
2020-12-10 13:01:11.561 dev  INFO 12752 --- [restartedMain] trationDelegate$BeanPostProcessorChecker : Bean 'org.springframework.ws.config.annotation.DelegatingWsConfiguration' of type [org.springframework.ws.config.annotation.DelegatingWsConfiguration$$EnhancerBySpringCGLIB$$3ebdd51a] is not eligible for getting processed by all BeanPostProcessors (for example: not eligible for auto-proxying)
2020-12-10 13:01:11.563 dev  INFO 12752 --- [restartedMain] .w.s.a.s.AnnotationActionEndpointMapping : Supporting [WS-Addressing August 2004, WS-Addressing 1.0]
2020-12-10 13:01:11.605 dev  INFO 12752 --- [restartedMain] trationDelegate$BeanPostProcessorChecker : Bean 'org.springframework.transaction.annotation.ProxyTransactionManagementConfiguration' of type [org.springframework.transaction.annotation.ProxyTransactionManagementConfiguration$$EnhancerBySpringCGLIB$$9a26101b] is not eligible for getting processed by all BeanPostProcessors (for example: not eligible for auto-proxying)
2020-12-10 13:01:12.102 dev  INFO 12752 --- [restartedMain] o.s.b.w.embedded.tomcat.TomcatWebServer  : Tomcat initialized with port(s): 8989 (http)
2020-12-10 13:01:12.105 dev  INFO 12752 --- [restartedMain] o.a.coyote.http11.Http11NioProtocol      : Initializing ProtocolHandler ["http-nio-8989"]
2020-12-10 13:01:12.106 dev  INFO 12752 --- [restartedMain] o.apache.catalina.core.StandardService   : Starting service [Tomcat]
2020-12-10 13:01:12.107 dev  INFO 12752 --- [restartedMain] org.apache.catalina.core.StandardEngine  : Starting Servlet engine: [Apache Tomcat/9.0.21]
2020-12-10 13:01:12.108 dev  INFO 12752 --- [restartedMain] o.a.catalina.core.AprLifecycleListener   : Loaded APR based Apache Tomcat Native library [1.2.23] using APR version [1.7.0].
2020-12-10 13:01:12.109 dev  INFO 12752 --- [restartedMain] o.a.catalina.core.AprLifecycleListener   : APR capabilities: IPv6 [true], sendfile [true], accept filters [false], random [true].
2020-12-10 13:01:12.109 dev  INFO 12752 --- [restartedMain] o.a.catalina.core.AprLifecycleListener   : APR/OpenSSL configuration: useAprConnector [false], useOpenSSL [true]
2020-12-10 13:01:12.111 dev  INFO 12752 --- [restartedMain] o.a.catalina.core.AprLifecycleListener   : OpenSSL successfully initialized [OpenSSL 1.1.1c  28 May 2019]
2020-12-10 13:01:12.151 dev  INFO 12752 --- [restartedMain] o.a.c.c.C.[Tomcat].[localhost].[/]       : Initializing Spring embedded WebApplicationContext
2020-12-10 13:01:12.151 dev  INFO 12752 --- [restartedMain] o.s.web.context.ContextLoader            : Root WebApplicationContext: initialization completed in 1824 ms
2020-12-10 13:01:16.554 dev  INFO 12752 --- [restartedMain] o.s.s.concurrent.ThreadPoolTaskExecutor  : Initializing ExecutorService 'applicationTaskExecutor'
2020-12-10 13:01:16.766 dev  INFO 12752 --- [restartedMain] o.s.b.a.w.s.WelcomePageHandlerMapping    : Adding welcome page: ServletContext resource [/index.html]
2020-12-10 13:01:17.865 dev  INFO 12752 --- [restartedMain] o.s.b.d.a.OptionalLiveReloadServer       : LiveReload server is running on port 35729
2020-12-10 13:01:17.882 dev  INFO 12752 --- [restartedMain] o.s.b.a.e.web.EndpointLinksResolver      : Exposing 2 endpoint(s) beneath base path '/actuator'
2020-12-10 13:01:17.968 dev  INFO 12752 --- [restartedMain] o.a.coyote.http11.Http11NioProtocol      : Starting ProtocolHandler ["http-nio-8989"]
2020-12-10 13:01:17.972 dev  INFO 12752 --- [restartedMain] o.s.b.w.embedded.tomcat.TomcatWebServer  : Tomcat started on port(s): 8989 (http) with context path ''
2020-12-10 13:01:17.973 dev  INFO 12752 --- [restartedMain] com.zzu.demo.DemoApplication             : Started DemoApplication in 7.78 seconds (JVM running for 14163.266)
2020-12-10 13:01:17.975 dev  INFO 12752 --- [restartedMain] com.zzu.demo.runner.LastRunner           :  __    ___   _      ___   _     ____ _____  ____ 
2020-12-10 13:01:17.975 dev  INFO 12752 --- [restartedMain] com.zzu.demo.runner.LastRunner           : / /`  / / \ | |\/| | |_) | |   | |_   | |  | |_  
2020-12-10 13:01:17.976 dev  INFO 12752 --- [restartedMain] com.zzu.demo.runner.LastRunner           : \_\_, \_\_/ |_|  | |_|   |_|__ |_|__  |_|  |_|__ 
2020-12-10 13:01:17.976 dev  INFO 12752 --- [restartedMain] com.zzu.demo.runner.LastRunner           :                                                       
2020-12-10 13:01:17.976 dev  INFO 12752 --- [restartedMain] com.zzu.demo.runner.LastRunner           : DEMO 启动完毕，时间：2020-12-10T13:01:17.976
2020-12-10 13:01:17.978 dev  INFO 12752 --- [restartedMain] .ConditionEvaluationDeltaLoggingListener : Condition evaluation unchanged
2020-12-10 14:03:41.914 dev  INFO 12752 --- [Thread-71] o.s.s.concurrent.ThreadPoolTaskExecutor  : Shutting down ExecutorService 'applicationTaskExecutor'
2020-12-10 14:03:41.916 dev  INFO 12752 --- [Thread-71] com.alibaba.druid.pool.DruidDataSource   : {dataSource-0} closing ...
