2020-08-19 15:14:31.498 dev  INFO 9872 --- [main] com.zzu.demo.DemoApplicationTests        : Starting DemoApplicationTests on likangshuai with PID 9872 (started by 14377 in E:\demo)
2020-08-19 15:14:31.505 dev  INFO 9872 --- [main] com.zzu.demo.DemoApplicationTests        : The following profiles are active: dev
2020-08-19 15:14:34.386 dev  INFO 9872 --- [main] trationDelegate$BeanPostProcessorChecker : Bean 'org.springframework.ws.config.annotation.DelegatingWsConfiguration' of type [org.springframework.ws.config.annotation.DelegatingWsConfiguration$$EnhancerBySpringCGLIB$$7fa3e4f4] is not eligible for getting processed by all BeanPostProcessors (for example: not eligible for auto-proxying)
2020-08-19 15:14:34.466 dev  INFO 9872 --- [main] .w.s.a.s.AnnotationActionEndpointMapping : Supporting [WS-Addressing August 2004, WS-Addressing 1.0]
2020-08-19 15:14:34.535 dev  INFO 9872 --- [main] trationDelegate$BeanPostProcessorChecker : Bean 'org.springframework.transaction.annotation.ProxyTransactionManagementConfiguration' of type [org.springframework.transaction.annotation.ProxyTransactionManagementConfiguration$$EnhancerBySpringCGLIB$$db0c1ff5] is not eligible for getting processed by all BeanPostProcessors (for example: not eligible for auto-proxying)
2020-08-19 15:14:38.290 dev  INFO 9872 --- [main] o.s.s.concurrent.ThreadPoolTaskExecutor  : Initializing ExecutorService 'applicationTaskExecutor'
2020-08-19 15:14:38.723 dev  INFO 9872 --- [main] o.s.b.a.w.s.WelcomePageHandlerMapping    : Adding welcome page: ServletContext resource [/index.html]
2020-08-19 15:14:40.695 dev  INFO 9872 --- [main] o.s.b.a.e.web.EndpointLinksResolver      : Exposing 2 endpoint(s) beneath base path '/actuator'
2020-08-19 15:14:41.087 dev  INFO 9872 --- [main] com.zzu.demo.DemoApplicationTests        : Started DemoApplicationTests in 10.263 seconds (JVM running for 11.691)
2020-08-19 15:14:41.097 dev  INFO 9872 --- [main] com.zzu.demo.runner.LastRunner           :  __    ___   _      ___   _     ____ _____  ____ 
2020-08-19 15:14:41.098 dev  INFO 9872 --- [main] com.zzu.demo.runner.LastRunner           : / /`  / / \ | |\/| | |_) | |   | |_   | |  | |_  
2020-08-19 15:14:41.098 dev  INFO 9872 --- [main] com.zzu.demo.runner.LastRunner           : \_\_, \_\_/ |_|  | |_|   |_|__ |_|__  |_|  |_|__ 
2020-08-19 15:14:41.099 dev  INFO 9872 --- [main] com.zzu.demo.runner.LastRunner           :                                                       
2020-08-19 15:14:41.108 dev  INFO 9872 --- [main] com.zzu.demo.runner.LastRunner           : DEMO 启动完毕，时间：2020-08-19T15:14:41.108
2020-08-19 15:14:41.577 dev  INFO 9872 --- [Thread-3] o.s.s.concurrent.ThreadPoolTaskExecutor  : Shutting down ExecutorService 'applicationTaskExecutor'
2020-08-19 15:14:41.581 dev  INFO 9872 --- [Thread-3] com.alibaba.druid.pool.DruidDataSource   : {dataSource-0} closing ...
2020-08-19 15:15:04.530 dev  INFO 18504 --- [main] com.zzu.demo.DemoApplicationTests        : Starting DemoApplicationTests on likangshuai with PID 18504 (started by 14377 in E:\demo)
2020-08-19 15:15:04.532 dev  INFO 18504 --- [main] com.zzu.demo.DemoApplicationTests        : The following profiles are active: dev
2020-08-19 15:15:07.861 dev  INFO 18504 --- [main] trationDelegate$BeanPostProcessorChecker : Bean 'org.springframework.ws.config.annotation.DelegatingWsConfiguration' of type [org.springframework.ws.config.annotation.DelegatingWsConfiguration$$EnhancerBySpringCGLIB$$75960086] is not eligible for getting processed by all BeanPostProcessors (for example: not eligible for auto-proxying)
2020-08-19 15:15:07.916 dev  INFO 18504 --- [main] .w.s.a.s.AnnotationActionEndpointMapping : Supporting [WS-Addressing August 2004, WS-Addressing 1.0]
2020-08-19 15:15:07.955 dev  INFO 18504 --- [main] trationDelegate$BeanPostProcessorChecker : Bean 'org.springframework.transaction.annotation.ProxyTransactionManagementConfiguration' of type [org.springframework.transaction.annotation.ProxyTransactionManagementConfiguration$$EnhancerBySpringCGLIB$$d0fe3b87] is not eligible for getting processed by all BeanPostProcessors (for example: not eligible for auto-proxying)
2020-08-19 15:15:11.628 dev  INFO 18504 --- [main] o.s.s.concurrent.ThreadPoolTaskExecutor  : Initializing ExecutorService 'applicationTaskExecutor'
2020-08-19 15:15:12.096 dev  INFO 18504 --- [main] o.s.b.a.w.s.WelcomePageHandlerMapping    : Adding welcome page: ServletContext resource [/index.html]
2020-08-19 15:15:14.437 dev  INFO 18504 --- [main] o.s.b.a.e.web.EndpointLinksResolver      : Exposing 2 endpoint(s) beneath base path '/actuator'
2020-08-19 15:15:14.816 dev  INFO 18504 --- [main] com.zzu.demo.DemoApplicationTests        : Started DemoApplicationTests in 11.272 seconds (JVM running for 12.827)
2020-08-19 15:15:14.833 dev  INFO 18504 --- [main] com.zzu.demo.runner.LastRunner           :  __    ___   _      ___   _     ____ _____  ____ 
2020-08-19 15:15:14.833 dev  INFO 18504 --- [main] com.zzu.demo.runner.LastRunner           : / /`  / / \ | |\/| | |_) | |   | |_   | |  | |_  
2020-08-19 15:15:14.834 dev  INFO 18504 --- [main] com.zzu.demo.runner.LastRunner           : \_\_, \_\_/ |_|  | |_|   |_|__ |_|__  |_|  |_|__ 
2020-08-19 15:15:14.834 dev  INFO 18504 --- [main] com.zzu.demo.runner.LastRunner           :                                                       
2020-08-19 15:15:14.851 dev  INFO 18504 --- [main] com.zzu.demo.runner.LastRunner           : DEMO 启动完毕，时间：2020-08-19T15:15:14.850
2020-08-19 15:15:46.860 dev  INFO 18504 --- [Thread-3] o.s.s.concurrent.ThreadPoolTaskExecutor  : Shutting down ExecutorService 'applicationTaskExecutor'
2020-08-19 15:15:46.866 dev  INFO 18504 --- [Thread-3] com.alibaba.druid.pool.DruidDataSource   : {dataSource-0} closing ...
