2020-08-21 15:00:29.218 dev  INFO 26668 --- [restartedMain] com.zzu.demo.DemoApplication             : Starting DemoApplication on likangshuai with PID 26668 (E:\demo\target\classes started by 14377 in E:\demo)
2020-08-21 15:00:29.226 dev  INFO 26668 --- [restartedMain] com.zzu.demo.DemoApplication             : The following profiles are active: dev
2020-08-21 15:00:29.411 dev  INFO 26668 --- [restartedMain] .e.DevToolsPropertyDefaultsPostProcessor : Devtools property defaults active! Set 'spring.devtools.add-properties' to 'false' to disable
2020-08-21 15:00:29.411 dev  INFO 26668 --- [restartedMain] .e.DevToolsPropertyDefaultsPostProcessor : For additional web related logging consider setting the 'logging.level.web' property to 'DEBUG'
2020-08-21 15:00:32.950 dev  INFO 26668 --- [restartedMain] trationDelegate$BeanPostProcessorChecker : Bean 'org.springframework.ws.config.annotation.DelegatingWsConfiguration' of type [org.springframework.ws.config.annotation.DelegatingWsConfiguration$$EnhancerBySpringCGLIB$$ca03cc7e] is not eligible for getting processed by all BeanPostProcessors (for example: not eligible for auto-proxying)
2020-08-21 15:00:33.031 dev  INFO 26668 --- [restartedMain] .w.s.a.s.AnnotationActionEndpointMapping : Supporting [WS-Addressing August 2004, WS-Addressing 1.0]
2020-08-21 15:00:33.125 dev  INFO 26668 --- [restartedMain] trationDelegate$BeanPostProcessorChecker : Bean 'org.springframework.transaction.annotation.ProxyTransactionManagementConfiguration' of type [org.springframework.transaction.annotation.ProxyTransactionManagementConfiguration$$EnhancerBySpringCGLIB$$256c077f] is not eligible for getting processed by all BeanPostProcessors (for example: not eligible for auto-proxying)
2020-08-21 15:00:34.277 dev  INFO 26668 --- [restartedMain] o.s.b.w.embedded.tomcat.TomcatWebServer  : Tomcat initialized with port(s): 8989 (http)
2020-08-21 15:00:34.312 dev  INFO 26668 --- [restartedMain] o.a.coyote.http11.Http11NioProtocol      : Initializing ProtocolHandler ["http-nio-8989"]
2020-08-21 15:00:34.333 dev  INFO 26668 --- [restartedMain] o.apache.catalina.core.StandardService   : Starting service [Tomcat]
2020-08-21 15:00:34.334 dev  INFO 26668 --- [restartedMain] org.apache.catalina.core.StandardEngine  : Starting Servlet engine: [Apache Tomcat/9.0.21]
2020-08-21 15:00:34.350 dev  INFO 26668 --- [restartedMain] o.a.catalina.core.AprLifecycleListener   : Loaded APR based Apache Tomcat Native library [1.2.23] using APR version [1.7.0].
2020-08-21 15:00:34.351 dev  INFO 26668 --- [restartedMain] o.a.catalina.core.AprLifecycleListener   : APR capabilities: IPv6 [true], sendfile [true], accept filters [false], random [true].
2020-08-21 15:00:34.351 dev  INFO 26668 --- [restartedMain] o.a.catalina.core.AprLifecycleListener   : APR/OpenSSL configuration: useAprConnector [false], useOpenSSL [true]
2020-08-21 15:00:34.360 dev  INFO 26668 --- [restartedMain] o.a.catalina.core.AprLifecycleListener   : OpenSSL successfully initialized [OpenSSL 1.1.1c  28 May 2019]
2020-08-21 15:00:34.899 dev  INFO 26668 --- [restartedMain] o.a.c.c.C.[Tomcat].[localhost].[/]       : Initializing Spring embedded WebApplicationContext
2020-08-21 15:00:34.899 dev  INFO 26668 --- [restartedMain] o.s.web.context.ContextLoader            : Root WebApplicationContext: initialization completed in 5487 ms
2020-08-21 15:00:39.220 dev  INFO 26668 --- [restartedMain] o.s.s.concurrent.ThreadPoolTaskExecutor  : Initializing ExecutorService 'applicationTaskExecutor'
2020-08-21 15:00:39.506 dev  INFO 26668 --- [restartedMain] o.s.b.a.w.s.WelcomePageHandlerMapping    : Adding welcome page: ServletContext resource [/index.html]
2020-08-21 15:00:40.404 dev  INFO 26668 --- [restartedMain] o.s.b.d.a.OptionalLiveReloadServer       : LiveReload server is running on port 35729
2020-08-21 15:00:40.428 dev  INFO 26668 --- [restartedMain] o.s.b.a.e.web.EndpointLinksResolver      : Exposing 2 endpoint(s) beneath base path '/actuator'
2020-08-21 15:00:40.774 dev  INFO 26668 --- [restartedMain] o.a.coyote.http11.Http11NioProtocol      : Starting ProtocolHandler ["http-nio-8989"]
2020-08-21 15:00:40.822 dev  INFO 26668 --- [restartedMain] o.s.b.w.embedded.tomcat.TomcatWebServer  : Tomcat started on port(s): 8989 (http) with context path ''
2020-08-21 15:00:40.829 dev  INFO 26668 --- [restartedMain] com.zzu.demo.DemoApplication             : Started DemoApplication in 13.088 seconds (JVM running for 15.863)
2020-08-21 15:00:40.857 dev  INFO 26668 --- [restartedMain] com.zzu.demo.runner.LastRunner           :  __    ___   _      ___   _     ____ _____  ____ 
2020-08-21 15:00:40.858 dev  INFO 26668 --- [restartedMain] com.zzu.demo.runner.LastRunner           : / /`  / / \ | |\/| | |_) | |   | |_   | |  | |_  
2020-08-21 15:00:40.858 dev  INFO 26668 --- [restartedMain] com.zzu.demo.runner.LastRunner           : \_\_, \_\_/ |_|  | |_|   |_|__ |_|__  |_|  |_|__ 
2020-08-21 15:00:40.858 dev  INFO 26668 --- [restartedMain] com.zzu.demo.runner.LastRunner           :                                                       
2020-08-21 15:00:40.867 dev  INFO 26668 --- [restartedMain] com.zzu.demo.runner.LastRunner           : DEMO 启动完毕，时间：2020-08-21T15:00:40.867
2020-08-21 15:00:41.474 dev  INFO 26668 --- [RMI TCP Connection(2)-192.200.6.58] o.a.c.c.C.[Tomcat].[localhost].[/]       : Initializing Spring DispatcherServlet 'dispatcherServlet'
2020-08-21 15:00:41.474 dev  INFO 26668 --- [RMI TCP Connection(2)-192.200.6.58] o.s.web.servlet.DispatcherServlet        : Initializing Servlet 'dispatcherServlet'
2020-08-21 15:00:41.511 dev  INFO 26668 --- [RMI TCP Connection(2)-192.200.6.58] o.s.web.servlet.DispatcherServlet        : Completed initialization in 36 ms
2020-08-21 15:00:41.528 dev  INFO 26668 --- [RMI TCP Connection(1)-192.200.6.58] com.alibaba.druid.pool.DruidDataSource   : {dataSource-1} inited
2020-08-21 15:01:23.673 dev  INFO 26668 --- [Druid-ConnectionPool-Create-1497973001] c.a.druid.pool.DruidAbstractDataSource   : {dataSource-1} failContinuous is true
2020-08-21 15:01:35.474 dev  INFO 26668 --- [Thread-32] o.s.s.concurrent.ThreadPoolTaskExecutor  : Shutting down ExecutorService 'applicationTaskExecutor'
2020-08-21 15:01:35.476 dev  INFO 26668 --- [Thread-32] com.alibaba.druid.pool.DruidDataSource   : {dataSource-1} closing ...
2020-08-21 15:01:35.477 dev  INFO 26668 --- [Thread-32] com.alibaba.druid.pool.DruidDataSource   : {dataSource-1} closed
2020-08-21 15:01:42.026 dev  INFO 9200 --- [restartedMain] com.zzu.demo.DemoApplication             : Starting DemoApplication on likangshuai with PID 9200 (E:\demo\target\classes started by 14377 in E:\demo)
2020-08-21 15:01:42.028 dev  INFO 9200 --- [restartedMain] com.zzu.demo.DemoApplication             : The following profiles are active: dev
2020-08-21 15:01:42.186 dev  INFO 9200 --- [restartedMain] .e.DevToolsPropertyDefaultsPostProcessor : Devtools property defaults active! Set 'spring.devtools.add-properties' to 'false' to disable
2020-08-21 15:01:42.186 dev  INFO 9200 --- [restartedMain] .e.DevToolsPropertyDefaultsPostProcessor : For additional web related logging consider setting the 'logging.level.web' property to 'DEBUG'
2020-08-21 15:01:44.514 dev  INFO 9200 --- [restartedMain] trationDelegate$BeanPostProcessorChecker : Bean 'org.springframework.ws.config.annotation.DelegatingWsConfiguration' of type [org.springframework.ws.config.annotation.DelegatingWsConfiguration$$EnhancerBySpringCGLIB$$a7dffd36] is not eligible for getting processed by all BeanPostProcessors (for example: not eligible for auto-proxying)
2020-08-21 15:01:44.546 dev  INFO 9200 --- [restartedMain] .w.s.a.s.AnnotationActionEndpointMapping : Supporting [WS-Addressing August 2004, WS-Addressing 1.0]
2020-08-21 15:01:44.577 dev  INFO 9200 --- [restartedMain] trationDelegate$BeanPostProcessorChecker : Bean 'org.springframework.transaction.annotation.ProxyTransactionManagementConfiguration' of type [org.springframework.transaction.annotation.ProxyTransactionManagementConfiguration$$EnhancerBySpringCGLIB$$3483837] is not eligible for getting processed by all BeanPostProcessors (for example: not eligible for auto-proxying)
2020-08-21 15:01:45.047 dev  INFO 9200 --- [restartedMain] o.s.b.w.embedded.tomcat.TomcatWebServer  : Tomcat initialized with port(s): 8989 (http)
2020-08-21 15:01:45.065 dev  INFO 9200 --- [restartedMain] o.a.coyote.http11.Http11NioProtocol      : Initializing ProtocolHandler ["http-nio-8989"]
2020-08-21 15:01:45.076 dev  INFO 9200 --- [restartedMain] o.apache.catalina.core.StandardService   : Starting service [Tomcat]
2020-08-21 15:01:45.076 dev  INFO 9200 --- [restartedMain] org.apache.catalina.core.StandardEngine  : Starting Servlet engine: [Apache Tomcat/9.0.21]
2020-08-21 15:01:45.086 dev  INFO 9200 --- [restartedMain] o.a.catalina.core.AprLifecycleListener   : Loaded APR based Apache Tomcat Native library [1.2.23] using APR version [1.7.0].
2020-08-21 15:01:45.086 dev  INFO 9200 --- [restartedMain] o.a.catalina.core.AprLifecycleListener   : APR capabilities: IPv6 [true], sendfile [true], accept filters [false], random [true].
2020-08-21 15:01:45.086 dev  INFO 9200 --- [restartedMain] o.a.catalina.core.AprLifecycleListener   : APR/OpenSSL configuration: useAprConnector [false], useOpenSSL [true]
2020-08-21 15:01:45.091 dev  INFO 9200 --- [restartedMain] o.a.catalina.core.AprLifecycleListener   : OpenSSL successfully initialized [OpenSSL 1.1.1c  28 May 2019]
2020-08-21 15:01:45.341 dev  INFO 9200 --- [restartedMain] o.a.c.c.C.[Tomcat].[localhost].[/]       : Initializing Spring embedded WebApplicationContext
2020-08-21 15:01:45.342 dev  INFO 9200 --- [restartedMain] o.s.web.context.ContextLoader            : Root WebApplicationContext: initialization completed in 3155 ms
2020-08-21 15:01:47.988 dev  INFO 9200 --- [restartedMain] o.s.s.concurrent.ThreadPoolTaskExecutor  : Initializing ExecutorService 'applicationTaskExecutor'
2020-08-21 15:01:48.207 dev  INFO 9200 --- [restartedMain] o.s.b.a.w.s.WelcomePageHandlerMapping    : Adding welcome page: ServletContext resource [/index.html]
2020-08-21 15:01:48.907 dev  INFO 9200 --- [restartedMain] o.s.b.d.a.OptionalLiveReloadServer       : LiveReload server is running on port 35729
2020-08-21 15:01:48.922 dev  INFO 9200 --- [restartedMain] o.s.b.a.e.web.EndpointLinksResolver      : Exposing 2 endpoint(s) beneath base path '/actuator'
2020-08-21 15:01:49.154 dev  INFO 9200 --- [restartedMain] o.a.coyote.http11.Http11NioProtocol      : Starting ProtocolHandler ["http-nio-8989"]
2020-08-21 15:01:49.186 dev  INFO 9200 --- [restartedMain] o.s.b.w.embedded.tomcat.TomcatWebServer  : Tomcat started on port(s): 8989 (http) with context path ''
2020-08-21 15:01:49.191 dev  INFO 9200 --- [restartedMain] com.zzu.demo.DemoApplication             : Started DemoApplication in 8.566 seconds (JVM running for 10.632)
2020-08-21 15:01:49.204 dev  INFO 9200 --- [restartedMain] com.zzu.demo.runner.LastRunner           :  __    ___   _      ___   _     ____ _____  ____ 
2020-08-21 15:01:49.204 dev  INFO 9200 --- [restartedMain] com.zzu.demo.runner.LastRunner           : / /`  / / \ | |\/| | |_) | |   | |_   | |  | |_  
2020-08-21 15:01:49.205 dev  INFO 9200 --- [restartedMain] com.zzu.demo.runner.LastRunner           : \_\_, \_\_/ |_|  | |_|   |_|__ |_|__  |_|  |_|__ 
2020-08-21 15:01:49.205 dev  INFO 9200 --- [restartedMain] com.zzu.demo.runner.LastRunner           :                                                       
2020-08-21 15:01:49.210 dev  INFO 9200 --- [restartedMain] com.zzu.demo.runner.LastRunner           : DEMO 启动完毕，时间：2020-08-21T15:01:49.210
2020-08-21 15:01:50.038 dev  INFO 9200 --- [RMI TCP Connection(2)-192.200.6.58] o.a.c.c.C.[Tomcat].[localhost].[/]       : Initializing Spring DispatcherServlet 'dispatcherServlet'
2020-08-21 15:01:50.039 dev  INFO 9200 --- [RMI TCP Connection(2)-192.200.6.58] o.s.web.servlet.DispatcherServlet        : Initializing Servlet 'dispatcherServlet'
2020-08-21 15:01:50.057 dev  INFO 9200 --- [RMI TCP Connection(2)-192.200.6.58] o.s.web.servlet.DispatcherServlet        : Completed initialization in 18 ms
2020-08-21 15:01:50.064 dev  INFO 9200 --- [RMI TCP Connection(1)-192.200.6.58] com.alibaba.druid.pool.DruidDataSource   : {dataSource-1} inited
2020-08-21 15:03:24.112 dev  INFO 9200 --- [Thread-24] o.s.s.concurrent.ThreadPoolTaskExecutor  : Shutting down ExecutorService 'applicationTaskExecutor'
2020-08-21 15:03:24.113 dev  INFO 9200 --- [Thread-24] com.alibaba.druid.pool.DruidDataSource   : {dataSource-1} closing ...
2020-08-21 15:03:24.118 dev  INFO 9200 --- [Thread-24] com.alibaba.druid.pool.DruidDataSource   : {dataSource-1} closed
2020-08-21 15:03:34.921 dev  INFO 26496 --- [restartedMain] com.zzu.demo.DemoApplication             : Starting DemoApplication on likangshuai with PID 26496 (E:\demo\target\classes started by 14377 in E:\demo)
2020-08-21 15:03:34.922 dev  INFO 26496 --- [restartedMain] com.zzu.demo.DemoApplication             : The following profiles are active: dev
2020-08-21 15:03:35.075 dev  INFO 26496 --- [restartedMain] .e.DevToolsPropertyDefaultsPostProcessor : Devtools property defaults active! Set 'spring.devtools.add-properties' to 'false' to disable
2020-08-21 15:03:35.076 dev  INFO 26496 --- [restartedMain] .e.DevToolsPropertyDefaultsPostProcessor : For additional web related logging consider setting the 'logging.level.web' property to 'DEBUG'
2020-08-21 15:03:38.054 dev  INFO 26496 --- [restartedMain] trationDelegate$BeanPostProcessorChecker : Bean 'org.springframework.ws.config.annotation.DelegatingWsConfiguration' of type [org.springframework.ws.config.annotation.DelegatingWsConfiguration$$EnhancerBySpringCGLIB$$87e1206] is not eligible for getting processed by all BeanPostProcessors (for example: not eligible for auto-proxying)
2020-08-21 15:03:38.101 dev  INFO 26496 --- [restartedMain] .w.s.a.s.AnnotationActionEndpointMapping : Supporting [WS-Addressing August 2004, WS-Addressing 1.0]
2020-08-21 15:03:38.153 dev  INFO 26496 --- [restartedMain] trationDelegate$BeanPostProcessorChecker : Bean 'org.springframework.transaction.annotation.ProxyTransactionManagementConfiguration' of type [org.springframework.transaction.annotation.ProxyTransactionManagementConfiguration$$EnhancerBySpringCGLIB$$63e64d07] is not eligible for getting processed by all BeanPostProcessors (for example: not eligible for auto-proxying)
2020-08-21 15:03:39.075 dev  INFO 26496 --- [restartedMain] o.s.b.w.embedded.tomcat.TomcatWebServer  : Tomcat initialized with port(s): 8989 (http)
2020-08-21 15:03:39.106 dev  INFO 26496 --- [restartedMain] o.a.coyote.http11.Http11NioProtocol      : Initializing ProtocolHandler ["http-nio-8989"]
2020-08-21 15:03:39.130 dev  INFO 26496 --- [restartedMain] o.apache.catalina.core.StandardService   : Starting service [Tomcat]
2020-08-21 15:03:39.132 dev  INFO 26496 --- [restartedMain] org.apache.catalina.core.StandardEngine  : Starting Servlet engine: [Apache Tomcat/9.0.21]
2020-08-21 15:03:39.147 dev  INFO 26496 --- [restartedMain] o.a.catalina.core.AprLifecycleListener   : Loaded APR based Apache Tomcat Native library [1.2.23] using APR version [1.7.0].
2020-08-21 15:03:39.148 dev  INFO 26496 --- [restartedMain] o.a.catalina.core.AprLifecycleListener   : APR capabilities: IPv6 [true], sendfile [true], accept filters [false], random [true].
2020-08-21 15:03:39.149 dev  INFO 26496 --- [restartedMain] o.a.catalina.core.AprLifecycleListener   : APR/OpenSSL configuration: useAprConnector [false], useOpenSSL [true]
2020-08-21 15:03:39.156 dev  INFO 26496 --- [restartedMain] o.a.catalina.core.AprLifecycleListener   : OpenSSL successfully initialized [OpenSSL 1.1.1c  28 May 2019]
2020-08-21 15:03:39.613 dev  INFO 26496 --- [restartedMain] o.a.c.c.C.[Tomcat].[localhost].[/]       : Initializing Spring embedded WebApplicationContext
2020-08-21 15:03:39.613 dev  INFO 26496 --- [restartedMain] o.s.web.context.ContextLoader            : Root WebApplicationContext: initialization completed in 4536 ms
2020-08-21 15:03:43.184 dev  INFO 26496 --- [restartedMain] o.s.s.concurrent.ThreadPoolTaskExecutor  : Initializing ExecutorService 'applicationTaskExecutor'
2020-08-21 15:03:43.420 dev  INFO 26496 --- [restartedMain] o.s.b.a.w.s.WelcomePageHandlerMapping    : Adding welcome page: ServletContext resource [/index.html]
2020-08-21 15:03:44.234 dev  INFO 26496 --- [restartedMain] o.s.b.d.a.OptionalLiveReloadServer       : LiveReload server is running on port 35729
2020-08-21 15:03:44.251 dev  INFO 26496 --- [restartedMain] o.s.b.a.e.web.EndpointLinksResolver      : Exposing 2 endpoint(s) beneath base path '/actuator'
2020-08-21 15:03:44.544 dev  INFO 26496 --- [restartedMain] o.a.coyote.http11.Http11NioProtocol      : Starting ProtocolHandler ["http-nio-8989"]
2020-08-21 15:03:44.579 dev  INFO 26496 --- [restartedMain] o.s.b.w.embedded.tomcat.TomcatWebServer  : Tomcat started on port(s): 8989 (http) with context path ''
2020-08-21 15:03:44.585 dev  INFO 26496 --- [restartedMain] com.zzu.demo.DemoApplication             : Started DemoApplication in 10.64 seconds (JVM running for 13.727)
2020-08-21 15:03:44.604 dev  INFO 26496 --- [restartedMain] com.zzu.demo.runner.LastRunner           :  __    ___   _      ___   _     ____ _____  ____ 
2020-08-21 15:03:44.605 dev  INFO 26496 --- [restartedMain] com.zzu.demo.runner.LastRunner           : / /`  / / \ | |\/| | |_) | |   | |_   | |  | |_  
2020-08-21 15:03:44.605 dev  INFO 26496 --- [restartedMain] com.zzu.demo.runner.LastRunner           : \_\_, \_\_/ |_|  | |_|   |_|__ |_|__  |_|  |_|__ 
2020-08-21 15:03:44.605 dev  INFO 26496 --- [restartedMain] com.zzu.demo.runner.LastRunner           :                                                       
2020-08-21 15:03:44.612 dev  INFO 26496 --- [restartedMain] com.zzu.demo.runner.LastRunner           : DEMO 启动完毕，时间：2020-08-21T15:03:44.612
2020-08-21 15:03:44.938 dev  INFO 26496 --- [RMI TCP Connection(5)-192.200.6.58] o.a.c.c.C.[Tomcat].[localhost].[/]       : Initializing Spring DispatcherServlet 'dispatcherServlet'
2020-08-21 15:03:44.938 dev  INFO 26496 --- [RMI TCP Connection(5)-192.200.6.58] o.s.web.servlet.DispatcherServlet        : Initializing Servlet 'dispatcherServlet'
2020-08-21 15:03:44.953 dev  INFO 26496 --- [RMI TCP Connection(5)-192.200.6.58] o.s.web.servlet.DispatcherServlet        : Completed initialization in 14 ms
2020-08-21 15:03:44.960 dev  INFO 26496 --- [RMI TCP Connection(6)-192.200.6.58] com.alibaba.druid.pool.DruidDataSource   : {dataSource-1} inited
2020-08-21 15:04:43.711 dev  INFO 26496 --- [Thread-21] o.s.s.concurrent.ThreadPoolTaskExecutor  : Shutting down ExecutorService 'applicationTaskExecutor'
2020-08-21 15:04:43.712 dev  INFO 26496 --- [Thread-21] com.alibaba.druid.pool.DruidDataSource   : {dataSource-1} closing ...
2020-08-21 15:04:43.715 dev  INFO 26496 --- [Thread-21] com.alibaba.druid.pool.DruidDataSource   : {dataSource-1} closed
2020-08-21 15:04:52.352 dev  INFO 28012 --- [restartedMain] com.zzu.demo.DemoApplication             : Starting DemoApplication on likangshuai with PID 28012 (E:\demo\target\classes started by 14377 in E:\demo)
2020-08-21 15:04:52.353 dev  INFO 28012 --- [restartedMain] com.zzu.demo.DemoApplication             : The following profiles are active: dev
2020-08-21 15:04:52.497 dev  INFO 28012 --- [restartedMain] .e.DevToolsPropertyDefaultsPostProcessor : Devtools property defaults active! Set 'spring.devtools.add-properties' to 'false' to disable
2020-08-21 15:04:52.498 dev  INFO 28012 --- [restartedMain] .e.DevToolsPropertyDefaultsPostProcessor : For additional web related logging consider setting the 'logging.level.web' property to 'DEBUG'
2020-08-21 15:04:55.241 dev  INFO 28012 --- [restartedMain] trationDelegate$BeanPostProcessorChecker : Bean 'org.springframework.ws.config.annotation.DelegatingWsConfiguration' of type [org.springframework.ws.config.annotation.DelegatingWsConfiguration$$EnhancerBySpringCGLIB$$828bee71] is not eligible for getting processed by all BeanPostProcessors (for example: not eligible for auto-proxying)
2020-08-21 15:04:55.278 dev  INFO 28012 --- [restartedMain] .w.s.a.s.AnnotationActionEndpointMapping : Supporting [WS-Addressing August 2004, WS-Addressing 1.0]
2020-08-21 15:04:55.335 dev  INFO 28012 --- [restartedMain] trationDelegate$BeanPostProcessorChecker : Bean 'org.springframework.transaction.annotation.ProxyTransactionManagementConfiguration' of type [org.springframework.transaction.annotation.ProxyTransactionManagementConfiguration$$EnhancerBySpringCGLIB$$ddf42972] is not eligible for getting processed by all BeanPostProcessors (for example: not eligible for auto-proxying)
2020-08-21 15:04:56.009 dev  INFO 28012 --- [restartedMain] o.s.b.w.embedded.tomcat.TomcatWebServer  : Tomcat initialized with port(s): 8989 (http)
2020-08-21 15:04:56.033 dev  INFO 28012 --- [restartedMain] o.a.coyote.http11.Http11NioProtocol      : Initializing ProtocolHandler ["http-nio-8989"]
2020-08-21 15:04:56.045 dev  INFO 28012 --- [restartedMain] o.apache.catalina.core.StandardService   : Starting service [Tomcat]
2020-08-21 15:04:56.045 dev  INFO 28012 --- [restartedMain] org.apache.catalina.core.StandardEngine  : Starting Servlet engine: [Apache Tomcat/9.0.21]
2020-08-21 15:04:56.055 dev  INFO 28012 --- [restartedMain] o.a.catalina.core.AprLifecycleListener   : Loaded APR based Apache Tomcat Native library [1.2.23] using APR version [1.7.0].
2020-08-21 15:04:56.056 dev  INFO 28012 --- [restartedMain] o.a.catalina.core.AprLifecycleListener   : APR capabilities: IPv6 [true], sendfile [true], accept filters [false], random [true].
2020-08-21 15:04:56.057 dev  INFO 28012 --- [restartedMain] o.a.catalina.core.AprLifecycleListener   : APR/OpenSSL configuration: useAprConnector [false], useOpenSSL [true]
2020-08-21 15:04:56.061 dev  INFO 28012 --- [restartedMain] o.a.catalina.core.AprLifecycleListener   : OpenSSL successfully initialized [OpenSSL 1.1.1c  28 May 2019]
2020-08-21 15:04:56.371 dev  INFO 28012 --- [restartedMain] o.a.c.c.C.[Tomcat].[localhost].[/]       : Initializing Spring embedded WebApplicationContext
2020-08-21 15:04:56.371 dev  INFO 28012 --- [restartedMain] o.s.web.context.ContextLoader            : Root WebApplicationContext: initialization completed in 3873 ms
2020-08-21 15:04:59.126 dev  INFO 28012 --- [restartedMain] o.s.s.concurrent.ThreadPoolTaskExecutor  : Initializing ExecutorService 'applicationTaskExecutor'
2020-08-21 15:04:59.324 dev  INFO 28012 --- [restartedMain] o.s.b.a.w.s.WelcomePageHandlerMapping    : Adding welcome page: ServletContext resource [/index.html]
2020-08-21 15:04:59.926 dev  INFO 28012 --- [restartedMain] o.s.b.d.a.OptionalLiveReloadServer       : LiveReload server is running on port 35729
2020-08-21 15:04:59.938 dev  INFO 28012 --- [restartedMain] o.s.b.a.e.web.EndpointLinksResolver      : Exposing 2 endpoint(s) beneath base path '/actuator'
2020-08-21 15:05:00.192 dev  INFO 28012 --- [restartedMain] o.a.coyote.http11.Http11NioProtocol      : Starting ProtocolHandler ["http-nio-8989"]
2020-08-21 15:05:00.228 dev  INFO 28012 --- [restartedMain] o.s.b.w.embedded.tomcat.TomcatWebServer  : Tomcat started on port(s): 8989 (http) with context path ''
2020-08-21 15:05:00.233 dev  INFO 28012 --- [restartedMain] com.zzu.demo.DemoApplication             : Started DemoApplication in 8.726 seconds (JVM running for 10.802)
2020-08-21 15:05:00.253 dev  INFO 28012 --- [restartedMain] com.zzu.demo.runner.LastRunner           :  __    ___   _      ___   _     ____ _____  ____ 
2020-08-21 15:05:00.254 dev  INFO 28012 --- [restartedMain] com.zzu.demo.runner.LastRunner           : / /`  / / \ | |\/| | |_) | |   | |_   | |  | |_  
2020-08-21 15:05:00.254 dev  INFO 28012 --- [restartedMain] com.zzu.demo.runner.LastRunner           : \_\_, \_\_/ |_|  | |_|   |_|__ |_|__  |_|  |_|__ 
2020-08-21 15:05:00.254 dev  INFO 28012 --- [restartedMain] com.zzu.demo.runner.LastRunner           :                                                       
2020-08-21 15:05:00.262 dev  INFO 28012 --- [restartedMain] com.zzu.demo.runner.LastRunner           : DEMO 启动完毕，时间：2020-08-21T15:05:00.262
2020-08-21 15:05:02.078 dev  INFO 28012 --- [RMI TCP Connection(5)-192.200.6.58] o.a.c.c.C.[Tomcat].[localhost].[/]       : Initializing Spring DispatcherServlet 'dispatcherServlet'
2020-08-21 15:05:02.078 dev  INFO 28012 --- [RMI TCP Connection(5)-192.200.6.58] o.s.web.servlet.DispatcherServlet        : Initializing Servlet 'dispatcherServlet'
2020-08-21 15:05:02.098 dev  INFO 28012 --- [RMI TCP Connection(5)-192.200.6.58] o.s.web.servlet.DispatcherServlet        : Completed initialization in 19 ms
2020-08-21 15:05:02.104 dev  INFO 28012 --- [RMI TCP Connection(6)-192.200.6.58] com.alibaba.druid.pool.DruidDataSource   : {dataSource-1} inited
2020-08-21 15:07:25.716 dev  INFO 28012 --- [Thread-22] o.s.s.concurrent.ThreadPoolTaskExecutor  : Shutting down ExecutorService 'applicationTaskExecutor'
2020-08-21 15:07:25.716 dev  INFO 28012 --- [Thread-22] com.alibaba.druid.pool.DruidDataSource   : {dataSource-1} closing ...
2020-08-21 15:07:25.719 dev  INFO 28012 --- [Thread-22] com.alibaba.druid.pool.DruidDataSource   : {dataSource-1} closed
2020-08-21 15:07:33.218 dev  INFO 27384 --- [restartedMain] com.zzu.demo.DemoApplication             : Starting DemoApplication on likangshuai with PID 27384 (E:\demo\target\classes started by 14377 in E:\demo)
2020-08-21 15:07:33.219 dev  INFO 27384 --- [restartedMain] com.zzu.demo.DemoApplication             : The following profiles are active: dev
2020-08-21 15:07:33.336 dev  INFO 27384 --- [restartedMain] .e.DevToolsPropertyDefaultsPostProcessor : Devtools property defaults active! Set 'spring.devtools.add-properties' to 'false' to disable
2020-08-21 15:07:33.336 dev  INFO 27384 --- [restartedMain] .e.DevToolsPropertyDefaultsPostProcessor : For additional web related logging consider setting the 'logging.level.web' property to 'DEBUG'
2020-08-21 15:07:35.927 dev  INFO 27384 --- [restartedMain] trationDelegate$BeanPostProcessorChecker : Bean 'org.springframework.ws.config.annotation.DelegatingWsConfiguration' of type [org.springframework.ws.config.annotation.DelegatingWsConfiguration$$EnhancerBySpringCGLIB$$91e5df8a] is not eligible for getting processed by all BeanPostProcessors (for example: not eligible for auto-proxying)
2020-08-21 15:07:35.965 dev  INFO 27384 --- [restartedMain] .w.s.a.s.AnnotationActionEndpointMapping : Supporting [WS-Addressing August 2004, WS-Addressing 1.0]
2020-08-21 15:07:36.001 dev  INFO 27384 --- [restartedMain] trationDelegate$BeanPostProcessorChecker : Bean 'org.springframework.transaction.annotation.ProxyTransactionManagementConfiguration' of type [org.springframework.transaction.annotation.ProxyTransactionManagementConfiguration$$EnhancerBySpringCGLIB$$ed4e1a8b] is not eligible for getting processed by all BeanPostProcessors (for example: not eligible for auto-proxying)
2020-08-21 15:07:36.579 dev  INFO 27384 --- [restartedMain] o.s.b.w.embedded.tomcat.TomcatWebServer  : Tomcat initialized with port(s): 8989 (http)
2020-08-21 15:07:36.595 dev  INFO 27384 --- [restartedMain] o.a.coyote.http11.Http11NioProtocol      : Initializing ProtocolHandler ["http-nio-8989"]
2020-08-21 15:07:36.611 dev  INFO 27384 --- [restartedMain] o.apache.catalina.core.StandardService   : Starting service [Tomcat]
2020-08-21 15:07:36.611 dev  INFO 27384 --- [restartedMain] org.apache.catalina.core.StandardEngine  : Starting Servlet engine: [Apache Tomcat/9.0.21]
2020-08-21 15:07:36.619 dev  INFO 27384 --- [restartedMain] o.a.catalina.core.AprLifecycleListener   : Loaded APR based Apache Tomcat Native library [1.2.23] using APR version [1.7.0].
2020-08-21 15:07:36.619 dev  INFO 27384 --- [restartedMain] o.a.catalina.core.AprLifecycleListener   : APR capabilities: IPv6 [true], sendfile [true], accept filters [false], random [true].
2020-08-21 15:07:36.620 dev  INFO 27384 --- [restartedMain] o.a.catalina.core.AprLifecycleListener   : APR/OpenSSL configuration: useAprConnector [false], useOpenSSL [true]
2020-08-21 15:07:36.624 dev  INFO 27384 --- [restartedMain] o.a.catalina.core.AprLifecycleListener   : OpenSSL successfully initialized [OpenSSL 1.1.1c  28 May 2019]
2020-08-21 15:07:36.863 dev  INFO 27384 --- [restartedMain] o.a.c.c.C.[Tomcat].[localhost].[/]       : Initializing Spring embedded WebApplicationContext
2020-08-21 15:07:36.863 dev  INFO 27384 --- [restartedMain] o.s.web.context.ContextLoader            : Root WebApplicationContext: initialization completed in 3527 ms
2020-08-21 15:07:39.355 dev  INFO 27384 --- [restartedMain] o.s.s.concurrent.ThreadPoolTaskExecutor  : Initializing ExecutorService 'applicationTaskExecutor'
2020-08-21 15:07:39.543 dev  INFO 27384 --- [restartedMain] o.s.b.a.w.s.WelcomePageHandlerMapping    : Adding welcome page: ServletContext resource [/index.html]
2020-08-21 15:07:40.159 dev  INFO 27384 --- [restartedMain] o.s.b.d.a.OptionalLiveReloadServer       : LiveReload server is running on port 35729
2020-08-21 15:07:40.173 dev  INFO 27384 --- [restartedMain] o.s.b.a.e.web.EndpointLinksResolver      : Exposing 2 endpoint(s) beneath base path '/actuator'
2020-08-21 15:07:40.390 dev  INFO 27384 --- [restartedMain] o.a.coyote.http11.Http11NioProtocol      : Starting ProtocolHandler ["http-nio-8989"]
2020-08-21 15:07:40.424 dev  INFO 27384 --- [restartedMain] o.s.b.w.embedded.tomcat.TomcatWebServer  : Tomcat started on port(s): 8989 (http) with context path ''
2020-08-21 15:07:40.428 dev  INFO 27384 --- [restartedMain] com.zzu.demo.DemoApplication             : Started DemoApplication in 7.935 seconds (JVM running for 9.599)
2020-08-21 15:07:40.445 dev  INFO 27384 --- [restartedMain] com.zzu.demo.runner.LastRunner           :  __    ___   _      ___   _     ____ _____  ____ 
2020-08-21 15:07:40.445 dev  INFO 27384 --- [restartedMain] com.zzu.demo.runner.LastRunner           : / /`  / / \ | |\/| | |_) | |   | |_   | |  | |_  
2020-08-21 15:07:40.445 dev  INFO 27384 --- [restartedMain] com.zzu.demo.runner.LastRunner           : \_\_, \_\_/ |_|  | |_|   |_|__ |_|__  |_|  |_|__ 
2020-08-21 15:07:40.446 dev  INFO 27384 --- [restartedMain] com.zzu.demo.runner.LastRunner           :                                                       
2020-08-21 15:07:40.453 dev  INFO 27384 --- [restartedMain] com.zzu.demo.runner.LastRunner           : DEMO 启动完毕，时间：2020-08-21T15:07:40.453
2020-08-21 15:07:42.005 dev  INFO 27384 --- [RMI TCP Connection(2)-192.200.6.58] o.a.c.c.C.[Tomcat].[localhost].[/]       : Initializing Spring DispatcherServlet 'dispatcherServlet'
2020-08-21 15:07:42.006 dev  INFO 27384 --- [RMI TCP Connection(2)-192.200.6.58] o.s.web.servlet.DispatcherServlet        : Initializing Servlet 'dispatcherServlet'
2020-08-21 15:07:42.025 dev  INFO 27384 --- [RMI TCP Connection(2)-192.200.6.58] o.s.web.servlet.DispatcherServlet        : Completed initialization in 19 ms
2020-08-21 15:07:42.035 dev  INFO 27384 --- [RMI TCP Connection(3)-192.200.6.58] com.alibaba.druid.pool.DruidDataSource   : {dataSource-1} inited
2020-08-21 15:09:48.516 dev  INFO 27384 --- [Thread-24] o.s.s.concurrent.ThreadPoolTaskExecutor  : Shutting down ExecutorService 'applicationTaskExecutor'
2020-08-21 15:09:48.518 dev  INFO 27384 --- [Thread-24] com.alibaba.druid.pool.DruidDataSource   : {dataSource-1} closing ...
2020-08-21 15:09:48.521 dev  INFO 27384 --- [Thread-24] com.alibaba.druid.pool.DruidDataSource   : {dataSource-1} closed
2020-08-21 15:09:56.971 dev  INFO 26520 --- [restartedMain] com.zzu.demo.DemoApplication             : Starting DemoApplication on likangshuai with PID 26520 (E:\demo\target\classes started by 14377 in E:\demo)
2020-08-21 15:09:56.972 dev  INFO 26520 --- [restartedMain] com.zzu.demo.DemoApplication             : The following profiles are active: dev
2020-08-21 15:09:57.171 dev  INFO 26520 --- [restartedMain] .e.DevToolsPropertyDefaultsPostProcessor : Devtools property defaults active! Set 'spring.devtools.add-properties' to 'false' to disable
2020-08-21 15:09:57.172 dev  INFO 26520 --- [restartedMain] .e.DevToolsPropertyDefaultsPostProcessor : For additional web related logging consider setting the 'logging.level.web' property to 'DEBUG'
2020-08-21 15:10:00.064 dev  INFO 26520 --- [restartedMain] trationDelegate$BeanPostProcessorChecker : Bean 'org.springframework.ws.config.annotation.DelegatingWsConfiguration' of type [org.springframework.ws.config.annotation.DelegatingWsConfiguration$$EnhancerBySpringCGLIB$$f7d05875] is not eligible for getting processed by all BeanPostProcessors (for example: not eligible for auto-proxying)
2020-08-21 15:10:00.119 dev  INFO 26520 --- [restartedMain] .w.s.a.s.AnnotationActionEndpointMapping : Supporting [WS-Addressing August 2004, WS-Addressing 1.0]
2020-08-21 15:10:00.189 dev  INFO 26520 --- [restartedMain] trationDelegate$BeanPostProcessorChecker : Bean 'org.springframework.transaction.annotation.ProxyTransactionManagementConfiguration' of type [org.springframework.transaction.annotation.ProxyTransactionManagementConfiguration$$EnhancerBySpringCGLIB$$53389376] is not eligible for getting processed by all BeanPostProcessors (for example: not eligible for auto-proxying)
2020-08-21 15:10:01.106 dev  INFO 26520 --- [restartedMain] o.s.b.w.embedded.tomcat.TomcatWebServer  : Tomcat initialized with port(s): 8989 (http)
2020-08-21 15:10:01.136 dev  INFO 26520 --- [restartedMain] o.a.coyote.http11.Http11NioProtocol      : Initializing ProtocolHandler ["http-nio-8989"]
2020-08-21 15:10:01.154 dev  INFO 26520 --- [restartedMain] o.apache.catalina.core.StandardService   : Starting service [Tomcat]
2020-08-21 15:10:01.155 dev  INFO 26520 --- [restartedMain] org.apache.catalina.core.StandardEngine  : Starting Servlet engine: [Apache Tomcat/9.0.21]
2020-08-21 15:10:01.170 dev  INFO 26520 --- [restartedMain] o.a.catalina.core.AprLifecycleListener   : Loaded APR based Apache Tomcat Native library [1.2.23] using APR version [1.7.0].
2020-08-21 15:10:01.170 dev  INFO 26520 --- [restartedMain] o.a.catalina.core.AprLifecycleListener   : APR capabilities: IPv6 [true], sendfile [true], accept filters [false], random [true].
2020-08-21 15:10:01.171 dev  INFO 26520 --- [restartedMain] o.a.catalina.core.AprLifecycleListener   : APR/OpenSSL configuration: useAprConnector [false], useOpenSSL [true]
2020-08-21 15:10:01.177 dev  INFO 26520 --- [restartedMain] o.a.catalina.core.AprLifecycleListener   : OpenSSL successfully initialized [OpenSSL 1.1.1c  28 May 2019]
2020-08-21 15:10:01.611 dev  INFO 26520 --- [restartedMain] o.a.c.c.C.[Tomcat].[localhost].[/]       : Initializing Spring embedded WebApplicationContext
2020-08-21 15:10:01.612 dev  INFO 26520 --- [restartedMain] o.s.web.context.ContextLoader            : Root WebApplicationContext: initialization completed in 4440 ms
2020-08-21 15:10:05.174 dev  INFO 26520 --- [restartedMain] o.s.s.concurrent.ThreadPoolTaskExecutor  : Initializing ExecutorService 'applicationTaskExecutor'
2020-08-21 15:10:05.367 dev  INFO 26520 --- [restartedMain] o.s.b.a.w.s.WelcomePageHandlerMapping    : Adding welcome page: ServletContext resource [/index.html]
2020-08-21 15:10:06.026 dev  INFO 26520 --- [restartedMain] o.s.b.d.a.OptionalLiveReloadServer       : LiveReload server is running on port 35729
2020-08-21 15:10:06.039 dev  INFO 26520 --- [restartedMain] o.s.b.a.e.web.EndpointLinksResolver      : Exposing 2 endpoint(s) beneath base path '/actuator'
2020-08-21 15:10:06.256 dev  INFO 26520 --- [restartedMain] o.a.coyote.http11.Http11NioProtocol      : Starting ProtocolHandler ["http-nio-8989"]
2020-08-21 15:10:06.290 dev  INFO 26520 --- [restartedMain] o.s.b.w.embedded.tomcat.TomcatWebServer  : Tomcat started on port(s): 8989 (http) with context path ''
2020-08-21 15:10:06.296 dev  INFO 26520 --- [restartedMain] com.zzu.demo.DemoApplication             : Started DemoApplication in 10.351 seconds (JVM running for 12.072)
2020-08-21 15:10:06.312 dev  INFO 26520 --- [restartedMain] com.zzu.demo.runner.LastRunner           :  __    ___   _      ___   _     ____ _____  ____ 
2020-08-21 15:10:06.312 dev  INFO 26520 --- [restartedMain] com.zzu.demo.runner.LastRunner           : / /`  / / \ | |\/| | |_) | |   | |_   | |  | |_  
2020-08-21 15:10:06.312 dev  INFO 26520 --- [restartedMain] com.zzu.demo.runner.LastRunner           : \_\_, \_\_/ |_|  | |_|   |_|__ |_|__  |_|  |_|__ 
2020-08-21 15:10:06.312 dev  INFO 26520 --- [restartedMain] com.zzu.demo.runner.LastRunner           :                                                       
2020-08-21 15:10:06.319 dev  INFO 26520 --- [restartedMain] com.zzu.demo.runner.LastRunner           : DEMO 启动完毕，时间：2020-08-21T15:10:06.319
2020-08-21 15:10:09.003 dev  INFO 26520 --- [RMI TCP Connection(6)-192.200.6.58] o.a.c.c.C.[Tomcat].[localhost].[/]       : Initializing Spring DispatcherServlet 'dispatcherServlet'
2020-08-21 15:10:09.003 dev  INFO 26520 --- [RMI TCP Connection(6)-192.200.6.58] o.s.web.servlet.DispatcherServlet        : Initializing Servlet 'dispatcherServlet'
2020-08-21 15:10:09.020 dev  INFO 26520 --- [RMI TCP Connection(6)-192.200.6.58] o.s.web.servlet.DispatcherServlet        : Completed initialization in 16 ms
2020-08-21 15:10:09.026 dev  INFO 26520 --- [RMI TCP Connection(7)-192.200.6.58] com.alibaba.druid.pool.DruidDataSource   : {dataSource-1} inited
2020-08-21 15:10:21.682 dev  INFO 26520 --- [Thread-21] o.s.s.concurrent.ThreadPoolTaskExecutor  : Shutting down ExecutorService 'applicationTaskExecutor'
2020-08-21 15:10:21.683 dev  INFO 26520 --- [Thread-21] com.alibaba.druid.pool.DruidDataSource   : {dataSource-1} closing ...
2020-08-21 15:10:21.686 dev  INFO 26520 --- [Thread-21] com.alibaba.druid.pool.DruidDataSource   : {dataSource-1} closed
2020-08-21 15:10:32.222 dev  INFO 23120 --- [restartedMain] com.zzu.demo.DemoApplication             : Starting DemoApplication on likangshuai with PID 23120 (E:\demo\target\classes started by 14377 in E:\demo)
2020-08-21 15:10:32.224 dev  INFO 23120 --- [restartedMain] com.zzu.demo.DemoApplication             : The following profiles are active: dev
2020-08-21 15:10:32.361 dev  INFO 23120 --- [restartedMain] .e.DevToolsPropertyDefaultsPostProcessor : Devtools property defaults active! Set 'spring.devtools.add-properties' to 'false' to disable
2020-08-21 15:10:32.362 dev  INFO 23120 --- [restartedMain] .e.DevToolsPropertyDefaultsPostProcessor : For additional web related logging consider setting the 'logging.level.web' property to 'DEBUG'
2020-08-21 15:10:34.971 dev  INFO 23120 --- [restartedMain] trationDelegate$BeanPostProcessorChecker : Bean 'org.springframework.ws.config.annotation.DelegatingWsConfiguration' of type [org.springframework.ws.config.annotation.DelegatingWsConfiguration$$EnhancerBySpringCGLIB$$e577d7fe] is not eligible for getting processed by all BeanPostProcessors (for example: not eligible for auto-proxying)
2020-08-21 15:10:35.012 dev  INFO 23120 --- [restartedMain] .w.s.a.s.AnnotationActionEndpointMapping : Supporting [WS-Addressing August 2004, WS-Addressing 1.0]
2020-08-21 15:10:35.047 dev  INFO 23120 --- [restartedMain] trationDelegate$BeanPostProcessorChecker : Bean 'org.springframework.transaction.annotation.ProxyTransactionManagementConfiguration' of type [org.springframework.transaction.annotation.ProxyTransactionManagementConfiguration$$EnhancerBySpringCGLIB$$40e012ff] is not eligible for getting processed by all BeanPostProcessors (for example: not eligible for auto-proxying)
2020-08-21 15:10:35.614 dev  INFO 23120 --- [restartedMain] o.s.b.w.embedded.tomcat.TomcatWebServer  : Tomcat initialized with port(s): 8989 (http)
2020-08-21 15:10:35.634 dev  INFO 23120 --- [restartedMain] o.a.coyote.http11.Http11NioProtocol      : Initializing ProtocolHandler ["http-nio-8989"]
2020-08-21 15:10:35.645 dev  INFO 23120 --- [restartedMain] o.apache.catalina.core.StandardService   : Starting service [Tomcat]
2020-08-21 15:10:35.646 dev  INFO 23120 --- [restartedMain] org.apache.catalina.core.StandardEngine  : Starting Servlet engine: [Apache Tomcat/9.0.21]
2020-08-21 15:10:35.654 dev  INFO 23120 --- [restartedMain] o.a.catalina.core.AprLifecycleListener   : Loaded APR based Apache Tomcat Native library [1.2.23] using APR version [1.7.0].
2020-08-21 15:10:35.655 dev  INFO 23120 --- [restartedMain] o.a.catalina.core.AprLifecycleListener   : APR capabilities: IPv6 [true], sendfile [true], accept filters [false], random [true].
2020-08-21 15:10:35.655 dev  INFO 23120 --- [restartedMain] o.a.catalina.core.AprLifecycleListener   : APR/OpenSSL configuration: useAprConnector [false], useOpenSSL [true]
2020-08-21 15:10:35.659 dev  INFO 23120 --- [restartedMain] o.a.catalina.core.AprLifecycleListener   : OpenSSL successfully initialized [OpenSSL 1.1.1c  28 May 2019]
2020-08-21 15:10:35.967 dev  INFO 23120 --- [restartedMain] o.a.c.c.C.[Tomcat].[localhost].[/]       : Initializing Spring embedded WebApplicationContext
2020-08-21 15:10:35.968 dev  INFO 23120 --- [restartedMain] o.s.web.context.ContextLoader            : Root WebApplicationContext: initialization completed in 3606 ms
2020-08-21 15:10:38.869 dev  INFO 23120 --- [restartedMain] o.s.s.concurrent.ThreadPoolTaskExecutor  : Initializing ExecutorService 'applicationTaskExecutor'
2020-08-21 15:10:39.096 dev  INFO 23120 --- [restartedMain] o.s.b.a.w.s.WelcomePageHandlerMapping    : Adding welcome page: ServletContext resource [/index.html]
2020-08-21 15:10:39.815 dev  INFO 23120 --- [restartedMain] o.s.b.d.a.OptionalLiveReloadServer       : LiveReload server is running on port 35729
2020-08-21 15:10:39.833 dev  INFO 23120 --- [restartedMain] o.s.b.a.e.web.EndpointLinksResolver      : Exposing 2 endpoint(s) beneath base path '/actuator'
2020-08-21 15:10:40.218 dev  INFO 23120 --- [restartedMain] o.a.coyote.http11.Http11NioProtocol      : Starting ProtocolHandler ["http-nio-8989"]
2020-08-21 15:10:40.261 dev  INFO 23120 --- [restartedMain] o.s.b.w.embedded.tomcat.TomcatWebServer  : Tomcat started on port(s): 8989 (http) with context path ''
2020-08-21 15:10:40.266 dev  INFO 23120 --- [restartedMain] com.zzu.demo.DemoApplication             : Started DemoApplication in 9.216 seconds (JVM running for 12.678)
2020-08-21 15:10:40.283 dev  INFO 23120 --- [restartedMain] com.zzu.demo.runner.LastRunner           :  __    ___   _      ___   _     ____ _____  ____ 
2020-08-21 15:10:40.283 dev  INFO 23120 --- [restartedMain] com.zzu.demo.runner.LastRunner           : / /`  / / \ | |\/| | |_) | |   | |_   | |  | |_  
2020-08-21 15:10:40.283 dev  INFO 23120 --- [restartedMain] com.zzu.demo.runner.LastRunner           : \_\_, \_\_/ |_|  | |_|   |_|__ |_|__  |_|  |_|__ 
2020-08-21 15:10:40.283 dev  INFO 23120 --- [restartedMain] com.zzu.demo.runner.LastRunner           :                                                       
2020-08-21 15:10:40.292 dev  INFO 23120 --- [restartedMain] com.zzu.demo.runner.LastRunner           : DEMO 启动完毕，时间：2020-08-21T15:10:40.292
2020-08-21 15:10:41.554 dev  INFO 23120 --- [RMI TCP Connection(5)-192.200.6.58] o.a.c.c.C.[Tomcat].[localhost].[/]       : Initializing Spring DispatcherServlet 'dispatcherServlet'
2020-08-21 15:10:41.554 dev  INFO 23120 --- [RMI TCP Connection(5)-192.200.6.58] o.s.web.servlet.DispatcherServlet        : Initializing Servlet 'dispatcherServlet'
2020-08-21 15:10:41.567 dev  INFO 23120 --- [RMI TCP Connection(5)-192.200.6.58] o.s.web.servlet.DispatcherServlet        : Completed initialization in 12 ms
2020-08-21 15:10:42.878 dev  INFO 23120 --- [RMI TCP Connection(7)-192.200.6.58] com.alibaba.druid.pool.DruidDataSource   : {dataSource-1} inited
2020-08-21 15:40:31.927 dev  INFO 23120 --- [Thread-21] o.s.s.concurrent.ThreadPoolTaskExecutor  : Shutting down ExecutorService 'applicationTaskExecutor'
2020-08-21 15:40:31.928 dev  INFO 23120 --- [Thread-21] com.alibaba.druid.pool.DruidDataSource   : {dataSource-1} closing ...
2020-08-21 15:40:31.931 dev  INFO 23120 --- [Thread-21] com.alibaba.druid.pool.DruidDataSource   : {dataSource-1} closed
2020-08-21 15:40:39.820 dev  INFO 26900 --- [restartedMain] com.zzu.demo.DemoApplication             : Starting DemoApplication on likangshuai with PID 26900 (E:\demo\target\classes started by 14377 in E:\demo)
2020-08-21 15:40:39.821 dev  INFO 26900 --- [restartedMain] com.zzu.demo.DemoApplication             : The following profiles are active: dev
2020-08-21 15:40:39.928 dev  INFO 26900 --- [restartedMain] .e.DevToolsPropertyDefaultsPostProcessor : Devtools property defaults active! Set 'spring.devtools.add-properties' to 'false' to disable
2020-08-21 15:40:39.929 dev  INFO 26900 --- [restartedMain] .e.DevToolsPropertyDefaultsPostProcessor : For additional web related logging consider setting the 'logging.level.web' property to 'DEBUG'
2020-08-21 15:40:42.805 dev  INFO 26900 --- [restartedMain] trationDelegate$BeanPostProcessorChecker : Bean 'org.springframework.ws.config.annotation.DelegatingWsConfiguration' of type [org.springframework.ws.config.annotation.DelegatingWsConfiguration$$EnhancerBySpringCGLIB$$cebe6d26] is not eligible for getting processed by all BeanPostProcessors (for example: not eligible for auto-proxying)
2020-08-21 15:40:42.851 dev  INFO 26900 --- [restartedMain] .w.s.a.s.AnnotationActionEndpointMapping : Supporting [WS-Addressing August 2004, WS-Addressing 1.0]
2020-08-21 15:40:42.890 dev  INFO 26900 --- [restartedMain] trationDelegate$BeanPostProcessorChecker : Bean 'org.springframework.transaction.annotation.ProxyTransactionManagementConfiguration' of type [org.springframework.transaction.annotation.ProxyTransactionManagementConfiguration$$EnhancerBySpringCGLIB$$2a26a827] is not eligible for getting processed by all BeanPostProcessors (for example: not eligible for auto-proxying)
2020-08-21 15:40:43.459 dev  INFO 26900 --- [restartedMain] o.s.b.w.embedded.tomcat.TomcatWebServer  : Tomcat initialized with port(s): 8989 (http)
2020-08-21 15:40:43.478 dev  INFO 26900 --- [restartedMain] o.a.coyote.http11.Http11NioProtocol      : Initializing ProtocolHandler ["http-nio-8989"]
2020-08-21 15:40:43.490 dev  INFO 26900 --- [restartedMain] o.apache.catalina.core.StandardService   : Starting service [Tomcat]
2020-08-21 15:40:43.490 dev  INFO 26900 --- [restartedMain] org.apache.catalina.core.StandardEngine  : Starting Servlet engine: [Apache Tomcat/9.0.21]
2020-08-21 15:40:43.501 dev  INFO 26900 --- [restartedMain] o.a.catalina.core.AprLifecycleListener   : Loaded APR based Apache Tomcat Native library [1.2.23] using APR version [1.7.0].
2020-08-21 15:40:43.502 dev  INFO 26900 --- [restartedMain] o.a.catalina.core.AprLifecycleListener   : APR capabilities: IPv6 [true], sendfile [true], accept filters [false], random [true].
2020-08-21 15:40:43.502 dev  INFO 26900 --- [restartedMain] o.a.catalina.core.AprLifecycleListener   : APR/OpenSSL configuration: useAprConnector [false], useOpenSSL [true]
2020-08-21 15:40:43.506 dev  INFO 26900 --- [restartedMain] o.a.catalina.core.AprLifecycleListener   : OpenSSL successfully initialized [OpenSSL 1.1.1c  28 May 2019]
2020-08-21 15:40:43.817 dev  INFO 26900 --- [restartedMain] o.a.c.c.C.[Tomcat].[localhost].[/]       : Initializing Spring embedded WebApplicationContext
2020-08-21 15:40:43.817 dev  INFO 26900 --- [restartedMain] o.s.web.context.ContextLoader            : Root WebApplicationContext: initialization completed in 3888 ms
2020-08-21 15:40:46.273 dev  INFO 26900 --- [restartedMain] o.s.s.concurrent.ThreadPoolTaskExecutor  : Initializing ExecutorService 'applicationTaskExecutor'
2020-08-21 15:40:46.472 dev  INFO 26900 --- [restartedMain] o.s.b.a.w.s.WelcomePageHandlerMapping    : Adding welcome page: ServletContext resource [/index.html]
2020-08-21 15:40:47.200 dev  INFO 26900 --- [restartedMain] o.s.b.d.a.OptionalLiveReloadServer       : LiveReload server is running on port 35729
2020-08-21 15:40:47.213 dev  INFO 26900 --- [restartedMain] o.s.b.a.e.web.EndpointLinksResolver      : Exposing 2 endpoint(s) beneath base path '/actuator'
2020-08-21 15:40:47.489 dev  INFO 26900 --- [restartedMain] o.a.coyote.http11.Http11NioProtocol      : Starting ProtocolHandler ["http-nio-8989"]
2020-08-21 15:40:47.531 dev  INFO 26900 --- [restartedMain] o.s.b.w.embedded.tomcat.TomcatWebServer  : Tomcat started on port(s): 8989 (http) with context path ''
2020-08-21 15:40:47.535 dev  INFO 26900 --- [restartedMain] com.zzu.demo.DemoApplication             : Started DemoApplication in 8.435 seconds (JVM running for 10.254)
2020-08-21 15:40:47.553 dev  INFO 26900 --- [restartedMain] com.zzu.demo.runner.LastRunner           :  __    ___   _      ___   _     ____ _____  ____ 
2020-08-21 15:40:47.554 dev  INFO 26900 --- [restartedMain] com.zzu.demo.runner.LastRunner           : / /`  / / \ | |\/| | |_) | |   | |_   | |  | |_  
2020-08-21 15:40:47.554 dev  INFO 26900 --- [restartedMain] com.zzu.demo.runner.LastRunner           : \_\_, \_\_/ |_|  | |_|   |_|__ |_|__  |_|  |_|__ 
2020-08-21 15:40:47.554 dev  INFO 26900 --- [restartedMain] com.zzu.demo.runner.LastRunner           :                                                       
2020-08-21 15:40:47.563 dev  INFO 26900 --- [restartedMain] com.zzu.demo.runner.LastRunner           : DEMO 启动完毕，时间：2020-08-21T15:40:47.563
2020-08-21 15:40:48.039 dev  INFO 26900 --- [RMI TCP Connection(5)-192.200.6.58] o.a.c.c.C.[Tomcat].[localhost].[/]       : Initializing Spring DispatcherServlet 'dispatcherServlet'
2020-08-21 15:40:48.040 dev  INFO 26900 --- [RMI TCP Connection(5)-192.200.6.58] o.s.web.servlet.DispatcherServlet        : Initializing Servlet 'dispatcherServlet'
2020-08-21 15:40:48.052 dev  INFO 26900 --- [RMI TCP Connection(5)-192.200.6.58] o.s.web.servlet.DispatcherServlet        : Completed initialization in 12 ms
2020-08-21 15:40:49.501 dev  INFO 26900 --- [RMI TCP Connection(7)-192.200.6.58] com.alibaba.druid.pool.DruidDataSource   : {dataSource-1} inited
2020-08-21 15:50:14.018 dev  INFO 26900 --- [Thread-20] o.s.s.concurrent.ThreadPoolTaskExecutor  : Shutting down ExecutorService 'applicationTaskExecutor'
2020-08-21 15:50:14.019 dev  INFO 26900 --- [Thread-20] com.alibaba.druid.pool.DruidDataSource   : {dataSource-1} closing ...
2020-08-21 15:50:14.022 dev  INFO 26900 --- [Thread-20] com.alibaba.druid.pool.DruidDataSource   : {dataSource-1} closed
2020-08-21 15:50:21.767 dev  INFO 27232 --- [restartedMain] com.zzu.demo.DemoApplication             : Starting DemoApplication on likangshuai with PID 27232 (E:\demo\target\classes started by 14377 in E:\demo)
2020-08-21 15:50:21.767 dev  INFO 27232 --- [restartedMain] com.zzu.demo.DemoApplication             : The following profiles are active: dev
2020-08-21 15:50:21.885 dev  INFO 27232 --- [restartedMain] .e.DevToolsPropertyDefaultsPostProcessor : Devtools property defaults active! Set 'spring.devtools.add-properties' to 'false' to disable
2020-08-21 15:50:21.886 dev  INFO 27232 --- [restartedMain] .e.DevToolsPropertyDefaultsPostProcessor : For additional web related logging consider setting the 'logging.level.web' property to 'DEBUG'
2020-08-21 15:50:23.976 dev  INFO 27232 --- [restartedMain] trationDelegate$BeanPostProcessorChecker : Bean 'org.springframework.ws.config.annotation.DelegatingWsConfiguration' of type [org.springframework.ws.config.annotation.DelegatingWsConfiguration$$EnhancerBySpringCGLIB$$34f464df] is not eligible for getting processed by all BeanPostProcessors (for example: not eligible for auto-proxying)
2020-08-21 15:50:24.057 dev  INFO 27232 --- [restartedMain] .w.s.a.s.AnnotationActionEndpointMapping : Supporting [WS-Addressing August 2004, WS-Addressing 1.0]
2020-08-21 15:50:24.134 dev  INFO 27232 --- [restartedMain] trationDelegate$BeanPostProcessorChecker : Bean 'org.springframework.transaction.annotation.ProxyTransactionManagementConfiguration' of type [org.springframework.transaction.annotation.ProxyTransactionManagementConfiguration$$EnhancerBySpringCGLIB$$905c9fe0] is not eligible for getting processed by all BeanPostProcessors (for example: not eligible for auto-proxying)
2020-08-21 15:50:25.086 dev  INFO 27232 --- [restartedMain] o.s.b.w.embedded.tomcat.TomcatWebServer  : Tomcat initialized with port(s): 8989 (http)
2020-08-21 15:50:25.113 dev  INFO 27232 --- [restartedMain] o.a.coyote.http11.Http11NioProtocol      : Initializing ProtocolHandler ["http-nio-8989"]
2020-08-21 15:50:25.131 dev  INFO 27232 --- [restartedMain] o.apache.catalina.core.StandardService   : Starting service [Tomcat]
2020-08-21 15:50:25.131 dev  INFO 27232 --- [restartedMain] org.apache.catalina.core.StandardEngine  : Starting Servlet engine: [Apache Tomcat/9.0.21]
2020-08-21 15:50:25.144 dev  INFO 27232 --- [restartedMain] o.a.catalina.core.AprLifecycleListener   : Loaded APR based Apache Tomcat Native library [1.2.23] using APR version [1.7.0].
2020-08-21 15:50:25.145 dev  INFO 27232 --- [restartedMain] o.a.catalina.core.AprLifecycleListener   : APR capabilities: IPv6 [true], sendfile [true], accept filters [false], random [true].
2020-08-21 15:50:25.147 dev  INFO 27232 --- [restartedMain] o.a.catalina.core.AprLifecycleListener   : APR/OpenSSL configuration: useAprConnector [false], useOpenSSL [true]
2020-08-21 15:50:25.155 dev  INFO 27232 --- [restartedMain] o.a.catalina.core.AprLifecycleListener   : OpenSSL successfully initialized [OpenSSL 1.1.1c  28 May 2019]
2020-08-21 15:50:25.528 dev  INFO 27232 --- [restartedMain] o.a.c.c.C.[Tomcat].[localhost].[/]       : Initializing Spring embedded WebApplicationContext
2020-08-21 15:50:25.529 dev  INFO 27232 --- [restartedMain] o.s.web.context.ContextLoader            : Root WebApplicationContext: initialization completed in 3643 ms
2020-08-21 15:50:28.477 dev  INFO 27232 --- [restartedMain] o.s.s.concurrent.ThreadPoolTaskExecutor  : Initializing ExecutorService 'applicationTaskExecutor'
2020-08-21 15:50:28.698 dev  INFO 27232 --- [restartedMain] o.s.b.a.w.s.WelcomePageHandlerMapping    : Adding welcome page: ServletContext resource [/index.html]
2020-08-21 15:50:29.467 dev  INFO 27232 --- [restartedMain] o.s.b.d.a.OptionalLiveReloadServer       : LiveReload server is running on port 35729
2020-08-21 15:50:29.490 dev  INFO 27232 --- [restartedMain] o.s.b.a.e.web.EndpointLinksResolver      : Exposing 2 endpoint(s) beneath base path '/actuator'
2020-08-21 15:50:29.747 dev  INFO 27232 --- [restartedMain] o.a.coyote.http11.Http11NioProtocol      : Starting ProtocolHandler ["http-nio-8989"]
2020-08-21 15:50:29.782 dev  INFO 27232 --- [restartedMain] o.s.b.w.embedded.tomcat.TomcatWebServer  : Tomcat started on port(s): 8989 (http) with context path ''
2020-08-21 15:50:29.788 dev  INFO 27232 --- [restartedMain] com.zzu.demo.DemoApplication             : Started DemoApplication in 8.838 seconds (JVM running for 10.444)
2020-08-21 15:50:29.803 dev  INFO 27232 --- [restartedMain] com.zzu.demo.runner.LastRunner           :  __    ___   _      ___   _     ____ _____  ____ 
2020-08-21 15:50:29.804 dev  INFO 27232 --- [restartedMain] com.zzu.demo.runner.LastRunner           : / /`  / / \ | |\/| | |_) | |   | |_   | |  | |_  
2020-08-21 15:50:29.804 dev  INFO 27232 --- [restartedMain] com.zzu.demo.runner.LastRunner           : \_\_, \_\_/ |_|  | |_|   |_|__ |_|__  |_|  |_|__ 
2020-08-21 15:50:29.804 dev  INFO 27232 --- [restartedMain] com.zzu.demo.runner.LastRunner           :                                                       
2020-08-21 15:50:29.812 dev  INFO 27232 --- [restartedMain] com.zzu.demo.runner.LastRunner           : DEMO 启动完毕，时间：2020-08-21T15:50:29.812
2020-08-21 15:50:30.721 dev  INFO 27232 --- [RMI TCP Connection(6)-192.200.6.58] o.a.c.c.C.[Tomcat].[localhost].[/]       : Initializing Spring DispatcherServlet 'dispatcherServlet'
2020-08-21 15:50:30.721 dev  INFO 27232 --- [RMI TCP Connection(6)-192.200.6.58] o.s.web.servlet.DispatcherServlet        : Initializing Servlet 'dispatcherServlet'
2020-08-21 15:50:30.738 dev  INFO 27232 --- [RMI TCP Connection(6)-192.200.6.58] o.s.web.servlet.DispatcherServlet        : Completed initialization in 17 ms
2020-08-21 15:50:30.748 dev  INFO 27232 --- [RMI TCP Connection(5)-192.200.6.58] com.alibaba.druid.pool.DruidDataSource   : {dataSource-1} inited
2020-08-21 15:55:14.099 dev  INFO 27232 --- [Thread-19] o.s.s.concurrent.ThreadPoolTaskExecutor  : Shutting down ExecutorService 'applicationTaskExecutor'
2020-08-21 15:55:14.100 dev  INFO 27232 --- [Thread-19] com.alibaba.druid.pool.DruidDataSource   : {dataSource-1} closing ...
2020-08-21 15:55:14.103 dev  INFO 27232 --- [Thread-19] com.alibaba.druid.pool.DruidDataSource   : {dataSource-1} closed
2020-08-21 15:55:25.396 dev  INFO 19112 --- [restartedMain] com.zzu.demo.DemoApplication             : Starting DemoApplication on likangshuai with PID 19112 (E:\demo\target\classes started by 14377 in E:\demo)
2020-08-21 15:55:25.397 dev  INFO 19112 --- [restartedMain] com.zzu.demo.DemoApplication             : The following profiles are active: dev
2020-08-21 15:55:25.524 dev  INFO 19112 --- [restartedMain] .e.DevToolsPropertyDefaultsPostProcessor : Devtools property defaults active! Set 'spring.devtools.add-properties' to 'false' to disable
2020-08-21 15:55:25.524 dev  INFO 19112 --- [restartedMain] .e.DevToolsPropertyDefaultsPostProcessor : For additional web related logging consider setting the 'logging.level.web' property to 'DEBUG'
2020-08-21 15:55:28.007 dev  INFO 19112 --- [restartedMain] trationDelegate$BeanPostProcessorChecker : Bean 'org.springframework.ws.config.annotation.DelegatingWsConfiguration' of type [org.springframework.ws.config.annotation.DelegatingWsConfiguration$$EnhancerBySpringCGLIB$$20ee9364] is not eligible for getting processed by all BeanPostProcessors (for example: not eligible for auto-proxying)
2020-08-21 15:55:28.050 dev  INFO 19112 --- [restartedMain] .w.s.a.s.AnnotationActionEndpointMapping : Supporting [WS-Addressing August 2004, WS-Addressing 1.0]
2020-08-21 15:55:28.096 dev  INFO 19112 --- [restartedMain] trationDelegate$BeanPostProcessorChecker : Bean 'org.springframework.transaction.annotation.ProxyTransactionManagementConfiguration' of type [org.springframework.transaction.annotation.ProxyTransactionManagementConfiguration$$EnhancerBySpringCGLIB$$7c56ce65] is not eligible for getting processed by all BeanPostProcessors (for example: not eligible for auto-proxying)
2020-08-21 15:55:28.781 dev  INFO 19112 --- [restartedMain] o.s.b.w.embedded.tomcat.TomcatWebServer  : Tomcat initialized with port(s): 8989 (http)
2020-08-21 15:55:28.802 dev  INFO 19112 --- [restartedMain] o.a.coyote.http11.Http11NioProtocol      : Initializing ProtocolHandler ["http-nio-8989"]
2020-08-21 15:55:28.816 dev  INFO 19112 --- [restartedMain] o.apache.catalina.core.StandardService   : Starting service [Tomcat]
2020-08-21 15:55:28.816 dev  INFO 19112 --- [restartedMain] org.apache.catalina.core.StandardEngine  : Starting Servlet engine: [Apache Tomcat/9.0.21]
2020-08-21 15:55:28.828 dev  INFO 19112 --- [restartedMain] o.a.catalina.core.AprLifecycleListener   : Loaded APR based Apache Tomcat Native library [1.2.23] using APR version [1.7.0].
2020-08-21 15:55:28.829 dev  INFO 19112 --- [restartedMain] o.a.catalina.core.AprLifecycleListener   : APR capabilities: IPv6 [true], sendfile [true], accept filters [false], random [true].
2020-08-21 15:55:28.830 dev  INFO 19112 --- [restartedMain] o.a.catalina.core.AprLifecycleListener   : APR/OpenSSL configuration: useAprConnector [false], useOpenSSL [true]
2020-08-21 15:55:28.835 dev  INFO 19112 --- [restartedMain] o.a.catalina.core.AprLifecycleListener   : OpenSSL successfully initialized [OpenSSL 1.1.1c  28 May 2019]
2020-08-21 15:55:29.157 dev  INFO 19112 --- [restartedMain] o.a.c.c.C.[Tomcat].[localhost].[/]       : Initializing Spring embedded WebApplicationContext
2020-08-21 15:55:29.158 dev  INFO 19112 --- [restartedMain] o.s.web.context.ContextLoader            : Root WebApplicationContext: initialization completed in 3633 ms
2020-08-21 15:55:32.368 dev  INFO 19112 --- [restartedMain] o.s.s.concurrent.ThreadPoolTaskExecutor  : Initializing ExecutorService 'applicationTaskExecutor'
2020-08-21 15:55:32.560 dev  INFO 19112 --- [restartedMain] o.s.b.a.w.s.WelcomePageHandlerMapping    : Adding welcome page: ServletContext resource [/index.html]
2020-08-21 15:55:33.207 dev  INFO 19112 --- [restartedMain] o.s.b.d.a.OptionalLiveReloadServer       : LiveReload server is running on port 35729
2020-08-21 15:55:33.220 dev  INFO 19112 --- [restartedMain] o.s.b.a.e.web.EndpointLinksResolver      : Exposing 2 endpoint(s) beneath base path '/actuator'
2020-08-21 15:55:33.429 dev  INFO 19112 --- [restartedMain] o.a.coyote.http11.Http11NioProtocol      : Starting ProtocolHandler ["http-nio-8989"]
2020-08-21 15:55:33.458 dev  INFO 19112 --- [restartedMain] o.s.b.w.embedded.tomcat.TomcatWebServer  : Tomcat started on port(s): 8989 (http) with context path ''
2020-08-21 15:55:33.464 dev  INFO 19112 --- [restartedMain] com.zzu.demo.DemoApplication             : Started DemoApplication in 8.853 seconds (JVM running for 10.561)
2020-08-21 15:55:33.479 dev  INFO 19112 --- [restartedMain] com.zzu.demo.runner.LastRunner           :  __    ___   _      ___   _     ____ _____  ____ 
2020-08-21 15:55:33.480 dev  INFO 19112 --- [restartedMain] com.zzu.demo.runner.LastRunner           : / /`  / / \ | |\/| | |_) | |   | |_   | |  | |_  
2020-08-21 15:55:33.480 dev  INFO 19112 --- [restartedMain] com.zzu.demo.runner.LastRunner           : \_\_, \_\_/ |_|  | |_|   |_|__ |_|__  |_|  |_|__ 
2020-08-21 15:55:33.480 dev  INFO 19112 --- [restartedMain] com.zzu.demo.runner.LastRunner           :                                                       
2020-08-21 15:55:33.486 dev  INFO 19112 --- [restartedMain] com.zzu.demo.runner.LastRunner           : DEMO 启动完毕，时间：2020-08-21T15:55:33.486
2020-08-21 15:55:34.437 dev  INFO 19112 --- [RMI TCP Connection(1)-192.200.6.58] o.a.c.c.C.[Tomcat].[localhost].[/]       : Initializing Spring DispatcherServlet 'dispatcherServlet'
2020-08-21 15:55:34.438 dev  INFO 19112 --- [RMI TCP Connection(1)-192.200.6.58] o.s.web.servlet.DispatcherServlet        : Initializing Servlet 'dispatcherServlet'
2020-08-21 15:55:34.452 dev  INFO 19112 --- [RMI TCP Connection(1)-192.200.6.58] o.s.web.servlet.DispatcherServlet        : Completed initialization in 14 ms
2020-08-21 15:55:34.457 dev  INFO 19112 --- [RMI TCP Connection(2)-192.200.6.58] com.alibaba.druid.pool.DruidDataSource   : {dataSource-1} inited
2020-08-21 15:56:10.995 dev  INFO 19112 --- [Thread-26] o.s.s.concurrent.ThreadPoolTaskExecutor  : Shutting down ExecutorService 'applicationTaskExecutor'
2020-08-21 15:56:10.996 dev  INFO 19112 --- [Thread-26] com.alibaba.druid.pool.DruidDataSource   : {dataSource-1} closing ...
2020-08-21 15:56:10.999 dev  INFO 19112 --- [Thread-26] com.alibaba.druid.pool.DruidDataSource   : {dataSource-1} closed
2020-08-21 15:56:18.571 dev  INFO 12060 --- [restartedMain] com.zzu.demo.DemoApplication             : Starting DemoApplication on likangshuai with PID 12060 (E:\demo\target\classes started by 14377 in E:\demo)
2020-08-21 15:56:18.573 dev  INFO 12060 --- [restartedMain] com.zzu.demo.DemoApplication             : The following profiles are active: dev
2020-08-21 15:56:18.685 dev  INFO 12060 --- [restartedMain] .e.DevToolsPropertyDefaultsPostProcessor : Devtools property defaults active! Set 'spring.devtools.add-properties' to 'false' to disable
2020-08-21 15:56:18.685 dev  INFO 12060 --- [restartedMain] .e.DevToolsPropertyDefaultsPostProcessor : For additional web related logging consider setting the 'logging.level.web' property to 'DEBUG'
2020-08-21 15:56:21.344 dev  INFO 12060 --- [restartedMain] trationDelegate$BeanPostProcessorChecker : Bean 'org.springframework.ws.config.annotation.DelegatingWsConfiguration' of type [org.springframework.ws.config.annotation.DelegatingWsConfiguration$$EnhancerBySpringCGLIB$$82c1a4db] is not eligible for getting processed by all BeanPostProcessors (for example: not eligible for auto-proxying)
2020-08-21 15:56:21.395 dev  INFO 12060 --- [restartedMain] .w.s.a.s.AnnotationActionEndpointMapping : Supporting [WS-Addressing August 2004, WS-Addressing 1.0]
2020-08-21 15:56:21.443 dev  INFO 12060 --- [restartedMain] trationDelegate$BeanPostProcessorChecker : Bean 'org.springframework.transaction.annotation.ProxyTransactionManagementConfiguration' of type [org.springframework.transaction.annotation.ProxyTransactionManagementConfiguration$$EnhancerBySpringCGLIB$$de29dfdc] is not eligible for getting processed by all BeanPostProcessors (for example: not eligible for auto-proxying)
2020-08-21 15:56:22.061 dev  INFO 12060 --- [restartedMain] o.s.b.w.embedded.tomcat.TomcatWebServer  : Tomcat initialized with port(s): 8989 (http)
2020-08-21 15:56:22.081 dev  INFO 12060 --- [restartedMain] o.a.coyote.http11.Http11NioProtocol      : Initializing ProtocolHandler ["http-nio-8989"]
2020-08-21 15:56:22.092 dev  INFO 12060 --- [restartedMain] o.apache.catalina.core.StandardService   : Starting service [Tomcat]
2020-08-21 15:56:22.093 dev  INFO 12060 --- [restartedMain] org.apache.catalina.core.StandardEngine  : Starting Servlet engine: [Apache Tomcat/9.0.21]
2020-08-21 15:56:22.101 dev  INFO 12060 --- [restartedMain] o.a.catalina.core.AprLifecycleListener   : Loaded APR based Apache Tomcat Native library [1.2.23] using APR version [1.7.0].
2020-08-21 15:56:22.102 dev  INFO 12060 --- [restartedMain] o.a.catalina.core.AprLifecycleListener   : APR capabilities: IPv6 [true], sendfile [true], accept filters [false], random [true].
2020-08-21 15:56:22.102 dev  INFO 12060 --- [restartedMain] o.a.catalina.core.AprLifecycleListener   : APR/OpenSSL configuration: useAprConnector [false], useOpenSSL [true]
2020-08-21 15:56:22.106 dev  INFO 12060 --- [restartedMain] o.a.catalina.core.AprLifecycleListener   : OpenSSL successfully initialized [OpenSSL 1.1.1c  28 May 2019]
2020-08-21 15:56:22.346 dev  INFO 12060 --- [restartedMain] o.a.c.c.C.[Tomcat].[localhost].[/]       : Initializing Spring embedded WebApplicationContext
2020-08-21 15:56:22.346 dev  INFO 12060 --- [restartedMain] o.s.web.context.ContextLoader            : Root WebApplicationContext: initialization completed in 3660 ms
2020-08-21 15:56:24.795 dev  INFO 12060 --- [restartedMain] o.s.s.concurrent.ThreadPoolTaskExecutor  : Initializing ExecutorService 'applicationTaskExecutor'
2020-08-21 15:56:24.987 dev  INFO 12060 --- [restartedMain] o.s.b.a.w.s.WelcomePageHandlerMapping    : Adding welcome page: ServletContext resource [/index.html]
2020-08-21 15:56:25.572 dev  INFO 12060 --- [restartedMain] o.s.b.d.a.OptionalLiveReloadServer       : LiveReload server is running on port 35729
2020-08-21 15:56:25.587 dev  INFO 12060 --- [restartedMain] o.s.b.a.e.web.EndpointLinksResolver      : Exposing 2 endpoint(s) beneath base path '/actuator'
2020-08-21 15:56:25.799 dev  INFO 12060 --- [restartedMain] o.a.coyote.http11.Http11NioProtocol      : Starting ProtocolHandler ["http-nio-8989"]
2020-08-21 15:56:25.828 dev  INFO 12060 --- [restartedMain] o.s.b.w.embedded.tomcat.TomcatWebServer  : Tomcat started on port(s): 8989 (http) with context path ''
2020-08-21 15:56:25.832 dev  INFO 12060 --- [restartedMain] com.zzu.demo.DemoApplication             : Started DemoApplication in 7.944 seconds (JVM running for 9.546)
2020-08-21 15:56:25.844 dev  INFO 12060 --- [restartedMain] com.zzu.demo.runner.LastRunner           :  __    ___   _      ___   _     ____ _____  ____ 
2020-08-21 15:56:25.844 dev  INFO 12060 --- [restartedMain] com.zzu.demo.runner.LastRunner           : / /`  / / \ | |\/| | |_) | |   | |_   | |  | |_  
2020-08-21 15:56:25.844 dev  INFO 12060 --- [restartedMain] com.zzu.demo.runner.LastRunner           : \_\_, \_\_/ |_|  | |_|   |_|__ |_|__  |_|  |_|__ 
2020-08-21 15:56:25.844 dev  INFO 12060 --- [restartedMain] com.zzu.demo.runner.LastRunner           :                                                       
2020-08-21 15:56:25.849 dev  INFO 12060 --- [restartedMain] com.zzu.demo.runner.LastRunner           : DEMO 启动完毕，时间：2020-08-21T15:56:25.849
2020-08-21 15:56:26.565 dev  INFO 12060 --- [RMI TCP Connection(1)-192.200.6.58] o.a.c.c.C.[Tomcat].[localhost].[/]       : Initializing Spring DispatcherServlet 'dispatcherServlet'
2020-08-21 15:56:26.565 dev  INFO 12060 --- [RMI TCP Connection(1)-192.200.6.58] o.s.web.servlet.DispatcherServlet        : Initializing Servlet 'dispatcherServlet'
2020-08-21 15:56:26.580 dev  INFO 12060 --- [RMI TCP Connection(1)-192.200.6.58] o.s.web.servlet.DispatcherServlet        : Completed initialization in 15 ms
2020-08-21 15:56:26.587 dev  INFO 12060 --- [RMI TCP Connection(2)-192.200.6.58] com.alibaba.druid.pool.DruidDataSource   : {dataSource-1} inited
2020-08-21 15:56:55.529 dev  INFO 12060 --- [Thread-24] o.s.s.concurrent.ThreadPoolTaskExecutor  : Shutting down ExecutorService 'applicationTaskExecutor'
2020-08-21 15:56:55.530 dev  INFO 12060 --- [Thread-24] com.alibaba.druid.pool.DruidDataSource   : {dataSource-1} closing ...
2020-08-21 15:56:55.532 dev  INFO 12060 --- [Thread-24] com.alibaba.druid.pool.DruidDataSource   : {dataSource-1} closed
2020-08-21 15:57:03.094 dev  INFO 28500 --- [restartedMain] com.zzu.demo.DemoApplication             : Starting DemoApplication on likangshuai with PID 28500 (E:\demo\target\classes started by 14377 in E:\demo)
2020-08-21 15:57:03.095 dev  INFO 28500 --- [restartedMain] com.zzu.demo.DemoApplication             : The following profiles are active: dev
2020-08-21 15:57:03.197 dev  INFO 28500 --- [restartedMain] .e.DevToolsPropertyDefaultsPostProcessor : Devtools property defaults active! Set 'spring.devtools.add-properties' to 'false' to disable
2020-08-21 15:57:03.198 dev  INFO 28500 --- [restartedMain] .e.DevToolsPropertyDefaultsPostProcessor : For additional web related logging consider setting the 'logging.level.web' property to 'DEBUG'
2020-08-21 15:57:05.598 dev  INFO 28500 --- [restartedMain] trationDelegate$BeanPostProcessorChecker : Bean 'org.springframework.ws.config.annotation.DelegatingWsConfiguration' of type [org.springframework.ws.config.annotation.DelegatingWsConfiguration$$EnhancerBySpringCGLIB$$36eebdf2] is not eligible for getting processed by all BeanPostProcessors (for example: not eligible for auto-proxying)
2020-08-21 15:57:05.630 dev  INFO 28500 --- [restartedMain] .w.s.a.s.AnnotationActionEndpointMapping : Supporting [WS-Addressing August 2004, WS-Addressing 1.0]
2020-08-21 15:57:05.662 dev  INFO 28500 --- [restartedMain] trationDelegate$BeanPostProcessorChecker : Bean 'org.springframework.transaction.annotation.ProxyTransactionManagementConfiguration' of type [org.springframework.transaction.annotation.ProxyTransactionManagementConfiguration$$EnhancerBySpringCGLIB$$9256f8f3] is not eligible for getting processed by all BeanPostProcessors (for example: not eligible for auto-proxying)
2020-08-21 15:57:06.124 dev  INFO 28500 --- [restartedMain] o.s.b.w.embedded.tomcat.TomcatWebServer  : Tomcat initialized with port(s): 8989 (http)
2020-08-21 15:57:06.143 dev  INFO 28500 --- [restartedMain] o.a.coyote.http11.Http11NioProtocol      : Initializing ProtocolHandler ["http-nio-8989"]
2020-08-21 15:57:06.153 dev  INFO 28500 --- [restartedMain] o.apache.catalina.core.StandardService   : Starting service [Tomcat]
2020-08-21 15:57:06.153 dev  INFO 28500 --- [restartedMain] org.apache.catalina.core.StandardEngine  : Starting Servlet engine: [Apache Tomcat/9.0.21]
2020-08-21 15:57:06.161 dev  INFO 28500 --- [restartedMain] o.a.catalina.core.AprLifecycleListener   : Loaded APR based Apache Tomcat Native library [1.2.23] using APR version [1.7.0].
2020-08-21 15:57:06.161 dev  INFO 28500 --- [restartedMain] o.a.catalina.core.AprLifecycleListener   : APR capabilities: IPv6 [true], sendfile [true], accept filters [false], random [true].
2020-08-21 15:57:06.161 dev  INFO 28500 --- [restartedMain] o.a.catalina.core.AprLifecycleListener   : APR/OpenSSL configuration: useAprConnector [false], useOpenSSL [true]
2020-08-21 15:57:06.166 dev  INFO 28500 --- [restartedMain] o.a.catalina.core.AprLifecycleListener   : OpenSSL successfully initialized [OpenSSL 1.1.1c  28 May 2019]
2020-08-21 15:57:06.460 dev  INFO 28500 --- [restartedMain] o.a.c.c.C.[Tomcat].[localhost].[/]       : Initializing Spring embedded WebApplicationContext
2020-08-21 15:57:06.461 dev  INFO 28500 --- [restartedMain] o.s.web.context.ContextLoader            : Root WebApplicationContext: initialization completed in 3263 ms
2020-08-21 15:57:09.021 dev  INFO 28500 --- [restartedMain] o.s.s.concurrent.ThreadPoolTaskExecutor  : Initializing ExecutorService 'applicationTaskExecutor'
2020-08-21 15:57:09.212 dev  INFO 28500 --- [restartedMain] o.s.b.a.w.s.WelcomePageHandlerMapping    : Adding welcome page: ServletContext resource [/index.html]
2020-08-21 15:57:09.815 dev  INFO 28500 --- [restartedMain] o.s.b.d.a.OptionalLiveReloadServer       : LiveReload server is running on port 35729
2020-08-21 15:57:09.830 dev  INFO 28500 --- [restartedMain] o.s.b.a.e.web.EndpointLinksResolver      : Exposing 2 endpoint(s) beneath base path '/actuator'
2020-08-21 15:57:10.086 dev  INFO 28500 --- [restartedMain] o.a.coyote.http11.Http11NioProtocol      : Starting ProtocolHandler ["http-nio-8989"]
2020-08-21 15:57:10.120 dev  INFO 28500 --- [restartedMain] o.s.b.w.embedded.tomcat.TomcatWebServer  : Tomcat started on port(s): 8989 (http) with context path ''
2020-08-21 15:57:10.124 dev  INFO 28500 --- [restartedMain] com.zzu.demo.DemoApplication             : Started DemoApplication in 7.706 seconds (JVM running for 9.332)
2020-08-21 15:57:10.137 dev  INFO 28500 --- [restartedMain] com.zzu.demo.runner.LastRunner           :  __    ___   _      ___   _     ____ _____  ____ 
2020-08-21 15:57:10.137 dev  INFO 28500 --- [restartedMain] com.zzu.demo.runner.LastRunner           : / /`  / / \ | |\/| | |_) | |   | |_   | |  | |_  
2020-08-21 15:57:10.137 dev  INFO 28500 --- [restartedMain] com.zzu.demo.runner.LastRunner           : \_\_, \_\_/ |_|  | |_|   |_|__ |_|__  |_|  |_|__ 
2020-08-21 15:57:10.137 dev  INFO 28500 --- [restartedMain] com.zzu.demo.runner.LastRunner           :                                                       
2020-08-21 15:57:10.144 dev  INFO 28500 --- [restartedMain] com.zzu.demo.runner.LastRunner           : DEMO 启动完毕，时间：2020-08-21T15:57:10.144
2020-08-21 15:57:11.983 dev  INFO 28500 --- [RMI TCP Connection(5)-192.200.6.58] o.a.c.c.C.[Tomcat].[localhost].[/]       : Initializing Spring DispatcherServlet 'dispatcherServlet'
2020-08-21 15:57:11.983 dev  INFO 28500 --- [RMI TCP Connection(5)-192.200.6.58] o.s.web.servlet.DispatcherServlet        : Initializing Servlet 'dispatcherServlet'
2020-08-21 15:57:11.999 dev  INFO 28500 --- [RMI TCP Connection(5)-192.200.6.58] o.s.web.servlet.DispatcherServlet        : Completed initialization in 14 ms
2020-08-21 15:57:12.006 dev  INFO 28500 --- [RMI TCP Connection(6)-192.200.6.58] com.alibaba.druid.pool.DruidDataSource   : {dataSource-1} inited
2020-08-21 17:07:57.307 dev  INFO 28500 --- [Thread-22] o.s.s.concurrent.ThreadPoolTaskExecutor  : Shutting down ExecutorService 'applicationTaskExecutor'
2020-08-21 17:07:57.308 dev  INFO 28500 --- [Thread-22] com.alibaba.druid.pool.DruidDataSource   : {dataSource-1} closing ...
2020-08-21 17:07:57.309 dev  INFO 28500 --- [Thread-22] com.alibaba.druid.pool.DruidDataSource   : {dataSource-1} closed
