2020-12-11 16:13:52.517 dev  INFO 1856 --- [restartedMain] com.zzu.demo.DemoApplication             : Starting DemoApplication on likangshuai with PID 1856 (E:\demo\target\classes started by 14377 in E:\demo)
2020-12-11 16:13:52.554 dev  INFO 1856 --- [restartedMain] com.zzu.demo.DemoApplication             : The following profiles are active: dev
2020-12-11 16:13:52.730 dev  INFO 1856 --- [restartedMain] .e.DevToolsPropertyDefaultsPostProcessor : Devtools property defaults active! Set 'spring.devtools.add-properties' to 'false' to disable
2020-12-11 16:13:52.731 dev  INFO 1856 --- [restartedMain] .e.DevToolsPropertyDefaultsPostProcessor : For additional web related logging consider setting the 'logging.level.web' property to 'DEBUG'
2020-12-11 16:13:56.909 dev  INFO 1856 --- [restartedMain] trationDelegate$BeanPostProcessorChecker : Bean 'org.springframework.ws.config.annotation.DelegatingWsConfiguration' of type [org.springframework.ws.config.annotation.DelegatingWsConfiguration$$EnhancerBySpringCGLIB$$ecaddebf] is not eligible for getting processed by all BeanPostProcessors (for example: not eligible for auto-proxying)
2020-12-11 16:13:56.963 dev  INFO 1856 --- [restartedMain] .w.s.a.s.AnnotationActionEndpointMapping : Supporting [WS-Addressing August 2004, WS-Addressing 1.0]
2020-12-11 16:13:57.070 dev  INFO 1856 --- [restartedMain] trationDelegate$BeanPostProcessorChecker : Bean 'org.springframework.transaction.annotation.ProxyTransactionManagementConfiguration' of type [org.springframework.transaction.annotation.ProxyTransactionManagementConfiguration$$EnhancerBySpringCGLIB$$481619c0] is not eligible for getting processed by all BeanPostProcessors (for example: not eligible for auto-proxying)
2020-12-11 16:13:58.432 dev  INFO 1856 --- [restartedMain] o.s.b.w.embedded.tomcat.TomcatWebServer  : Tomcat initialized with port(s): 8989 (http)
2020-12-11 16:13:58.458 dev  INFO 1856 --- [restartedMain] o.a.coyote.http11.Http11NioProtocol      : Initializing ProtocolHandler ["http-nio-8989"]
2020-12-11 16:13:58.476 dev  INFO 1856 --- [restartedMain] o.apache.catalina.core.StandardService   : Starting service [Tomcat]
2020-12-11 16:13:58.476 dev  INFO 1856 --- [restartedMain] org.apache.catalina.core.StandardEngine  : Starting Servlet engine: [Apache Tomcat/9.0.21]
2020-12-11 16:13:58.488 dev  INFO 1856 --- [restartedMain] o.a.catalina.core.AprLifecycleListener   : Loaded APR based Apache Tomcat Native library [1.2.23] using APR version [1.7.0].
2020-12-11 16:13:58.489 dev  INFO 1856 --- [restartedMain] o.a.catalina.core.AprLifecycleListener   : APR capabilities: IPv6 [true], sendfile [true], accept filters [false], random [true].
2020-12-11 16:13:58.489 dev  INFO 1856 --- [restartedMain] o.a.catalina.core.AprLifecycleListener   : APR/OpenSSL configuration: useAprConnector [false], useOpenSSL [true]
2020-12-11 16:13:58.496 dev  INFO 1856 --- [restartedMain] o.a.catalina.core.AprLifecycleListener   : OpenSSL successfully initialized [OpenSSL 1.1.1c  28 May 2019]
2020-12-11 16:13:58.689 dev  INFO 1856 --- [restartedMain] o.a.c.c.C.[Tomcat].[localhost].[/]       : Initializing Spring embedded WebApplicationContext
2020-12-11 16:13:58.690 dev  INFO 1856 --- [restartedMain] o.s.web.context.ContextLoader            : Root WebApplicationContext: initialization completed in 5956 ms
2020-12-11 16:14:06.494 dev  INFO 1856 --- [restartedMain] o.s.s.concurrent.ThreadPoolTaskExecutor  : Initializing ExecutorService 'applicationTaskExecutor'
2020-12-11 16:14:07.006 dev  INFO 1856 --- [restartedMain] o.s.b.a.w.s.WelcomePageHandlerMapping    : Adding welcome page: ServletContext resource [/index.html]
2020-12-11 16:14:09.369 dev  INFO 1856 --- [restartedMain] o.s.b.d.a.OptionalLiveReloadServer       : LiveReload server is running on port 35729
2020-12-11 16:14:09.403 dev  INFO 1856 --- [restartedMain] o.s.b.a.e.web.EndpointLinksResolver      : Exposing 2 endpoint(s) beneath base path '/actuator'
2020-12-11 16:14:09.693 dev  INFO 1856 --- [restartedMain] o.a.coyote.http11.Http11NioProtocol      : Starting ProtocolHandler ["http-nio-8989"]
2020-12-11 16:14:09.747 dev  INFO 1856 --- [restartedMain] o.s.b.w.embedded.tomcat.TomcatWebServer  : Tomcat started on port(s): 8989 (http) with context path ''
2020-12-11 16:14:09.752 dev  INFO 1856 --- [restartedMain] com.zzu.demo.DemoApplication             : Started DemoApplication in 18.232 seconds (JVM running for 21.757)
2020-12-11 16:14:09.774 dev  INFO 1856 --- [restartedMain] com.zzu.demo.runner.LastRunner           :  __    ___   _      ___   _     ____ _____  ____ 
2020-12-11 16:14:09.774 dev  INFO 1856 --- [restartedMain] com.zzu.demo.runner.LastRunner           : / /`  / / \ | |\/| | |_) | |   | |_   | |  | |_  
2020-12-11 16:14:09.775 dev  INFO 1856 --- [restartedMain] com.zzu.demo.runner.LastRunner           : \_\_, \_\_/ |_|  | |_|   |_|__ |_|__  |_|  |_|__ 
2020-12-11 16:14:09.775 dev  INFO 1856 --- [restartedMain] com.zzu.demo.runner.LastRunner           :                                                       
2020-12-11 16:14:09.783 dev  INFO 1856 --- [restartedMain] com.zzu.demo.runner.LastRunner           : DEMO 启动完毕，时间：2020-12-11T16:14:09.783
2020-12-11 16:14:14.384 dev  INFO 1856 --- [RMI TCP Connection(5)-192.200.6.58] o.a.c.c.C.[Tomcat].[localhost].[/]       : Initializing Spring DispatcherServlet 'dispatcherServlet'
2020-12-11 16:14:14.384 dev  INFO 1856 --- [RMI TCP Connection(5)-192.200.6.58] o.s.web.servlet.DispatcherServlet        : Initializing Servlet 'dispatcherServlet'
2020-12-11 16:14:14.430 dev  INFO 1856 --- [RMI TCP Connection(6)-192.200.6.58] com.alibaba.druid.pool.DruidDataSource   : {dataSource-1} inited
2020-12-11 16:14:14.442 dev  INFO 1856 --- [RMI TCP Connection(5)-192.200.6.58] o.s.web.servlet.DispatcherServlet        : Completed initialization in 57 ms
2020-12-11 16:17:37.487 dev  INFO 1856 --- [Thread-35] o.s.s.concurrent.ThreadPoolTaskExecutor  : Shutting down ExecutorService 'applicationTaskExecutor'
2020-12-11 16:17:37.488 dev  INFO 1856 --- [Thread-35] com.alibaba.druid.pool.DruidDataSource   : {dataSource-1} closing ...
2020-12-11 16:17:37.492 dev  INFO 1856 --- [Thread-35] com.alibaba.druid.pool.DruidDataSource   : {dataSource-1} closed
2020-12-11 16:17:48.574 dev  INFO 19804 --- [restartedMain] com.zzu.demo.DemoApplication             : Starting DemoApplication on likangshuai with PID 19804 (E:\demo\target\classes started by 14377 in E:\demo)
2020-12-11 16:17:48.576 dev  INFO 19804 --- [restartedMain] com.zzu.demo.DemoApplication             : The following profiles are active: dev
2020-12-11 16:17:48.763 dev  INFO 19804 --- [restartedMain] .e.DevToolsPropertyDefaultsPostProcessor : Devtools property defaults active! Set 'spring.devtools.add-properties' to 'false' to disable
2020-12-11 16:17:48.764 dev  INFO 19804 --- [restartedMain] .e.DevToolsPropertyDefaultsPostProcessor : For additional web related logging consider setting the 'logging.level.web' property to 'DEBUG'
2020-12-11 16:17:52.003 dev  INFO 19804 --- [restartedMain] trationDelegate$BeanPostProcessorChecker : Bean 'org.springframework.ws.config.annotation.DelegatingWsConfiguration' of type [org.springframework.ws.config.annotation.DelegatingWsConfiguration$$EnhancerBySpringCGLIB$$fb6bca1f] is not eligible for getting processed by all BeanPostProcessors (for example: not eligible for auto-proxying)
2020-12-11 16:17:52.094 dev  INFO 19804 --- [restartedMain] .w.s.a.s.AnnotationActionEndpointMapping : Supporting [WS-Addressing August 2004, WS-Addressing 1.0]
2020-12-11 16:17:52.317 dev  INFO 19804 --- [restartedMain] trationDelegate$BeanPostProcessorChecker : Bean 'org.springframework.transaction.annotation.ProxyTransactionManagementConfiguration' of type [org.springframework.transaction.annotation.ProxyTransactionManagementConfiguration$$EnhancerBySpringCGLIB$$56d40520] is not eligible for getting processed by all BeanPostProcessors (for example: not eligible for auto-proxying)
2020-12-11 16:17:54.158 dev  INFO 19804 --- [restartedMain] o.s.b.w.embedded.tomcat.TomcatWebServer  : Tomcat initialized with port(s): 8989 (http)
2020-12-11 16:17:54.185 dev  INFO 19804 --- [restartedMain] o.a.coyote.http11.Http11NioProtocol      : Initializing ProtocolHandler ["http-nio-8989"]
2020-12-11 16:17:54.200 dev  INFO 19804 --- [restartedMain] o.apache.catalina.core.StandardService   : Starting service [Tomcat]
2020-12-11 16:17:54.200 dev  INFO 19804 --- [restartedMain] org.apache.catalina.core.StandardEngine  : Starting Servlet engine: [Apache Tomcat/9.0.21]
2020-12-11 16:17:54.213 dev  INFO 19804 --- [restartedMain] o.a.catalina.core.AprLifecycleListener   : Loaded APR based Apache Tomcat Native library [1.2.23] using APR version [1.7.0].
2020-12-11 16:17:54.214 dev  INFO 19804 --- [restartedMain] o.a.catalina.core.AprLifecycleListener   : APR capabilities: IPv6 [true], sendfile [true], accept filters [false], random [true].
2020-12-11 16:17:54.214 dev  INFO 19804 --- [restartedMain] o.a.catalina.core.AprLifecycleListener   : APR/OpenSSL configuration: useAprConnector [false], useOpenSSL [true]
2020-12-11 16:17:54.219 dev  INFO 19804 --- [restartedMain] o.a.catalina.core.AprLifecycleListener   : OpenSSL successfully initialized [OpenSSL 1.1.1c  28 May 2019]
2020-12-11 16:17:54.403 dev  INFO 19804 --- [restartedMain] o.a.c.c.C.[Tomcat].[localhost].[/]       : Initializing Spring embedded WebApplicationContext
2020-12-11 16:17:54.404 dev  INFO 19804 --- [restartedMain] o.s.web.context.ContextLoader            : Root WebApplicationContext: initialization completed in 5639 ms
2020-12-11 16:18:01.364 dev  INFO 19804 --- [restartedMain] o.s.s.concurrent.ThreadPoolTaskExecutor  : Initializing ExecutorService 'applicationTaskExecutor'
2020-12-11 16:18:01.752 dev  INFO 19804 --- [restartedMain] o.s.b.a.w.s.WelcomePageHandlerMapping    : Adding welcome page: ServletContext resource [/index.html]
2020-12-11 16:18:04.013 dev  INFO 19804 --- [restartedMain] o.s.b.d.a.OptionalLiveReloadServer       : LiveReload server is running on port 35729
2020-12-11 16:18:04.049 dev  INFO 19804 --- [restartedMain] o.s.b.a.e.web.EndpointLinksResolver      : Exposing 2 endpoint(s) beneath base path '/actuator'
2020-12-11 16:18:04.292 dev  INFO 19804 --- [restartedMain] o.a.coyote.http11.Http11NioProtocol      : Starting ProtocolHandler ["http-nio-8989"]
2020-12-11 16:18:04.343 dev  INFO 19804 --- [restartedMain] o.s.b.w.embedded.tomcat.TomcatWebServer  : Tomcat started on port(s): 8989 (http) with context path ''
2020-12-11 16:18:04.348 dev  INFO 19804 --- [restartedMain] com.zzu.demo.DemoApplication             : Started DemoApplication in 16.995 seconds (JVM running for 19.874)
2020-12-11 16:18:04.367 dev  INFO 19804 --- [restartedMain] com.zzu.demo.runner.LastRunner           :  __    ___   _      ___   _     ____ _____  ____ 
2020-12-11 16:18:04.367 dev  INFO 19804 --- [restartedMain] com.zzu.demo.runner.LastRunner           : / /`  / / \ | |\/| | |_) | |   | |_   | |  | |_  
2020-12-11 16:18:04.367 dev  INFO 19804 --- [restartedMain] com.zzu.demo.runner.LastRunner           : \_\_, \_\_/ |_|  | |_|   |_|__ |_|__  |_|  |_|__ 
2020-12-11 16:18:04.368 dev  INFO 19804 --- [restartedMain] com.zzu.demo.runner.LastRunner           :                                                       
2020-12-11 16:18:04.375 dev  INFO 19804 --- [restartedMain] com.zzu.demo.runner.LastRunner           : DEMO 启动完毕，时间：2020-12-11T16:18:04.375
2020-12-11 16:18:06.849 dev  INFO 19804 --- [Thread-25] o.s.s.concurrent.ThreadPoolTaskExecutor  : Shutting down ExecutorService 'applicationTaskExecutor'
2020-12-11 16:18:06.850 dev  INFO 19804 --- [Thread-25] com.alibaba.druid.pool.DruidDataSource   : {dataSource-0} closing ...
2020-12-11 16:18:17.321 dev  INFO 23236 --- [restartedMain] com.zzu.demo.DemoApplication             : Starting DemoApplication on likangshuai with PID 23236 (E:\demo\target\classes started by 14377 in E:\demo)
2020-12-11 16:18:17.322 dev  INFO 23236 --- [restartedMain] com.zzu.demo.DemoApplication             : The following profiles are active: dev
2020-12-11 16:18:17.452 dev  INFO 23236 --- [restartedMain] .e.DevToolsPropertyDefaultsPostProcessor : Devtools property defaults active! Set 'spring.devtools.add-properties' to 'false' to disable
2020-12-11 16:18:17.453 dev  INFO 23236 --- [restartedMain] .e.DevToolsPropertyDefaultsPostProcessor : For additional web related logging consider setting the 'logging.level.web' property to 'DEBUG'
2020-12-11 16:18:20.233 dev  INFO 23236 --- [restartedMain] trationDelegate$BeanPostProcessorChecker : Bean 'org.springframework.ws.config.annotation.DelegatingWsConfiguration' of type [org.springframework.ws.config.annotation.DelegatingWsConfiguration$$EnhancerBySpringCGLIB$$8c61c9f7] is not eligible for getting processed by all BeanPostProcessors (for example: not eligible for auto-proxying)
2020-12-11 16:18:20.274 dev  INFO 23236 --- [restartedMain] .w.s.a.s.AnnotationActionEndpointMapping : Supporting [WS-Addressing August 2004, WS-Addressing 1.0]
2020-12-11 16:18:20.377 dev  INFO 23236 --- [restartedMain] trationDelegate$BeanPostProcessorChecker : Bean 'org.springframework.transaction.annotation.ProxyTransactionManagementConfiguration' of type [org.springframework.transaction.annotation.ProxyTransactionManagementConfiguration$$EnhancerBySpringCGLIB$$e7ca04f8] is not eligible for getting processed by all BeanPostProcessors (for example: not eligible for auto-proxying)
2020-12-11 16:18:21.477 dev  INFO 23236 --- [restartedMain] o.s.b.w.embedded.tomcat.TomcatWebServer  : Tomcat initialized with port(s): 8989 (http)
2020-12-11 16:18:21.494 dev  INFO 23236 --- [restartedMain] o.a.coyote.http11.Http11NioProtocol      : Initializing ProtocolHandler ["http-nio-8989"]
2020-12-11 16:18:21.503 dev  INFO 23236 --- [restartedMain] o.apache.catalina.core.StandardService   : Starting service [Tomcat]
2020-12-11 16:18:21.504 dev  INFO 23236 --- [restartedMain] org.apache.catalina.core.StandardEngine  : Starting Servlet engine: [Apache Tomcat/9.0.21]
2020-12-11 16:18:21.512 dev  INFO 23236 --- [restartedMain] o.a.catalina.core.AprLifecycleListener   : Loaded APR based Apache Tomcat Native library [1.2.23] using APR version [1.7.0].
2020-12-11 16:18:21.513 dev  INFO 23236 --- [restartedMain] o.a.catalina.core.AprLifecycleListener   : APR capabilities: IPv6 [true], sendfile [true], accept filters [false], random [true].
2020-12-11 16:18:21.513 dev  INFO 23236 --- [restartedMain] o.a.catalina.core.AprLifecycleListener   : APR/OpenSSL configuration: useAprConnector [false], useOpenSSL [true]
2020-12-11 16:18:21.517 dev  INFO 23236 --- [restartedMain] o.a.catalina.core.AprLifecycleListener   : OpenSSL successfully initialized [OpenSSL 1.1.1c  28 May 2019]
2020-12-11 16:18:21.662 dev  INFO 23236 --- [restartedMain] o.a.c.c.C.[Tomcat].[localhost].[/]       : Initializing Spring embedded WebApplicationContext
2020-12-11 16:18:21.662 dev  INFO 23236 --- [restartedMain] o.s.web.context.ContextLoader            : Root WebApplicationContext: initialization completed in 4209 ms
2020-12-11 16:18:26.147 dev  INFO 23236 --- [restartedMain] o.s.s.concurrent.ThreadPoolTaskExecutor  : Initializing ExecutorService 'applicationTaskExecutor'
2020-12-11 16:18:26.517 dev  INFO 23236 --- [restartedMain] o.s.b.a.w.s.WelcomePageHandlerMapping    : Adding welcome page: ServletContext resource [/index.html]
2020-12-11 16:18:27.956 dev  INFO 23236 --- [restartedMain] o.s.b.d.a.OptionalLiveReloadServer       : LiveReload server is running on port 35729
2020-12-11 16:18:27.978 dev  INFO 23236 --- [restartedMain] o.s.b.a.e.web.EndpointLinksResolver      : Exposing 2 endpoint(s) beneath base path '/actuator'
2020-12-11 16:18:28.119 dev  INFO 23236 --- [restartedMain] o.a.coyote.http11.Http11NioProtocol      : Starting ProtocolHandler ["http-nio-8989"]
2020-12-11 16:18:28.150 dev  INFO 23236 --- [restartedMain] o.s.b.w.embedded.tomcat.TomcatWebServer  : Tomcat started on port(s): 8989 (http) with context path ''
2020-12-11 16:18:28.153 dev  INFO 23236 --- [restartedMain] com.zzu.demo.DemoApplication             : Started DemoApplication in 11.758 seconds (JVM running for 14.282)
2020-12-11 16:18:28.167 dev  INFO 23236 --- [restartedMain] com.zzu.demo.runner.LastRunner           :  __    ___   _      ___   _     ____ _____  ____ 
2020-12-11 16:18:28.168 dev  INFO 23236 --- [restartedMain] com.zzu.demo.runner.LastRunner           : / /`  / / \ | |\/| | |_) | |   | |_   | |  | |_  
2020-12-11 16:18:28.168 dev  INFO 23236 --- [restartedMain] com.zzu.demo.runner.LastRunner           : \_\_, \_\_/ |_|  | |_|   |_|__ |_|__  |_|  |_|__ 
2020-12-11 16:18:28.168 dev  INFO 23236 --- [restartedMain] com.zzu.demo.runner.LastRunner           :                                                       
2020-12-11 16:18:28.173 dev  INFO 23236 --- [restartedMain] com.zzu.demo.runner.LastRunner           : DEMO 启动完毕，时间：2020-12-11T16:18:28.173
2020-12-11 16:18:30.217 dev  INFO 23236 --- [RMI TCP Connection(3)-192.200.6.58] o.a.c.c.C.[Tomcat].[localhost].[/]       : Initializing Spring DispatcherServlet 'dispatcherServlet'
2020-12-11 16:18:30.218 dev  INFO 23236 --- [RMI TCP Connection(3)-192.200.6.58] o.s.web.servlet.DispatcherServlet        : Initializing Servlet 'dispatcherServlet'
2020-12-11 16:18:30.238 dev  INFO 23236 --- [RMI TCP Connection(2)-192.200.6.58] com.alibaba.druid.pool.DruidDataSource   : {dataSource-1} inited
2020-12-11 16:18:30.247 dev  INFO 23236 --- [RMI TCP Connection(3)-192.200.6.58] o.s.web.servlet.DispatcherServlet        : Completed initialization in 29 ms
2020-12-11 16:19:21.100 dev  INFO 23236 --- [Thread-30] o.s.s.concurrent.ThreadPoolTaskExecutor  : Shutting down ExecutorService 'applicationTaskExecutor'
2020-12-11 16:19:21.101 dev  INFO 23236 --- [Thread-30] com.alibaba.druid.pool.DruidDataSource   : {dataSource-1} closing ...
2020-12-11 16:19:21.105 dev  INFO 23236 --- [Thread-30] com.alibaba.druid.pool.DruidDataSource   : {dataSource-1} closed
2020-12-11 16:19:31.510 dev  INFO 2808 --- [restartedMain] com.zzu.demo.DemoApplication             : Starting DemoApplication on likangshuai with PID 2808 (E:\demo\target\classes started by 14377 in E:\demo)
2020-12-11 16:19:31.511 dev  INFO 2808 --- [restartedMain] com.zzu.demo.DemoApplication             : The following profiles are active: dev
2020-12-11 16:19:31.617 dev  INFO 2808 --- [restartedMain] .e.DevToolsPropertyDefaultsPostProcessor : Devtools property defaults active! Set 'spring.devtools.add-properties' to 'false' to disable
2020-12-11 16:19:31.617 dev  INFO 2808 --- [restartedMain] .e.DevToolsPropertyDefaultsPostProcessor : For additional web related logging consider setting the 'logging.level.web' property to 'DEBUG'
2020-12-11 16:19:34.525 dev  INFO 2808 --- [restartedMain] trationDelegate$BeanPostProcessorChecker : Bean 'org.springframework.ws.config.annotation.DelegatingWsConfiguration' of type [org.springframework.ws.config.annotation.DelegatingWsConfiguration$$EnhancerBySpringCGLIB$$857240b7] is not eligible for getting processed by all BeanPostProcessors (for example: not eligible for auto-proxying)
2020-12-11 16:19:34.591 dev  INFO 2808 --- [restartedMain] .w.s.a.s.AnnotationActionEndpointMapping : Supporting [WS-Addressing August 2004, WS-Addressing 1.0]
2020-12-11 16:19:34.721 dev  INFO 2808 --- [restartedMain] trationDelegate$BeanPostProcessorChecker : Bean 'org.springframework.transaction.annotation.ProxyTransactionManagementConfiguration' of type [org.springframework.transaction.annotation.ProxyTransactionManagementConfiguration$$EnhancerBySpringCGLIB$$e0da7bb8] is not eligible for getting processed by all BeanPostProcessors (for example: not eligible for auto-proxying)
2020-12-11 16:19:35.981 dev  INFO 2808 --- [restartedMain] o.s.b.w.embedded.tomcat.TomcatWebServer  : Tomcat initialized with port(s): 8989 (http)
2020-12-11 16:19:35.998 dev  INFO 2808 --- [restartedMain] o.a.coyote.http11.Http11NioProtocol      : Initializing ProtocolHandler ["http-nio-8989"]
2020-12-11 16:19:36.009 dev  INFO 2808 --- [restartedMain] o.apache.catalina.core.StandardService   : Starting service [Tomcat]
2020-12-11 16:19:36.010 dev  INFO 2808 --- [restartedMain] org.apache.catalina.core.StandardEngine  : Starting Servlet engine: [Apache Tomcat/9.0.21]
2020-12-11 16:19:36.017 dev  INFO 2808 --- [restartedMain] o.a.catalina.core.AprLifecycleListener   : Loaded APR based Apache Tomcat Native library [1.2.23] using APR version [1.7.0].
2020-12-11 16:19:36.018 dev  INFO 2808 --- [restartedMain] o.a.catalina.core.AprLifecycleListener   : APR capabilities: IPv6 [true], sendfile [true], accept filters [false], random [true].
2020-12-11 16:19:36.018 dev  INFO 2808 --- [restartedMain] o.a.catalina.core.AprLifecycleListener   : APR/OpenSSL configuration: useAprConnector [false], useOpenSSL [true]
2020-12-11 16:19:36.022 dev  INFO 2808 --- [restartedMain] o.a.catalina.core.AprLifecycleListener   : OpenSSL successfully initialized [OpenSSL 1.1.1c  28 May 2019]
2020-12-11 16:19:36.168 dev  INFO 2808 --- [restartedMain] o.a.c.c.C.[Tomcat].[localhost].[/]       : Initializing Spring embedded WebApplicationContext
2020-12-11 16:19:36.168 dev  INFO 2808 --- [restartedMain] o.s.web.context.ContextLoader            : Root WebApplicationContext: initialization completed in 4551 ms
2020-12-11 16:19:40.864 dev  INFO 2808 --- [restartedMain] o.s.s.concurrent.ThreadPoolTaskExecutor  : Initializing ExecutorService 'applicationTaskExecutor'
2020-12-11 16:19:41.252 dev  INFO 2808 --- [restartedMain] o.s.b.a.w.s.WelcomePageHandlerMapping    : Adding welcome page: ServletContext resource [/index.html]
2020-12-11 16:19:42.678 dev  INFO 2808 --- [restartedMain] o.s.b.d.a.OptionalLiveReloadServer       : LiveReload server is running on port 35729
2020-12-11 16:19:42.699 dev  INFO 2808 --- [restartedMain] o.s.b.a.e.web.EndpointLinksResolver      : Exposing 2 endpoint(s) beneath base path '/actuator'
2020-12-11 16:19:42.826 dev  INFO 2808 --- [restartedMain] o.a.coyote.http11.Http11NioProtocol      : Starting ProtocolHandler ["http-nio-8989"]
2020-12-11 16:19:42.856 dev  INFO 2808 --- [restartedMain] o.s.b.w.embedded.tomcat.TomcatWebServer  : Tomcat started on port(s): 8989 (http) with context path ''
2020-12-11 16:19:42.860 dev  INFO 2808 --- [restartedMain] com.zzu.demo.DemoApplication             : Started DemoApplication in 12.303 seconds (JVM running for 14.696)
2020-12-11 16:19:42.873 dev  INFO 2808 --- [restartedMain] com.zzu.demo.runner.LastRunner           :  __    ___   _      ___   _     ____ _____  ____ 
2020-12-11 16:19:42.873 dev  INFO 2808 --- [restartedMain] com.zzu.demo.runner.LastRunner           : / /`  / / \ | |\/| | |_) | |   | |_   | |  | |_  
2020-12-11 16:19:42.873 dev  INFO 2808 --- [restartedMain] com.zzu.demo.runner.LastRunner           : \_\_, \_\_/ |_|  | |_|   |_|__ |_|__  |_|  |_|__ 
2020-12-11 16:19:42.873 dev  INFO 2808 --- [restartedMain] com.zzu.demo.runner.LastRunner           :                                                       
2020-12-11 16:19:42.878 dev  INFO 2808 --- [restartedMain] com.zzu.demo.runner.LastRunner           : DEMO 启动完毕，时间：2020-12-11T16:19:42.878
2020-12-11 16:19:43.959 dev  INFO 2808 --- [RMI TCP Connection(1)-192.200.6.58] o.a.c.c.C.[Tomcat].[localhost].[/]       : Initializing Spring DispatcherServlet 'dispatcherServlet'
2020-12-11 16:19:43.959 dev  INFO 2808 --- [RMI TCP Connection(1)-192.200.6.58] o.s.web.servlet.DispatcherServlet        : Initializing Servlet 'dispatcherServlet'
2020-12-11 16:19:43.985 dev  INFO 2808 --- [RMI TCP Connection(2)-192.200.6.58] com.alibaba.druid.pool.DruidDataSource   : {dataSource-1} inited
2020-12-11 16:19:43.993 dev  INFO 2808 --- [RMI TCP Connection(1)-192.200.6.58] o.s.web.servlet.DispatcherServlet        : Completed initialization in 33 ms
2020-12-11 17:17:21.579 dev  INFO 2808 --- [Thread-31] o.s.s.concurrent.ThreadPoolTaskExecutor  : Shutting down ExecutorService 'applicationTaskExecutor'
2020-12-11 17:17:21.580 dev  INFO 2808 --- [Thread-31] com.alibaba.druid.pool.DruidDataSource   : {dataSource-1} closing ...
2020-12-11 17:17:21.582 dev  INFO 2808 --- [Thread-31] com.alibaba.druid.pool.DruidDataSource   : {dataSource-1} closed
