2020-12-14 14:15:21.560 dev  INFO 23600 --- [restartedMain] com.zzu.demo.DemoApplication             : Starting DemoApplication on likangshuai with PID 23600 (E:\demo\target\classes started by 14377 in E:\demo)
2020-12-14 14:15:21.593 dev  INFO 23600 --- [restartedMain] com.zzu.demo.DemoApplication             : The following profiles are active: dev
2020-12-14 14:15:21.777 dev  INFO 23600 --- [restartedMain] .e.DevToolsPropertyDefaultsPostProcessor : Devtools property defaults active! Set 'spring.devtools.add-properties' to 'false' to disable
2020-12-14 14:15:21.777 dev  INFO 23600 --- [restartedMain] .e.DevToolsPropertyDefaultsPostProcessor : For additional web related logging consider setting the 'logging.level.web' property to 'DEBUG'
2020-12-14 14:15:24.034 dev  INFO 23600 --- [restartedMain] trationDelegate$BeanPostProcessorChecker : Bean 'org.springframework.ws.config.annotation.DelegatingWsConfiguration' of type [org.springframework.ws.config.annotation.DelegatingWsConfiguration$$EnhancerBySpringCGLIB$$c25ebfbf] is not eligible for getting processed by all BeanPostProcessors (for example: not eligible for auto-proxying)
2020-12-14 14:15:24.069 dev  INFO 23600 --- [restartedMain] .w.s.a.s.AnnotationActionEndpointMapping : Supporting [WS-Addressing August 2004, WS-Addressing 1.0]
2020-12-14 14:15:24.161 dev  INFO 23600 --- [restartedMain] trationDelegate$BeanPostProcessorChecker : Bean 'org.springframework.transaction.annotation.ProxyTransactionManagementConfiguration' of type [org.springframework.transaction.annotation.ProxyTransactionManagementConfiguration$$EnhancerBySpringCGLIB$$1dc6fac0] is not eligible for getting processed by all BeanPostProcessors (for example: not eligible for auto-proxying)
2020-12-14 14:15:25.140 dev  INFO 23600 --- [restartedMain] o.s.b.w.embedded.tomcat.TomcatWebServer  : Tomcat initialized with port(s): 8989 (http)
2020-12-14 14:15:25.158 dev  INFO 23600 --- [restartedMain] o.a.coyote.http11.Http11NioProtocol      : Initializing ProtocolHandler ["http-nio-8989"]
2020-12-14 14:15:25.167 dev  INFO 23600 --- [restartedMain] o.apache.catalina.core.StandardService   : Starting service [Tomcat]
2020-12-14 14:15:25.168 dev  INFO 23600 --- [restartedMain] org.apache.catalina.core.StandardEngine  : Starting Servlet engine: [Apache Tomcat/9.0.21]
2020-12-14 14:15:25.176 dev  INFO 23600 --- [restartedMain] o.a.catalina.core.AprLifecycleListener   : Loaded APR based Apache Tomcat Native library [1.2.23] using APR version [1.7.0].
2020-12-14 14:15:25.177 dev  INFO 23600 --- [restartedMain] o.a.catalina.core.AprLifecycleListener   : APR capabilities: IPv6 [true], sendfile [true], accept filters [false], random [true].
2020-12-14 14:15:25.177 dev  INFO 23600 --- [restartedMain] o.a.catalina.core.AprLifecycleListener   : APR/OpenSSL configuration: useAprConnector [false], useOpenSSL [true]
2020-12-14 14:15:25.181 dev  INFO 23600 --- [restartedMain] o.a.catalina.core.AprLifecycleListener   : OpenSSL successfully initialized [OpenSSL 1.1.1c  28 May 2019]
2020-12-14 14:15:25.328 dev  INFO 23600 --- [restartedMain] o.a.c.c.C.[Tomcat].[localhost].[/]       : Initializing Spring embedded WebApplicationContext
2020-12-14 14:15:25.329 dev  INFO 23600 --- [restartedMain] o.s.web.context.ContextLoader            : Root WebApplicationContext: initialization completed in 3551 ms
2020-12-14 14:15:30.642 dev  INFO 23600 --- [restartedMain] o.s.s.concurrent.ThreadPoolTaskExecutor  : Initializing ExecutorService 'applicationTaskExecutor'
2020-12-14 14:15:30.988 dev  INFO 23600 --- [restartedMain] o.s.b.a.w.s.WelcomePageHandlerMapping    : Adding welcome page: ServletContext resource [/index.html]
2020-12-14 14:15:32.504 dev  INFO 23600 --- [restartedMain] o.s.b.d.a.OptionalLiveReloadServer       : LiveReload server is running on port 35729
2020-12-14 14:15:32.526 dev  INFO 23600 --- [restartedMain] o.s.b.a.e.web.EndpointLinksResolver      : Exposing 2 endpoint(s) beneath base path '/actuator'
2020-12-14 14:15:32.683 dev  INFO 23600 --- [restartedMain] o.a.coyote.http11.Http11NioProtocol      : Starting ProtocolHandler ["http-nio-8989"]
2020-12-14 14:15:32.716 dev  INFO 23600 --- [restartedMain] o.s.b.w.embedded.tomcat.TomcatWebServer  : Tomcat started on port(s): 8989 (http) with context path ''
2020-12-14 14:15:32.722 dev  INFO 23600 --- [restartedMain] com.zzu.demo.DemoApplication             : Started DemoApplication in 12.182 seconds (JVM running for 14.516)
2020-12-14 14:15:32.735 dev  INFO 23600 --- [restartedMain] com.zzu.demo.runner.LastRunner           :  __    ___   _      ___   _     ____ _____  ____ 
2020-12-14 14:15:32.736 dev  INFO 23600 --- [restartedMain] com.zzu.demo.runner.LastRunner           : / /`  / / \ | |\/| | |_) | |   | |_   | |  | |_  
2020-12-14 14:15:32.736 dev  INFO 23600 --- [restartedMain] com.zzu.demo.runner.LastRunner           : \_\_, \_\_/ |_|  | |_|   |_|__ |_|__  |_|  |_|__ 
2020-12-14 14:15:32.736 dev  INFO 23600 --- [restartedMain] com.zzu.demo.runner.LastRunner           :                                                       
2020-12-14 14:15:32.743 dev  INFO 23600 --- [restartedMain] com.zzu.demo.runner.LastRunner           : DEMO 启动完毕，时间：2020-12-14T14:15:32.743
2020-12-14 14:15:34.088 dev  INFO 23600 --- [RMI TCP Connection(3)-192.200.6.58] o.a.c.c.C.[Tomcat].[localhost].[/]       : Initializing Spring DispatcherServlet 'dispatcherServlet'
2020-12-14 14:15:34.088 dev  INFO 23600 --- [RMI TCP Connection(3)-192.200.6.58] o.s.web.servlet.DispatcherServlet        : Initializing Servlet 'dispatcherServlet'
2020-12-14 14:15:34.113 dev  INFO 23600 --- [RMI TCP Connection(4)-192.200.6.58] com.alibaba.druid.pool.DruidDataSource   : {dataSource-1} inited
2020-12-14 14:15:34.118 dev  INFO 23600 --- [RMI TCP Connection(3)-192.200.6.58] o.s.web.servlet.DispatcherServlet        : Completed initialization in 30 ms
2020-12-14 14:27:24.381 dev  INFO 23600 --- [Thread-27] o.s.s.concurrent.ThreadPoolTaskExecutor  : Shutting down ExecutorService 'applicationTaskExecutor'
2020-12-14 14:27:24.382 dev  INFO 23600 --- [Thread-27] com.alibaba.druid.pool.DruidDataSource   : {dataSource-1} closing ...
2020-12-14 14:27:24.386 dev  INFO 23600 --- [Thread-27] com.alibaba.druid.pool.DruidDataSource   : {dataSource-1} closed
