2020-12-10 08:38:54.536 dev  WARN 43420 --- [restartedMain] o.m.s.mapper.ClassPathMapperScanner      : Skipping MapperFactoryBean with name 'personMapper' and 'com.zzu.demo.dao.PersonMapper' mapperInterface. Bean already defined with the same name!
2020-12-10 08:38:54.539 dev  WARN 43420 --- [restartedMain] o.m.s.mapper.ClassPathMapperScanner      : Skipping MapperFactoryBean with name 'userDao' and 'com.zzu.demo.dao.UserDao' mapperInterface. Bean already defined with the same name!
2020-12-10 08:38:54.540 dev  WARN 43420 --- [restartedMain] o.m.s.mapper.ClassPathMapperScanner      : No MyBatis mapper was found in '[com.zzu.demo.dao]' package. Please check your configuration.
2020-12-10 08:39:02.477 dev  WARN 43420 --- [restartedMain] c.b.m.core.injector.AbstractMethod       : [com.zzu.demo.dao.PersonMapper.selectById] Has been loaded by XML or SqlProvider or Mybatis's Annotation, so ignoring this injection for [class com.baomidou.mybatisplus.core.injector.methods.SelectById]
2020-12-10 08:42:56.097 dev  WARN 43420 --- [restartedMain] o.m.s.mapper.ClassPathMapperScanner      : Skipping MapperFactoryBean with name 'personMapper' and 'com.zzu.demo.dao.PersonMapper' mapperInterface. Bean already defined with the same name!
2020-12-10 08:42:56.097 dev  WARN 43420 --- [restartedMain] o.m.s.mapper.ClassPathMapperScanner      : Skipping MapperFactoryBean with name 'userDao' and 'com.zzu.demo.dao.UserDao' mapperInterface. Bean already defined with the same name!
2020-12-10 08:42:56.098 dev  WARN 43420 --- [restartedMain] o.m.s.mapper.ClassPathMapperScanner      : No MyBatis mapper was found in '[com.zzu.demo.dao]' package. Please check your configuration.
2020-12-10 08:43:00.029 dev  WARN 43420 --- [restartedMain] c.b.m.core.injector.AbstractMethod       : [com.zzu.demo.dao.PersonMapper.selectById] Has been loaded by XML or SqlProvider or Mybatis's Annotation, so ignoring this injection for [class com.baomidou.mybatisplus.core.injector.methods.SelectById]
2020-12-10 08:44:02.525 dev  WARN 39284 --- [restartedMain] o.m.s.mapper.ClassPathMapperScanner      : Skipping MapperFactoryBean with name 'personMapper' and 'com.zzu.demo.dao.PersonMapper' mapperInterface. Bean already defined with the same name!
2020-12-10 08:44:02.526 dev  WARN 39284 --- [restartedMain] o.m.s.mapper.ClassPathMapperScanner      : Skipping MapperFactoryBean with name 'userDao' and 'com.zzu.demo.dao.UserDao' mapperInterface. Bean already defined with the same name!
2020-12-10 08:44:02.527 dev  WARN 39284 --- [restartedMain] o.m.s.mapper.ClassPathMapperScanner      : No MyBatis mapper was found in '[com.zzu.demo.dao]' package. Please check your configuration.
2020-12-10 08:44:09.262 dev  WARN 39284 --- [restartedMain] c.b.m.core.injector.AbstractMethod       : [com.zzu.demo.dao.PersonMapper.selectById] Has been loaded by XML or SqlProvider or Mybatis's Annotation, so ignoring this injection for [class com.baomidou.mybatisplus.core.injector.methods.SelectById]
2020-12-10 08:45:00.131 dev  WARN 39400 --- [restartedMain] o.m.s.mapper.ClassPathMapperScanner      : Skipping MapperFactoryBean with name 'personMapper' and 'com.zzu.demo.dao.PersonMapper' mapperInterface. Bean already defined with the same name!
2020-12-10 08:45:00.132 dev  WARN 39400 --- [restartedMain] o.m.s.mapper.ClassPathMapperScanner      : Skipping MapperFactoryBean with name 'userDao' and 'com.zzu.demo.dao.UserDao' mapperInterface. Bean already defined with the same name!
2020-12-10 08:45:00.134 dev  WARN 39400 --- [restartedMain] o.m.s.mapper.ClassPathMapperScanner      : No MyBatis mapper was found in '[com.zzu.demo.dao]' package. Please check your configuration.
2020-12-10 08:45:07.110 dev  WARN 39400 --- [restartedMain] c.b.m.core.injector.AbstractMethod       : [com.zzu.demo.dao.PersonMapper.selectById] Has been loaded by XML or SqlProvider or Mybatis's Annotation, so ignoring this injection for [class com.baomidou.mybatisplus.core.injector.methods.SelectById]
2020-12-10 08:45:35.738 dev  WARN 39132 --- [restartedMain] o.m.s.mapper.ClassPathMapperScanner      : Skipping MapperFactoryBean with name 'personMapper' and 'com.zzu.demo.dao.PersonMapper' mapperInterface. Bean already defined with the same name!
2020-12-10 08:45:35.739 dev  WARN 39132 --- [restartedMain] o.m.s.mapper.ClassPathMapperScanner      : Skipping MapperFactoryBean with name 'userDao' and 'com.zzu.demo.dao.UserDao' mapperInterface. Bean already defined with the same name!
2020-12-10 08:45:35.740 dev  WARN 39132 --- [restartedMain] o.m.s.mapper.ClassPathMapperScanner      : No MyBatis mapper was found in '[com.zzu.demo.dao]' package. Please check your configuration.
2020-12-10 08:45:42.755 dev  WARN 39132 --- [restartedMain] c.b.m.core.injector.AbstractMethod       : [com.zzu.demo.dao.PersonMapper.selectById] Has been loaded by XML or SqlProvider or Mybatis's Annotation, so ignoring this injection for [class com.baomidou.mybatisplus.core.injector.methods.SelectById]
2020-12-10 08:47:10.453 dev  WARN 43204 --- [restartedMain] o.m.s.mapper.ClassPathMapperScanner      : Skipping MapperFactoryBean with name 'personMapper' and 'com.zzu.demo.dao.PersonMapper' mapperInterface. Bean already defined with the same name!
2020-12-10 08:47:10.454 dev  WARN 43204 --- [restartedMain] o.m.s.mapper.ClassPathMapperScanner      : Skipping MapperFactoryBean with name 'userDao' and 'com.zzu.demo.dao.UserDao' mapperInterface. Bean already defined with the same name!
2020-12-10 08:47:10.454 dev  WARN 43204 --- [restartedMain] o.m.s.mapper.ClassPathMapperScanner      : No MyBatis mapper was found in '[com.zzu.demo.dao]' package. Please check your configuration.
2020-12-10 08:47:16.489 dev  WARN 43204 --- [restartedMain] c.b.m.core.injector.AbstractMethod       : [com.zzu.demo.dao.PersonMapper.selectById] Has been loaded by XML or SqlProvider or Mybatis's Annotation, so ignoring this injection for [class com.baomidou.mybatisplus.core.injector.methods.SelectById]
2020-12-10 08:48:30.653 dev  WARN 39524 --- [restartedMain] o.m.s.mapper.ClassPathMapperScanner      : Skipping MapperFactoryBean with name 'personMapper' and 'com.zzu.demo.dao.PersonMapper' mapperInterface. Bean already defined with the same name!
2020-12-10 08:48:30.654 dev  WARN 39524 --- [restartedMain] o.m.s.mapper.ClassPathMapperScanner      : Skipping MapperFactoryBean with name 'userDao' and 'com.zzu.demo.dao.UserDao' mapperInterface. Bean already defined with the same name!
2020-12-10 08:48:30.655 dev  WARN 39524 --- [restartedMain] o.m.s.mapper.ClassPathMapperScanner      : No MyBatis mapper was found in '[com.zzu.demo.dao]' package. Please check your configuration.
2020-12-10 08:48:37.899 dev  WARN 39524 --- [restartedMain] c.b.m.core.injector.AbstractMethod       : [com.zzu.demo.dao.PersonMapper.selectById] Has been loaded by XML or SqlProvider or Mybatis's Annotation, so ignoring this injection for [class com.baomidou.mybatisplus.core.injector.methods.SelectById]
2020-12-10 08:55:15.616 dev  WARN 42564 --- [restartedMain] o.m.s.mapper.ClassPathMapperScanner      : Skipping MapperFactoryBean with name 'personMapper' and 'com.zzu.demo.dao.PersonMapper' mapperInterface. Bean already defined with the same name!
2020-12-10 08:55:15.617 dev  WARN 42564 --- [restartedMain] o.m.s.mapper.ClassPathMapperScanner      : Skipping MapperFactoryBean with name 'userDao' and 'com.zzu.demo.dao.UserDao' mapperInterface. Bean already defined with the same name!
2020-12-10 08:55:15.620 dev  WARN 42564 --- [restartedMain] o.m.s.mapper.ClassPathMapperScanner      : No MyBatis mapper was found in '[com.zzu.demo.dao]' package. Please check your configuration.
2020-12-10 08:55:21.739 dev  WARN 42564 --- [restartedMain] c.b.m.core.injector.AbstractMethod       : [com.zzu.demo.dao.PersonMapper.selectById] Has been loaded by XML or SqlProvider or Mybatis's Annotation, so ignoring this injection for [class com.baomidou.mybatisplus.core.injector.methods.SelectById]
2020-12-10 08:59:58.182 dev  WARN 42564 --- [restartedMain] o.m.s.mapper.ClassPathMapperScanner      : Skipping MapperFactoryBean with name 'personMapper' and 'com.zzu.demo.dao.PersonMapper' mapperInterface. Bean already defined with the same name!
2020-12-10 08:59:58.183 dev  WARN 42564 --- [restartedMain] o.m.s.mapper.ClassPathMapperScanner      : Skipping MapperFactoryBean with name 'userDao' and 'com.zzu.demo.dao.UserDao' mapperInterface. Bean already defined with the same name!
2020-12-10 08:59:58.183 dev  WARN 42564 --- [restartedMain] o.m.s.mapper.ClassPathMapperScanner      : No MyBatis mapper was found in '[com.zzu.demo.dao]' package. Please check your configuration.
2020-12-10 09:00:02.521 dev  WARN 42564 --- [restartedMain] c.b.m.core.injector.AbstractMethod       : [com.zzu.demo.dao.PersonMapper.selectById] Has been loaded by XML or SqlProvider or Mybatis's Annotation, so ignoring this injection for [class com.baomidou.mybatisplus.core.injector.methods.SelectById]
2020-12-10 09:00:03.317 dev  WARN 42564 --- [restartedMain] ConfigServletWebServerApplicationContext : Exception encountered during context initialization - cancelling refresh attempt: org.springframework.beans.factory.BeanCreationException: Error creating bean with name 'requestMappingHandlerMapping' defined in class path resource [org/springframework/boot/autoconfigure/web/servlet/WebMvcAutoConfiguration$EnableWebMvcConfiguration.class]: Bean instantiation via factory method failed; nested exception is org.springframework.beans.BeanInstantiationException: Failed to instantiate [org.springframework.web.servlet.mvc.method.annotation.RequestMappingHandlerMapping]: Factory method 'requestMappingHandlerMapping' threw exception; nested exception is java.lang.NoClassDefFoundError: com/zzu/demo/apiversioncontrol/APIVersionHandlerMapping
2020-12-10 09:02:00.483 dev  WARN 44612 --- [restartedMain] o.m.s.mapper.ClassPathMapperScanner      : Skipping MapperFactoryBean with name 'personMapper' and 'com.zzu.demo.dao.PersonMapper' mapperInterface. Bean already defined with the same name!
2020-12-10 09:02:00.483 dev  WARN 44612 --- [restartedMain] o.m.s.mapper.ClassPathMapperScanner      : Skipping MapperFactoryBean with name 'userDao' and 'com.zzu.demo.dao.UserDao' mapperInterface. Bean already defined with the same name!
2020-12-10 09:02:00.484 dev  WARN 44612 --- [restartedMain] o.m.s.mapper.ClassPathMapperScanner      : No MyBatis mapper was found in '[com.zzu.demo.dao]' package. Please check your configuration.
2020-12-10 09:02:07.718 dev  WARN 44612 --- [restartedMain] c.b.m.core.injector.AbstractMethod       : [com.zzu.demo.dao.PersonMapper.selectById] Has been loaded by XML or SqlProvider or Mybatis's Annotation, so ignoring this injection for [class com.baomidou.mybatisplus.core.injector.methods.SelectById]
2020-12-10 09:02:09.227 dev  WARN 44612 --- [restartedMain] ConfigServletWebServerApplicationContext : Exception encountered during context initialization - cancelling refresh attempt: org.springframework.beans.factory.BeanCreationException: Error creating bean with name 'requestMappingHandlerMapping' defined in class path resource [org/springframework/boot/autoconfigure/web/servlet/WebMvcAutoConfiguration$EnableWebMvcConfiguration.class]: Invocation of init method failed; nested exception is com.zzu.demo.exception.ParaException: APIVersion注解未设置
2020-12-10 09:02:46.796 dev  WARN 41012 --- [restartedMain] o.m.s.mapper.ClassPathMapperScanner      : Skipping MapperFactoryBean with name 'personMapper' and 'com.zzu.demo.dao.PersonMapper' mapperInterface. Bean already defined with the same name!
2020-12-10 09:02:46.797 dev  WARN 41012 --- [restartedMain] o.m.s.mapper.ClassPathMapperScanner      : Skipping MapperFactoryBean with name 'userDao' and 'com.zzu.demo.dao.UserDao' mapperInterface. Bean already defined with the same name!
2020-12-10 09:02:46.798 dev  WARN 41012 --- [restartedMain] o.m.s.mapper.ClassPathMapperScanner      : No MyBatis mapper was found in '[com.zzu.demo.dao]' package. Please check your configuration.
2020-12-10 09:02:53.342 dev  WARN 41012 --- [restartedMain] c.b.m.core.injector.AbstractMethod       : [com.zzu.demo.dao.PersonMapper.selectById] Has been loaded by XML or SqlProvider or Mybatis's Annotation, so ignoring this injection for [class com.baomidou.mybatisplus.core.injector.methods.SelectById]
2020-12-10 09:02:54.528 dev  WARN 41012 --- [restartedMain] ConfigServletWebServerApplicationContext : Exception encountered during context initialization - cancelling refresh attempt: org.springframework.beans.factory.BeanCreationException: Error creating bean with name 'requestMappingHandlerMapping' defined in class path resource [org/springframework/boot/autoconfigure/web/servlet/WebMvcAutoConfiguration$EnableWebMvcConfiguration.class]: Invocation of init method failed; nested exception is com.zzu.demo.exception.ParaException: APIVersion注解未设置
2020-12-10 09:05:20.460 dev  WARN 12752 --- [restartedMain] o.m.s.mapper.ClassPathMapperScanner      : Skipping MapperFactoryBean with name 'personMapper' and 'com.zzu.demo.dao.PersonMapper' mapperInterface. Bean already defined with the same name!
2020-12-10 09:05:20.461 dev  WARN 12752 --- [restartedMain] o.m.s.mapper.ClassPathMapperScanner      : Skipping MapperFactoryBean with name 'userDao' and 'com.zzu.demo.dao.UserDao' mapperInterface. Bean already defined with the same name!
2020-12-10 09:05:20.461 dev  WARN 12752 --- [restartedMain] o.m.s.mapper.ClassPathMapperScanner      : No MyBatis mapper was found in '[com.zzu.demo.dao]' package. Please check your configuration.
2020-12-10 09:05:26.575 dev  WARN 12752 --- [restartedMain] c.b.m.core.injector.AbstractMethod       : [com.zzu.demo.dao.PersonMapper.selectById] Has been loaded by XML or SqlProvider or Mybatis's Annotation, so ignoring this injection for [class com.baomidou.mybatisplus.core.injector.methods.SelectById]
2020-12-10 09:24:20.874 dev  WARN 12752 --- [restartedMain] o.m.s.mapper.ClassPathMapperScanner      : Skipping MapperFactoryBean with name 'personMapper' and 'com.zzu.demo.dao.PersonMapper' mapperInterface. Bean already defined with the same name!
2020-12-10 09:24:20.874 dev  WARN 12752 --- [restartedMain] o.m.s.mapper.ClassPathMapperScanner      : Skipping MapperFactoryBean with name 'userDao' and 'com.zzu.demo.dao.UserDao' mapperInterface. Bean already defined with the same name!
2020-12-10 09:24:20.875 dev  WARN 12752 --- [restartedMain] o.m.s.mapper.ClassPathMapperScanner      : No MyBatis mapper was found in '[com.zzu.demo.dao]' package. Please check your configuration.
2020-12-10 09:24:24.981 dev  WARN 12752 --- [restartedMain] c.b.m.core.injector.AbstractMethod       : [com.zzu.demo.dao.PersonMapper.selectById] Has been loaded by XML or SqlProvider or Mybatis's Annotation, so ignoring this injection for [class com.baomidou.mybatisplus.core.injector.methods.SelectById]
2020-12-10 10:03:57.274 dev  WARN 12752 --- [restartedMain] o.m.s.mapper.ClassPathMapperScanner      : Skipping MapperFactoryBean with name 'personMapper' and 'com.zzu.demo.dao.PersonMapper' mapperInterface. Bean already defined with the same name!
2020-12-10 10:03:57.274 dev  WARN 12752 --- [restartedMain] o.m.s.mapper.ClassPathMapperScanner      : Skipping MapperFactoryBean with name 'userDao' and 'com.zzu.demo.dao.UserDao' mapperInterface. Bean already defined with the same name!
2020-12-10 10:03:57.274 dev  WARN 12752 --- [restartedMain] o.m.s.mapper.ClassPathMapperScanner      : No MyBatis mapper was found in '[com.zzu.demo.dao]' package. Please check your configuration.
2020-12-10 10:04:01.048 dev  WARN 12752 --- [restartedMain] c.b.m.core.injector.AbstractMethod       : [com.zzu.demo.dao.PersonMapper.selectById] Has been loaded by XML or SqlProvider or Mybatis's Annotation, so ignoring this injection for [class com.baomidou.mybatisplus.core.injector.methods.SelectById]
2020-12-10 10:06:21.444 dev  WARN 12752 --- [restartedMain] o.m.s.mapper.ClassPathMapperScanner      : Skipping MapperFactoryBean with name 'personMapper' and 'com.zzu.demo.dao.PersonMapper' mapperInterface. Bean already defined with the same name!
2020-12-10 10:06:21.445 dev  WARN 12752 --- [restartedMain] o.m.s.mapper.ClassPathMapperScanner      : Skipping MapperFactoryBean with name 'userDao' and 'com.zzu.demo.dao.UserDao' mapperInterface. Bean already defined with the same name!
2020-12-10 10:06:21.445 dev  WARN 12752 --- [restartedMain] o.m.s.mapper.ClassPathMapperScanner      : No MyBatis mapper was found in '[com.zzu.demo.dao]' package. Please check your configuration.
2020-12-10 10:06:25.645 dev  WARN 12752 --- [restartedMain] c.b.m.core.injector.AbstractMethod       : [com.zzu.demo.dao.PersonMapper.selectById] Has been loaded by XML or SqlProvider or Mybatis's Annotation, so ignoring this injection for [class com.baomidou.mybatisplus.core.injector.methods.SelectById]
2020-12-10 10:07:19.822 dev  WARN 12752 --- [restartedMain] o.m.s.mapper.ClassPathMapperScanner      : Skipping MapperFactoryBean with name 'personMapper' and 'com.zzu.demo.dao.PersonMapper' mapperInterface. Bean already defined with the same name!
2020-12-10 10:07:19.822 dev  WARN 12752 --- [restartedMain] o.m.s.mapper.ClassPathMapperScanner      : Skipping MapperFactoryBean with name 'userDao' and 'com.zzu.demo.dao.UserDao' mapperInterface. Bean already defined with the same name!
2020-12-10 10:07:19.822 dev  WARN 12752 --- [restartedMain] o.m.s.mapper.ClassPathMapperScanner      : No MyBatis mapper was found in '[com.zzu.demo.dao]' package. Please check your configuration.
2020-12-10 10:07:23.610 dev  WARN 12752 --- [restartedMain] c.b.m.core.injector.AbstractMethod       : [com.zzu.demo.dao.PersonMapper.selectById] Has been loaded by XML or SqlProvider or Mybatis's Annotation, so ignoring this injection for [class com.baomidou.mybatisplus.core.injector.methods.SelectById]
2020-12-10 13:01:11.496 dev  WARN 12752 --- [restartedMain] o.m.s.mapper.ClassPathMapperScanner      : Skipping MapperFactoryBean with name 'personMapper' and 'com.zzu.demo.dao.PersonMapper' mapperInterface. Bean already defined with the same name!
2020-12-10 13:01:11.496 dev  WARN 12752 --- [restartedMain] o.m.s.mapper.ClassPathMapperScanner      : Skipping MapperFactoryBean with name 'userDao' and 'com.zzu.demo.dao.UserDao' mapperInterface. Bean already defined with the same name!
2020-12-10 13:01:11.497 dev  WARN 12752 --- [restartedMain] o.m.s.mapper.ClassPathMapperScanner      : No MyBatis mapper was found in '[com.zzu.demo.dao]' package. Please check your configuration.
2020-12-10 13:01:15.617 dev  WARN 12752 --- [restartedMain] c.b.m.core.injector.AbstractMethod       : [com.zzu.demo.dao.PersonMapper.selectById] Has been loaded by XML or SqlProvider or Mybatis's Annotation, so ignoring this injection for [class com.baomidou.mybatisplus.core.injector.methods.SelectById]
