2021-03-26 10:17:10.315 dev  WARN 12628 --- [restartedMain] o.m.s.mapper.ClassPathMapperScanner      : Skipping MapperFactoryBean with name 'personMapper' and 'com.zzu.demo.dao.PersonMapper' mapperInterface. Bean already defined with the same name!
2021-03-26 10:17:10.317 dev  WARN 12628 --- [restartedMain] o.m.s.mapper.ClassPathMapperScanner      : Skipping MapperFactoryBean with name 'userDao' and 'com.zzu.demo.dao.UserDao' mapperInterface. Bean already defined with the same name!
2021-03-26 10:17:10.318 dev  WARN 12628 --- [restartedMain] o.m.s.mapper.ClassPathMapperScanner      : No MyBatis mapper was found in '[com.zzu.demo.dao]' package. Please check your configuration.
2021-03-26 10:17:15.116 dev  WARN 12628 --- [restartedMain] ConfigServletWebServerApplicationContext : Exception encountered during context initialization - cancelling refresh attempt: org.springframework.beans.factory.UnsatisfiedDependencyException: Error creating bean with name 'obj' defined in file [E:\demo\target\classes\com\zzu\demo\controller\Obj.class]: Unsatisfied dependency expressed through constructor parameter 0; nested exception is org.springframework.beans.factory.NoSuchBeanDefinitionException: No qualifying bean of type 'java.lang.Integer' available: expected at least 1 bean which qualifies as autowire candidate. Dependency annotations: {}
2021-03-26 10:19:05.008 dev  WARN 2432 --- [restartedMain] o.m.s.mapper.ClassPathMapperScanner      : Skipping MapperFactoryBean with name 'personMapper' and 'com.zzu.demo.dao.PersonMapper' mapperInterface. Bean already defined with the same name!
2021-03-26 10:19:05.009 dev  WARN 2432 --- [restartedMain] o.m.s.mapper.ClassPathMapperScanner      : Skipping MapperFactoryBean with name 'userDao' and 'com.zzu.demo.dao.UserDao' mapperInterface. Bean already defined with the same name!
2021-03-26 10:19:05.009 dev  WARN 2432 --- [restartedMain] o.m.s.mapper.ClassPathMapperScanner      : No MyBatis mapper was found in '[com.zzu.demo.dao]' package. Please check your configuration.
2021-03-26 10:19:09.066 dev  WARN 2432 --- [restartedMain] ConfigServletWebServerApplicationContext : Exception encountered during context initialization - cancelling refresh attempt: org.springframework.beans.factory.UnsatisfiedDependencyException: Error creating bean with name 'obj' defined in file [E:\demo\target\classes\com\zzu\demo\controller\Obj.class]: Unsatisfied dependency expressed through constructor parameter 0; nested exception is org.springframework.beans.factory.NoSuchBeanDefinitionException: No qualifying bean of type 'java.lang.String' available: expected at least 1 bean which qualifies as autowire candidate. Dependency annotations: {}
2021-03-26 10:25:36.997 dev  WARN 27580 --- [restartedMain] o.m.s.mapper.ClassPathMapperScanner      : Skipping MapperFactoryBean with name 'personMapper' and 'com.zzu.demo.dao.PersonMapper' mapperInterface. Bean already defined with the same name!
2021-03-26 10:25:36.998 dev  WARN 27580 --- [restartedMain] o.m.s.mapper.ClassPathMapperScanner      : Skipping MapperFactoryBean with name 'userDao' and 'com.zzu.demo.dao.UserDao' mapperInterface. Bean already defined with the same name!
2021-03-26 10:25:36.998 dev  WARN 27580 --- [restartedMain] o.m.s.mapper.ClassPathMapperScanner      : No MyBatis mapper was found in '[com.zzu.demo.dao]' package. Please check your configuration.
2021-03-26 10:25:41.908 dev  WARN 27580 --- [restartedMain] c.b.m.core.injector.AbstractMethod       : [com.zzu.demo.dao.PersonMapper.selectById] Has been loaded by XML or SqlProvider or Mybatis's Annotation, so ignoring this injection for [class com.baomidou.mybatisplus.core.injector.methods.SelectById]
2021-03-26 10:27:36.607 dev  WARN 28264 --- [restartedMain] o.m.s.mapper.ClassPathMapperScanner      : Skipping MapperFactoryBean with name 'personMapper' and 'com.zzu.demo.dao.PersonMapper' mapperInterface. Bean already defined with the same name!
2021-03-26 10:27:36.607 dev  WARN 28264 --- [restartedMain] o.m.s.mapper.ClassPathMapperScanner      : Skipping MapperFactoryBean with name 'userDao' and 'com.zzu.demo.dao.UserDao' mapperInterface. Bean already defined with the same name!
2021-03-26 10:27:36.608 dev  WARN 28264 --- [restartedMain] o.m.s.mapper.ClassPathMapperScanner      : No MyBatis mapper was found in '[com.zzu.demo.dao]' package. Please check your configuration.
2021-03-26 10:27:41.908 dev  WARN 28264 --- [restartedMain] c.b.m.core.injector.AbstractMethod       : [com.zzu.demo.dao.PersonMapper.selectById] Has been loaded by XML or SqlProvider or Mybatis's Annotation, so ignoring this injection for [class com.baomidou.mybatisplus.core.injector.methods.SelectById]
2021-03-26 10:38:16.376 dev  WARN 26240 --- [restartedMain] o.m.s.mapper.ClassPathMapperScanner      : Skipping MapperFactoryBean with name 'personMapper' and 'com.zzu.demo.dao.PersonMapper' mapperInterface. Bean already defined with the same name!
2021-03-26 10:38:16.376 dev  WARN 26240 --- [restartedMain] o.m.s.mapper.ClassPathMapperScanner      : Skipping MapperFactoryBean with name 'userDao' and 'com.zzu.demo.dao.UserDao' mapperInterface. Bean already defined with the same name!
2021-03-26 10:38:16.377 dev  WARN 26240 --- [restartedMain] o.m.s.mapper.ClassPathMapperScanner      : No MyBatis mapper was found in '[com.zzu.demo.dao]' package. Please check your configuration.
2021-03-26 10:38:21.377 dev  WARN 26240 --- [restartedMain] c.b.m.core.injector.AbstractMethod       : [com.zzu.demo.dao.PersonMapper.selectById] Has been loaded by XML or SqlProvider or Mybatis's Annotation, so ignoring this injection for [class com.baomidou.mybatisplus.core.injector.methods.SelectById]
2021-03-26 13:07:02.139 dev  WARN 26240 --- [restartedMain] o.m.s.mapper.ClassPathMapperScanner      : Skipping MapperFactoryBean with name 'personMapper' and 'com.zzu.demo.dao.PersonMapper' mapperInterface. Bean already defined with the same name!
2021-03-26 13:07:02.140 dev  WARN 26240 --- [restartedMain] o.m.s.mapper.ClassPathMapperScanner      : Skipping MapperFactoryBean with name 'userDao' and 'com.zzu.demo.dao.UserDao' mapperInterface. Bean already defined with the same name!
2021-03-26 13:07:02.140 dev  WARN 26240 --- [restartedMain] o.m.s.mapper.ClassPathMapperScanner      : No MyBatis mapper was found in '[com.zzu.demo.dao]' package. Please check your configuration.
2021-03-26 13:07:05.606 dev  WARN 26240 --- [restartedMain] c.b.m.core.injector.AbstractMethod       : [com.zzu.demo.dao.PersonMapper.selectById] Has been loaded by XML or SqlProvider or Mybatis's Annotation, so ignoring this injection for [class com.baomidou.mybatisplus.core.injector.methods.SelectById]
2021-03-26 14:09:58.803 dev  WARN 26240 --- [restartedMain] o.m.s.mapper.ClassPathMapperScanner      : Skipping MapperFactoryBean with name 'personMapper' and 'com.zzu.demo.dao.PersonMapper' mapperInterface. Bean already defined with the same name!
2021-03-26 14:09:58.803 dev  WARN 26240 --- [restartedMain] o.m.s.mapper.ClassPathMapperScanner      : Skipping MapperFactoryBean with name 'userDao' and 'com.zzu.demo.dao.UserDao' mapperInterface. Bean already defined with the same name!
2021-03-26 14:09:58.803 dev  WARN 26240 --- [restartedMain] o.m.s.mapper.ClassPathMapperScanner      : No MyBatis mapper was found in '[com.zzu.demo.dao]' package. Please check your configuration.
2021-03-26 14:10:03.161 dev  WARN 26240 --- [restartedMain] c.b.m.core.injector.AbstractMethod       : [com.zzu.demo.dao.PersonMapper.selectById] Has been loaded by XML or SqlProvider or Mybatis's Annotation, so ignoring this injection for [class com.baomidou.mybatisplus.core.injector.methods.SelectById]
