2021-03-23 11:19:11.997 dev  WARN 18076 --- [restartedMain] o.m.s.mapper.ClassPathMapperScanner      : Skipping MapperFactoryBean with name 'personMapper' and 'com.zzu.demo.dao.PersonMapper' mapperInterface. Bean already defined with the same name!
2021-03-23 11:19:12.001 dev  WARN 18076 --- [restartedMain] o.m.s.mapper.ClassPathMapperScanner      : Skipping MapperFactoryBean with name 'userDao' and 'com.zzu.demo.dao.UserDao' mapperInterface. Bean already defined with the same name!
2021-03-23 11:19:12.003 dev  WARN 18076 --- [restartedMain] o.m.s.mapper.ClassPathMapperScanner      : No MyBatis mapper was found in '[com.zzu.demo.dao]' package. Please check your configuration.
2021-03-23 11:19:25.350 dev  WARN 18076 --- [restartedMain] c.b.m.core.injector.AbstractMethod       : [com.zzu.demo.dao.PersonMapper.selectById] Has been loaded by XML or SqlProvider or Mybatis's Annotation, so ignoring this injection for [class com.baomidou.mybatisplus.core.injector.methods.SelectById]
2021-03-23 11:20:01.227 dev  WARN 18076 --- [http-nio-8989-exec-2] .m.m.a.ExceptionHandlerExceptionResolver : Resolved [org.springframework.validation.BindException: org.springframework.validation.BeanPropertyBindingResult: 2 errors
Field error in object 'dogDTO' on field 'name': rejected value [null]; codes [NotNull.dogDTO.name,NotNull.name,NotNull.java.lang.String,NotNull]; arguments [org.springframework.context.support.DefaultMessageSourceResolvable: codes [dogDTO.name,name]; arguments []; default message [name]]; default message [姓名不能为空]
Field error in object 'dogDTO' on field 'des': rejected value [null]; codes [NotEmpty.dogDTO.des,NotEmpty.des,NotEmpty.java.lang.String,NotEmpty]; arguments [org.springframework.context.support.DefaultMessageSourceResolvable: codes [dogDTO.des,des]; arguments []; default message [des]]; default message [描述不能为空白]]
2021-03-23 11:22:23.857 dev  WARN 18076 --- [http-nio-8989-exec-4] .m.m.a.ExceptionHandlerExceptionResolver : Resolved [org.springframework.validation.BindException: org.springframework.validation.BeanPropertyBindingResult: 2 errors
Field error in object 'dogDTO' on field 'name': rejected value [null]; codes [NotNull.dogDTO.name,NotNull.name,NotNull.java.lang.String,NotNull]; arguments [org.springframework.context.support.DefaultMessageSourceResolvable: codes [dogDTO.name,name]; arguments []; default message [name]]; default message [姓名不能为空]
Field error in object 'dogDTO' on field 'des': rejected value [null]; codes [NotEmpty.dogDTO.des,NotEmpty.des,NotEmpty.java.lang.String,NotEmpty]; arguments [org.springframework.context.support.DefaultMessageSourceResolvable: codes [dogDTO.des,des]; arguments []; default message [des]]; default message [描述不能为空白]]
2021-03-23 11:23:00.693 dev  WARN 27608 --- [restartedMain] o.m.s.mapper.ClassPathMapperScanner      : Skipping MapperFactoryBean with name 'personMapper' and 'com.zzu.demo.dao.PersonMapper' mapperInterface. Bean already defined with the same name!
2021-03-23 11:23:00.694 dev  WARN 27608 --- [restartedMain] o.m.s.mapper.ClassPathMapperScanner      : Skipping MapperFactoryBean with name 'userDao' and 'com.zzu.demo.dao.UserDao' mapperInterface. Bean already defined with the same name!
2021-03-23 11:23:00.695 dev  WARN 27608 --- [restartedMain] o.m.s.mapper.ClassPathMapperScanner      : No MyBatis mapper was found in '[com.zzu.demo.dao]' package. Please check your configuration.
2021-03-23 11:23:06.578 dev  WARN 27608 --- [restartedMain] c.b.m.core.injector.AbstractMethod       : [com.zzu.demo.dao.PersonMapper.selectById] Has been loaded by XML or SqlProvider or Mybatis's Annotation, so ignoring this injection for [class com.baomidou.mybatisplus.core.injector.methods.SelectById]
2021-03-23 11:25:58.086 dev  WARN 29460 --- [restartedMain] o.m.s.mapper.ClassPathMapperScanner      : Skipping MapperFactoryBean with name 'personMapper' and 'com.zzu.demo.dao.PersonMapper' mapperInterface. Bean already defined with the same name!
2021-03-23 11:25:58.086 dev  WARN 29460 --- [restartedMain] o.m.s.mapper.ClassPathMapperScanner      : Skipping MapperFactoryBean with name 'userDao' and 'com.zzu.demo.dao.UserDao' mapperInterface. Bean already defined with the same name!
2021-03-23 11:25:58.087 dev  WARN 29460 --- [restartedMain] o.m.s.mapper.ClassPathMapperScanner      : No MyBatis mapper was found in '[com.zzu.demo.dao]' package. Please check your configuration.
2021-03-23 11:26:04.430 dev  WARN 29460 --- [restartedMain] c.b.m.core.injector.AbstractMethod       : [com.zzu.demo.dao.PersonMapper.selectById] Has been loaded by XML or SqlProvider or Mybatis's Annotation, so ignoring this injection for [class com.baomidou.mybatisplus.core.injector.methods.SelectById]
2021-03-23 11:27:09.934 dev  WARN 28024 --- [restartedMain] o.m.s.mapper.ClassPathMapperScanner      : Skipping MapperFactoryBean with name 'personMapper' and 'com.zzu.demo.dao.PersonMapper' mapperInterface. Bean already defined with the same name!
2021-03-23 11:27:09.935 dev  WARN 28024 --- [restartedMain] o.m.s.mapper.ClassPathMapperScanner      : Skipping MapperFactoryBean with name 'userDao' and 'com.zzu.demo.dao.UserDao' mapperInterface. Bean already defined with the same name!
2021-03-23 11:27:09.935 dev  WARN 28024 --- [restartedMain] o.m.s.mapper.ClassPathMapperScanner      : No MyBatis mapper was found in '[com.zzu.demo.dao]' package. Please check your configuration.
2021-03-23 11:27:15.939 dev  WARN 28024 --- [restartedMain] c.b.m.core.injector.AbstractMethod       : [com.zzu.demo.dao.PersonMapper.selectById] Has been loaded by XML or SqlProvider or Mybatis's Annotation, so ignoring this injection for [class com.baomidou.mybatisplus.core.injector.methods.SelectById]
2021-03-23 11:29:07.536 dev  WARN 7400 --- [restartedMain] o.m.s.mapper.ClassPathMapperScanner      : Skipping MapperFactoryBean with name 'personMapper' and 'com.zzu.demo.dao.PersonMapper' mapperInterface. Bean already defined with the same name!
2021-03-23 11:29:07.538 dev  WARN 7400 --- [restartedMain] o.m.s.mapper.ClassPathMapperScanner      : Skipping MapperFactoryBean with name 'userDao' and 'com.zzu.demo.dao.UserDao' mapperInterface. Bean already defined with the same name!
2021-03-23 11:29:07.540 dev  WARN 7400 --- [restartedMain] o.m.s.mapper.ClassPathMapperScanner      : No MyBatis mapper was found in '[com.zzu.demo.dao]' package. Please check your configuration.
2021-03-23 11:29:13.108 dev  WARN 7400 --- [restartedMain] c.b.m.core.injector.AbstractMethod       : [com.zzu.demo.dao.PersonMapper.selectById] Has been loaded by XML or SqlProvider or Mybatis's Annotation, so ignoring this injection for [class com.baomidou.mybatisplus.core.injector.methods.SelectById]
2021-03-23 12:59:09.978 dev  WARN 31772 --- [restartedMain] o.m.s.mapper.ClassPathMapperScanner      : Skipping MapperFactoryBean with name 'personMapper' and 'com.zzu.demo.dao.PersonMapper' mapperInterface. Bean already defined with the same name!
2021-03-23 12:59:09.979 dev  WARN 31772 --- [restartedMain] o.m.s.mapper.ClassPathMapperScanner      : Skipping MapperFactoryBean with name 'userDao' and 'com.zzu.demo.dao.UserDao' mapperInterface. Bean already defined with the same name!
2021-03-23 12:59:09.980 dev  WARN 31772 --- [restartedMain] o.m.s.mapper.ClassPathMapperScanner      : No MyBatis mapper was found in '[com.zzu.demo.dao]' package. Please check your configuration.
2021-03-23 12:59:16.421 dev  WARN 31772 --- [restartedMain] c.b.m.core.injector.AbstractMethod       : [com.zzu.demo.dao.PersonMapper.selectById] Has been loaded by XML or SqlProvider or Mybatis's Annotation, so ignoring this injection for [class com.baomidou.mybatisplus.core.injector.methods.SelectById]
2021-03-23 13:00:42.227 dev  WARN 30208 --- [restartedMain] o.m.s.mapper.ClassPathMapperScanner      : Skipping MapperFactoryBean with name 'personMapper' and 'com.zzu.demo.dao.PersonMapper' mapperInterface. Bean already defined with the same name!
2021-03-23 13:00:42.228 dev  WARN 30208 --- [restartedMain] o.m.s.mapper.ClassPathMapperScanner      : Skipping MapperFactoryBean with name 'userDao' and 'com.zzu.demo.dao.UserDao' mapperInterface. Bean already defined with the same name!
2021-03-23 13:00:42.229 dev  WARN 30208 --- [restartedMain] o.m.s.mapper.ClassPathMapperScanner      : No MyBatis mapper was found in '[com.zzu.demo.dao]' package. Please check your configuration.
2021-03-23 13:00:47.880 dev  WARN 30208 --- [restartedMain] c.b.m.core.injector.AbstractMethod       : [com.zzu.demo.dao.PersonMapper.selectById] Has been loaded by XML or SqlProvider or Mybatis's Annotation, so ignoring this injection for [class com.baomidou.mybatisplus.core.injector.methods.SelectById]
2021-03-23 13:02:10.257 dev  WARN 30208 --- [http-nio-8989-exec-3] .m.m.a.ExceptionHandlerExceptionResolver : Resolved [org.springframework.web.bind.MethodArgumentNotValidException: Validation failed for argument [0] in public java.lang.String com.zzu.demo.controller.UserController.test(com.zzu.demo.controller.DogDTO): [Field error in object 'dogDTO' on field 'name': rejected value [null]; codes [NotNull.dogDTO.name,NotNull.name,NotNull.java.lang.String,NotNull]; arguments [org.springframework.context.support.DefaultMessageSourceResolvable: codes [dogDTO.name,name]; arguments []; default message [name]]; default message [姓名不能为空]] ]
2021-03-23 13:05:07.562 dev  WARN 30208 --- [http-nio-8989-exec-6] .m.m.a.ExceptionHandlerExceptionResolver : Resolved [org.springframework.web.bind.MethodArgumentNotValidException: Validation failed for argument [0] in public java.lang.String com.zzu.demo.controller.UserController.test(com.zzu.demo.controller.DogDTO): [Field error in object 'dogDTO' on field 'des': rejected value [null]; codes [NotEmpty.dogDTO.des,NotEmpty.des,NotEmpty.java.lang.String,NotEmpty]; arguments [org.springframework.context.support.DefaultMessageSourceResolvable: codes [dogDTO.des,des]; arguments []; default message [des]]; default message [描述不能为空白]] ]
2021-03-23 13:08:17.443 dev  WARN 18736 --- [restartedMain] o.m.s.mapper.ClassPathMapperScanner      : Skipping MapperFactoryBean with name 'personMapper' and 'com.zzu.demo.dao.PersonMapper' mapperInterface. Bean already defined with the same name!
2021-03-23 13:08:17.444 dev  WARN 18736 --- [restartedMain] o.m.s.mapper.ClassPathMapperScanner      : Skipping MapperFactoryBean with name 'userDao' and 'com.zzu.demo.dao.UserDao' mapperInterface. Bean already defined with the same name!
2021-03-23 13:08:17.445 dev  WARN 18736 --- [restartedMain] o.m.s.mapper.ClassPathMapperScanner      : No MyBatis mapper was found in '[com.zzu.demo.dao]' package. Please check your configuration.
2021-03-23 13:08:23.226 dev  WARN 18736 --- [restartedMain] c.b.m.core.injector.AbstractMethod       : [com.zzu.demo.dao.PersonMapper.selectById] Has been loaded by XML or SqlProvider or Mybatis's Annotation, so ignoring this injection for [class com.baomidou.mybatisplus.core.injector.methods.SelectById]
2021-03-23 13:09:34.481 dev  WARN 18736 --- [http-nio-8989-exec-5] .m.m.a.ExceptionHandlerExceptionResolver : Resolved [org.springframework.web.bind.MethodArgumentNotValidException: Validation failed for argument [0] in public java.lang.String com.zzu.demo.controller.UserController.test(com.zzu.demo.controller.DogDTO): [Field error in object 'dogDTO' on field 'email': rejected value [111]; codes [Email.dogDTO.email,Email.email,Email.java.lang.String,Email]; arguments [org.springframework.context.support.DefaultMessageSourceResolvable: codes [dogDTO.email,email]; arguments []; default message [email],[Ljavax.validation.constraints.Pattern$Flag;@2d133c80,org.springframework.validation.beanvalidation.SpringValidatorAdapter$ResolvableAttribute@7d122dac]; default message [必须为邮箱格式]] ]
2021-03-23 16:10:05.757 dev  WARN 18736 --- [restartedMain] o.m.s.mapper.ClassPathMapperScanner      : Skipping MapperFactoryBean with name 'personMapper' and 'com.zzu.demo.dao.PersonMapper' mapperInterface. Bean already defined with the same name!
2021-03-23 16:10:05.758 dev  WARN 18736 --- [restartedMain] o.m.s.mapper.ClassPathMapperScanner      : Skipping MapperFactoryBean with name 'userDao' and 'com.zzu.demo.dao.UserDao' mapperInterface. Bean already defined with the same name!
2021-03-23 16:10:05.758 dev  WARN 18736 --- [restartedMain] o.m.s.mapper.ClassPathMapperScanner      : No MyBatis mapper was found in '[com.zzu.demo.dao]' package. Please check your configuration.
2021-03-23 16:10:09.506 dev  WARN 18736 --- [restartedMain] c.b.m.core.injector.AbstractMethod       : [com.zzu.demo.dao.PersonMapper.selectById] Has been loaded by XML or SqlProvider or Mybatis's Annotation, so ignoring this injection for [class com.baomidou.mybatisplus.core.injector.methods.SelectById]
2021-03-23 16:10:30.016 dev  WARN 18736 --- [restartedMain] o.m.s.mapper.ClassPathMapperScanner      : Skipping MapperFactoryBean with name 'personMapper' and 'com.zzu.demo.dao.PersonMapper' mapperInterface. Bean already defined with the same name!
2021-03-23 16:10:30.016 dev  WARN 18736 --- [restartedMain] o.m.s.mapper.ClassPathMapperScanner      : Skipping MapperFactoryBean with name 'userDao' and 'com.zzu.demo.dao.UserDao' mapperInterface. Bean already defined with the same name!
2021-03-23 16:10:30.017 dev  WARN 18736 --- [restartedMain] o.m.s.mapper.ClassPathMapperScanner      : No MyBatis mapper was found in '[com.zzu.demo.dao]' package. Please check your configuration.
2021-03-23 16:10:33.532 dev  WARN 18736 --- [restartedMain] c.b.m.core.injector.AbstractMethod       : [com.zzu.demo.dao.PersonMapper.selectById] Has been loaded by XML or SqlProvider or Mybatis's Annotation, so ignoring this injection for [class com.baomidou.mybatisplus.core.injector.methods.SelectById]
2021-03-23 16:22:36.553 dev  WARN 18736 --- [restartedMain] o.m.s.mapper.ClassPathMapperScanner      : Skipping MapperFactoryBean with name 'personMapper' and 'com.zzu.demo.dao.PersonMapper' mapperInterface. Bean already defined with the same name!
2021-03-23 16:22:36.554 dev  WARN 18736 --- [restartedMain] o.m.s.mapper.ClassPathMapperScanner      : Skipping MapperFactoryBean with name 'userDao' and 'com.zzu.demo.dao.UserDao' mapperInterface. Bean already defined with the same name!
2021-03-23 16:22:36.554 dev  WARN 18736 --- [restartedMain] o.m.s.mapper.ClassPathMapperScanner      : No MyBatis mapper was found in '[com.zzu.demo.dao]' package. Please check your configuration.
2021-03-23 16:22:40.092 dev  WARN 18736 --- [restartedMain] c.b.m.core.injector.AbstractMethod       : [com.zzu.demo.dao.PersonMapper.selectById] Has been loaded by XML or SqlProvider or Mybatis's Annotation, so ignoring this injection for [class com.baomidou.mybatisplus.core.injector.methods.SelectById]
2021-03-23 16:47:31.838 dev  WARN 18736 --- [restartedMain] o.m.s.mapper.ClassPathMapperScanner      : Skipping MapperFactoryBean with name 'personMapper' and 'com.zzu.demo.dao.PersonMapper' mapperInterface. Bean already defined with the same name!
2021-03-23 16:47:31.838 dev  WARN 18736 --- [restartedMain] o.m.s.mapper.ClassPathMapperScanner      : Skipping MapperFactoryBean with name 'userDao' and 'com.zzu.demo.dao.UserDao' mapperInterface. Bean already defined with the same name!
2021-03-23 16:47:31.839 dev  WARN 18736 --- [restartedMain] o.m.s.mapper.ClassPathMapperScanner      : No MyBatis mapper was found in '[com.zzu.demo.dao]' package. Please check your configuration.
2021-03-23 16:47:35.481 dev  WARN 18736 --- [restartedMain] c.b.m.core.injector.AbstractMethod       : [com.zzu.demo.dao.PersonMapper.selectById] Has been loaded by XML or SqlProvider or Mybatis's Annotation, so ignoring this injection for [class com.baomidou.mybatisplus.core.injector.methods.SelectById]
