2021-03-26 10:17:15.658 dev ERROR 12628 --- [restartedMain] o.s.b.d.LoggingFailureAnalysisReporter   : 

***************************
APPLICATION FAILED TO START
***************************

Description:

Parameter 0 of constructor in com.zzu.demo.controller.Obj required a bean of type 'java.lang.Integer' that could not be found.


Action:

Consider defining a bean of type 'java.lang.Integer' in your configuration.

2021-03-26 10:19:09.526 dev ERROR 2432 --- [restartedMain] o.s.b.d.LoggingFailureAnalysisReporter   : 

***************************
APPLICATION FAILED TO START
***************************

Description:

Parameter 0 of constructor in com.zzu.demo.controller.Obj required a bean of type 'java.lang.String' that could not be found.


Action:

Consider defining a bean of type 'java.lang.String' in your configuration.

2021-03-26 10:26:55.233 dev ERROR 27580 --- [http-nio-8989-exec-1] com.zzu.demo.controller.UserController   : com.zzu.demo.dao.vo.Obj@6f1211d2
2021-03-26 10:27:54.535 dev ERROR 28264 --- [http-nio-8989-exec-1] com.zzu.demo.controller.UserController   : Obj(port=8989)
2021-03-26 10:35:35.332 dev ERROR 28264 --- [restartedMain] o.s.boot.SpringApplication               : Application run failed

java.lang.IllegalArgumentException: No ConfigurationProperties annotation found on  'com.zzu.demo.controller.Test1'.
	at org.springframework.util.Assert.notNull(Assert.java:215)
	at org.springframework.boot.context.properties.EnableConfigurationPropertiesImportSelector$ConfigurationPropertiesBeanRegistrar.assertHasAnnotation(EnableConfigurationPropertiesImportSelector.java:114)
	at org.springframework.boot.context.properties.EnableConfigurationPropertiesImportSelector$ConfigurationPropertiesBeanRegistrar.registerBeanDefinition(EnableConfigurationPropertiesImportSelector.java:107)
	at org.springframework.boot.context.properties.EnableConfigurationPropertiesImportSelector$ConfigurationPropertiesBeanRegistrar.register(EnableConfigurationPropertiesImportSelector.java:85)
	at org.springframework.boot.context.properties.EnableConfigurationPropertiesImportSelector$ConfigurationPropertiesBeanRegistrar.lambda$registerBeanDefinitions$0(EnableConfigurationPropertiesImportSelector.java:67)
	at java.util.ArrayList.forEach(ArrayList.java:1249)
	at org.springframework.boot.context.properties.EnableConfigurationPropertiesImportSelector$ConfigurationPropertiesBeanRegistrar.registerBeanDefinitions(EnableConfigurationPropertiesImportSelector.java:67)
	at org.springframework.context.annotation.ConfigurationClassBeanDefinitionReader.lambda$loadBeanDefinitionsFromRegistrars$1(ConfigurationClassBeanDefinitionReader.java:364)
	at java.util.LinkedHashMap.forEach(LinkedHashMap.java:684)
	at org.springframework.context.annotation.ConfigurationClassBeanDefinitionReader.loadBeanDefinitionsFromRegistrars(ConfigurationClassBeanDefinitionReader.java:363)
	at org.springframework.context.annotation.ConfigurationClassBeanDefinitionReader.loadBeanDefinitionsForConfigurationClass(ConfigurationClassBeanDefinitionReader.java:145)
	at org.springframework.context.annotation.ConfigurationClassBeanDefinitionReader.loadBeanDefinitions(ConfigurationClassBeanDefinitionReader.java:117)
	at org.springframework.context.annotation.ConfigurationClassPostProcessor.processConfigBeanDefinitions(ConfigurationClassPostProcessor.java:327)
	at org.springframework.context.annotation.ConfigurationClassPostProcessor.postProcessBeanDefinitionRegistry(ConfigurationClassPostProcessor.java:232)
	at org.springframework.context.support.PostProcessorRegistrationDelegate.invokeBeanDefinitionRegistryPostProcessors(PostProcessorRegistrationDelegate.java:275)
	at org.springframework.context.support.PostProcessorRegistrationDelegate.invokeBeanFactoryPostProcessors(PostProcessorRegistrationDelegate.java:95)
	at org.springframework.context.support.AbstractApplicationContext.invokeBeanFactoryPostProcessors(AbstractApplicationContext.java:705)
	at org.springframework.context.support.AbstractApplicationContext.refresh(AbstractApplicationContext.java:531)
	at org.springframework.boot.web.servlet.context.ServletWebServerApplicationContext.refresh(ServletWebServerApplicationContext.java:140)
	at org.springframework.boot.SpringApplication.refresh(SpringApplication.java:742)
	at org.springframework.boot.SpringApplication.refreshContext(SpringApplication.java:389)
	at org.springframework.boot.SpringApplication.run(SpringApplication.java:311)
	at org.springframework.boot.SpringApplication.run(SpringApplication.java:1213)
	at org.springframework.boot.SpringApplication.run(SpringApplication.java:1202)
	at com.zzu.demo.DemoApplication.main(DemoApplication.java:23)
	at sun.reflect.NativeMethodAccessorImpl.invoke0(Native Method)
	at sun.reflect.NativeMethodAccessorImpl.invoke(NativeMethodAccessorImpl.java:62)
	at sun.reflect.DelegatingMethodAccessorImpl.invoke(DelegatingMethodAccessorImpl.java:43)
	at java.lang.reflect.Method.invoke(Method.java:498)
	at org.springframework.boot.devtools.restart.RestartLauncher.run(RestartLauncher.java:49)

2021-03-26 10:38:35.458 dev ERROR 26240 --- [http-nio-8989-exec-2] com.zzu.demo.controller.UserController   : Obj(config=classpath:logback-spring.xml)
2021-03-26 10:38:35.459 dev ERROR 26240 --- [http-nio-8989-exec-2] com.zzu.demo.controller.UserController   : Test1(port=8989)
